1
                 Chemistry at HARvard Macromolecular Mechanics
           (CHARMM) - Developmental Version 41a2   February 15, 2016            
       Copyright(c) 1984-2014  President and Fellows of Harvard College
                              All Rights Reserved
     Current operating system: Linux-3.10.0-327.28.3.el7.x86_64(x86_64)@cgp     
                 Created on 10/17/16 at  0:25:00 by user: apache      

            Maximum number of ATOMS:    360720, and RESidues:      120240
 RDTITL> * GENERATED BY CHARMM-GUI (HTTP://WWW.CHARMM-GUI.ORG) V1.8 ON OCT, 16. 2016.
 RDTITL> * SETUP PERIODIC BOUNDARY CONDITION
 RDTITL> *
  
 CHARMM>     
  
 CHARMM>    DIMENS CHSIZE 3000000 MAXRES 3000000
Size      Original         New
MAXA        360720     3000000
MAXB        360720     3000000
MAXT        721440     6000000
MAXP       1082160     9000000
MAXIMP      180360     1500000
MAXNB        90180      750000
MAXPAD      360720     3000000
MAXRES      120240     3000000
MAXSEG       45090      375000
MAXATC        1400
MAXCB         3000
MAXCT        50000
MAXCP        20000
MAXCI         1200
MAXCH         6400
MAXCN       502503
MAXCRT      120240     1000000
  
 CHARMM>     
  
 CHARMM>    ! Read topology and parameter files
 CHARMM>    stream toppar.str
 VOPEN> Attempting to open::toppar.str::
 OPNLGU> Unit 99 opened for READONLY access to /home/charmm-gui/data/www/1476677563/toppar.str

                    INPUT STREAM SWITCHING TO UNIT    99
 RDTITL> * GENERATED BY CHARMM-GUI (HTTP://WWW.CHARMM-GUI.ORG) V1.8 ON OCT, 16. 2016.
 RDTITL> * STREAM FILE FOR TOPOLOGY AND PARAMETER READING
 RDTITL> *
 Parameter: IN1 <- "" <empty>
  
 CHARMM>     
  
 CHARMM>    ! protein topology and parameter
 CHARMM>    open read card unit 10 name toppar/top_all36_prot.rtf
 VOPEN> Attempting to open::toppar/top_all36_prot.rtf::
 OPNLGU> Unit 10 opened for READONLY access to /home/charmm-gui/data/www/1476677563/toppar/top_all36_prot.rtf
  
 CHARMM>    read  rtf card unit 10
 MAINIO> Residue topology file being read from unit  10.
 TITLE> *>>>>>>>>CHARMM36 ALL-HYDROGEN TOPOLOGY FILE FOR PROTEINS <<<<<<
 TITLE> *>>>>> INCLUDES PHI, PSI CROSS TERM MAP (CMAP) CORRECTION <<<<<<<
 TITLE> *>>>>>>>>>>>>>>>>>>>>>>>>>> MAY 2011 <<<<<<<<<<<<<<<<<<<<<<<<<<<<
 TITLE> * ALL COMMENTS TO THE CHARMM WEB SITE: WWW.CHARMM.ORG
 TITLE> *             PARAMETER SET DISCUSSION FORUM
 TITLE> *
  
 CHARMM>     
  
 CHARMM>    open read card unit 20 name toppar/par_all36_prot.prm
 VOPEN> Attempting to open::toppar/par_all36_prot.prm::
 OPNLGU> Unit 20 opened for READONLY access to /home/charmm-gui/data/www/1476677563/toppar/par_all36_prot.prm
  
 CHARMM>    read para card unit 20 flex

          PARAMETER FILE BEING READ FROM UNIT 20
 TITLE> *>>>> CHARMM36 ALL-HYDROGEN PARAMETER FILE FOR PROTEINS <<<<<<<<<<
 TITLE> *>>>>> INCLUDES PHI, PSI CROSS TERM MAP (CMAP) CORRECTION <<<<<<<<
 TITLE> *>>>>>>>>>>>>>>>>>>>>>>>>>> FEB. 2012 <<<<<<<<<<<<<<<<<<<<<<<<<<<<
 TITLE> * ALL COMMENTS TO THE CHARMM WEB SITE: WWW.CHARMM.ORG
 TITLE> *             PARAMETER SET DISCUSSION FORUM
 TITLE> *
 PARMIO> NONBOND, HBOND lists and IMAGE atoms cleared.
  
 CHARMM>     
  
 CHARMM>    ! nucleic acids
 CHARMM>    open read card unit 10 name toppar/top_all36_na.rtf
 OPNLGU> Unit already open. The old file will be closed first.
 VCLOSE: Closing unit   10 with status "KEEP"
 VOPEN> Attempting to open::toppar/top_all36_na.rtf::
 OPNLGU> Unit 10 opened for READONLY access to /home/charmm-gui/data/www/1476677563/toppar/top_all36_na.rtf
  
 CHARMM>    read  rtf card unit 10 append
 MAINIO> Residue topology file being read from unit  10.
 TITLE> *  \\\\ CHARMM36 ALL-HYDROGEN NUCLEIC ACID TOPOLOGY FILE ////
 TITLE> *   ALEXANDER D. MACKERELL JR. AND COWORKERS
 TITLE> *                      APRIL 2011
 TITLE> * ALL COMMENTS TO THE CHARMM WEB SITE: WWW.CHARMM.ORG
 TITLE> *           PARAMETER SET DISCUSSION FORUM
 TITLE> *
  
 CHARMM>     
  
 CHARMM>    open read card unit 20 name toppar/par_all36_na.prm
 OPNLGU> Unit already open. The old file will be closed first.
 VCLOSE: Closing unit   20 with status "KEEP"
 VOPEN> Attempting to open::toppar/par_all36_na.prm::
 OPNLGU> Unit 20 opened for READONLY access to /home/charmm-gui/data/www/1476677563/toppar/par_all36_na.prm
  
 CHARMM>    read para card unit 20 append flex

          PARAMETER FILE BEING READ FROM UNIT 20
 TITLE> * \\\\ CHARMM36 ALL-HYDROGEN NUCLEIC ACID PARAMETER FILE ////
 TITLE> *         ALEXANDER D. MACKERELL JR. AND COWORKERS
 TITLE> *                        APRIL 2011
 TITLE> * ALL COMMENTS TO THE CHARMM WEB SITE: WWW.CHARMM.ORG PARAMETER
 TITLE> *                     SET DISCUSSION FORUM
 TITLE> *
 PARMIO> NONBOND, HBOND lists and IMAGE atoms cleared.
  
 CHARMM>     
  
 CHARMM>    ! carbohydrates
 CHARMM>    open read card unit 10 name toppar/top_all36_carb.rtf
 OPNLGU> Unit already open. The old file will be closed first.
 VCLOSE: Closing unit   10 with status "KEEP"
 VOPEN> Attempting to open::toppar/top_all36_carb.rtf::
 OPNLGU> Unit 10 opened for READONLY access to /home/charmm-gui/data/www/1476677563/toppar/top_all36_carb.rtf
  
 CHARMM>    read  rtf card unit 10 append
 MAINIO> Residue topology file being read from unit  10.
 TITLE> * $ID: TOP_ALLXX_SUGAR.INP,V 1.106 2014/08/19 19:07:43 ALEX EXP $
 TITLE> *>>>>>>>>>>>> ALL-HYDROGEN TOPOLOGIES USED IN THE <<<<<<<<<<<<<<<<
 TITLE> *>>>>> DEVELOPMENT OF THE CHARMM CARBOHYDRATE  FORCE FIELD<<<<<<<<
 TITLE> *>>>>>>>>>>>>>>>>>>>>>>>>> JUNE 2009 <<<<<<<<<<<<<<<<<<<<<<<<<<<<<
 TITLE> *>>>>>>>> DIRECT COMMENTS TO ALEXANDER D. MACKERELL JR. <<<<<<<<<<
 TITLE> *>>>>>>>>>> VIA THE CHARMM WEB SITE: WWW.CHARMM.ORG <<<<<<<<<<<<<<
 TITLE> *>>>>>>>>>>>>>>> PARAMETER SET DISCUSSION FORUM <<<<<<<<<<<<<<<<<<
 TITLE> *
  
 CHARMM>     
  
 CHARMM>    open read card unit 20 name toppar/par_all36_carb.prm
 OPNLGU> Unit already open. The old file will be closed first.
 VCLOSE: Closing unit   20 with status "KEEP"
 VOPEN> Attempting to open::toppar/par_all36_carb.prm::
 OPNLGU> Unit 20 opened for READONLY access to /home/charmm-gui/data/www/1476677563/toppar/par_all36_carb.prm
  
 CHARMM>    read para card unit 20 append flex

          PARAMETER FILE BEING READ FROM UNIT 20
 TITLE> * $ID: PAR_ALLXX_SUGAR.INP,V 1.132 2014/08/19 19:03:21 ALEX EXP $
 TITLE> *>>>>>>>>>>>> ALL-HYDROGEN PARAMETERS USED IN THE <<<<<<<<<<<<<<<<
 TITLE> *>>>>> DEVELOPMENT OF THE CHARMM CARBOHYDRATE  FORCE FIELD<<<<<<<<
 TITLE> *>>>>>>>>>>>>>>>>>>>>>>>>> JUNE 2009 <<<<<<<<<<<<<<<<<<<<<<<<<<<<<
 TITLE> *>>>>>>>> DIRECT COMMENTS TO ALEXANDER D. MACKERELL JR. <<<<<<<<<<
 TITLE> *>>>>>>>>>> VIA THE CHARMM WEB SITE: WWW.CHARMM.ORG <<<<<<<<<<<<<<
 TITLE> *>>>>>>>>>>>>>>> PARAMETER SET DISCUSSION FORUM <<<<<<<<<<<<<<<<<<
 TITLE> *
 PARRDR> WARNING: ATOMS IN DIHEDRAL C312 CC31 CC31 OC31    0.20000    3   0.00000 DONT EXIST
 PARMIO> NONBOND, HBOND lists and IMAGE atoms cleared.
  
 CHARMM>     
  
 CHARMM>    ! lipids
 CHARMM>    open read card unit 10 name toppar/top_all36_lipid.rtf
 OPNLGU> Unit already open. The old file will be closed first.
 VCLOSE: Closing unit   10 with status "KEEP"
 VOPEN> Attempting to open::toppar/top_all36_lipid.rtf::
 OPNLGU> Unit 10 opened for READONLY access to /home/charmm-gui/data/www/1476677563/toppar/top_all36_lipid.rtf
  
 CHARMM>    read  rtf card unit 10 append
 MAINIO> Residue topology file being read from unit  10.
 TITLE> *  \\\\\\\ CHARMM36 ALL-HYDROGEN LIPID TOPOLOGY FILE ///////
 TITLE> *  ALL COMMENTS AND QUESTIONS SHOULD BE SUBMITTED TO THE
 TITLE> *  PARAMETER FORUM AT THE CHARMM WEBSITE: WWW.CHARMM.ORG
 TITLE> *
  
 CHARMM>     
  
 CHARMM>    open read card unit 20 name toppar/par_all36_lipid.prm
 OPNLGU> Unit already open. The old file will be closed first.
 VCLOSE: Closing unit   20 with status "KEEP"
 VOPEN> Attempting to open::toppar/par_all36_lipid.prm::
 OPNLGU> Unit 20 opened for READONLY access to /home/charmm-gui/data/www/1476677563/toppar/par_all36_lipid.prm
  
 CHARMM>    read para card unit 20 append flex

          PARAMETER FILE BEING READ FROM UNIT 20
 TITLE> *  \\\\\\\ CHARMM36 ALL-HYDROGEN LIPID PARAMETER FILE ///////
 TITLE> *  ALL COMMENTS AND QUESTIONS SHOULD BE SUBMITTED TO THE
 TITLE> *  PARAMETER FORUM AT THE CHARMM WEBSITE: WWW.CHARMM.ORG
 TITLE> *
 PARMIO> NONBOND, HBOND lists and IMAGE atoms cleared.
  
 CHARMM>     
  
 CHARMM>    ! CGENFF
 CHARMM>    open read card unit 10 name toppar/top_all36_cgenff.rtf
 OPNLGU> Unit already open. The old file will be closed first.
 VCLOSE: Closing unit   10 with status "KEEP"
 VOPEN> Attempting to open::toppar/top_all36_cgenff.rtf::
 OPNLGU> Unit 10 opened for READONLY access to /home/charmm-gui/data/www/1476677563/toppar/top_all36_cgenff.rtf
  
 CHARMM>    read  rtf card unit 10 append
 MAINIO> Residue topology file being read from unit  10.
 TITLE> *  --------------------------------------------------------------------------  *
 TITLE> *          CGENFF: TOPOLOGY FOR THE CHARMM GENERAL FORCE FIELD V. 3.1          *
 TITLE> *                    FOR SMALL MOLECULE DRUG DESIGN                            *
 TITLE> *  --------------------------------------------------------------------------  *
 TITLE> *
  
 CHARMM>     
  
 CHARMM>    open read card unit 20 name toppar/par_all36_cgenff.prm
 OPNLGU> Unit already open. The old file will be closed first.
 VCLOSE: Closing unit   20 with status "KEEP"
 VOPEN> Attempting to open::toppar/par_all36_cgenff.prm::
 OPNLGU> Unit 20 opened for READONLY access to /home/charmm-gui/data/www/1476677563/toppar/par_all36_cgenff.prm
  
 CHARMM>    read para card unit 20 append flex

          PARAMETER FILE BEING READ FROM UNIT 20
 TITLE> *  --------------------------------------------------------------------------  *
 TITLE> *         CGENFF: PARAMETERS FOR THE CHARMM GENERAL FORCE FIELD V. 3.1         *
 TITLE> *                    FOR SMALL MOLECULE DRUG DESIGN                            *
 TITLE> *  --------------------------------------------------------------------------  *
 TITLE> *
 PARMIO> NONBOND, HBOND lists and IMAGE atoms cleared.
  
 CHARMM>     
  
 CHARMM>    ! Engineered residues
 CHARMM>    stream toppar/toppar_all36_prot_retinol.str
 VOPEN> Attempting to open::toppar/toppar_all36_prot_retinol.str::
 OPNLGU> Unit 98 opened for READONLY access to /home/charmm-gui/data/www/1476677563/toppar/toppar_all36_prot_retinol.str

                    INPUT STREAM SWITCHING TO UNIT    98
 RDTITL> * TOPPAR STREAM FILE FOR RETINOL AND RETINAL PARAMETERS
 RDTITL> * A. LOCCISANO, A.M.W., J. EVANSECK AND A.D. MACKERELL, JR.
 RDTITL> * APRIL, 2005
 RDTITL> *
 Parameter: IN1 <- "" <empty>
  
 CHARMM>     
  
 CHARMM>    !use with c36 protein force fields
 CHARMM>    !top_all36_prot.rtf
 CHARMM>    !par_all36_prot.prm
 CHARMM>     
  
 CHARMM>    read rtf card append
 MAINIO> Residue topology file being read from unit  98.
 RDTITL> * RETINAL/RETINOL AND RELATED MODEL COMPOUNDS
 RDTITL> *
*** WARNING **** residue BTE2 already exists (old one deleted)
          RESI BTE2       0.00
*** WARNING **** residue 13DB already exists (old one deleted)
          RESI 13DB       0.00
*** WARNING **** residue 13DP already exists (old one deleted)
          RESI 13DP       0.00
*** WARNING **** residue DMB1 already exists (old one deleted)
          RESI DMB1       0.00
*** WARNING **** residue DMP1 already exists (old one deleted)
          RESI DMP1       0.00
*** WARNING **** residue DMP2 already exists (old one deleted)
          RESI DMP2       0.00
*** WARNING **** residue CROT already exists (old one deleted)
          RESI CROT       0.00
*** WARNING **** residue PACP already exists (old one deleted)
          RESI PACP       0.00
*** WARNING **** residue MECH already exists (old one deleted)
          RESI MECH       0.00
*** WARNING **** residue TMCH already exists (old one deleted)
          RESI TMCH       0.00
*** WARNING **** residue FRET already exists (old one deleted)
          RESI FRET       0.00
*** WARNING **** residue RTOL already exists (old one deleted)
          RESI RTOL       0.00
*** WARNING **** residue RTAL already exists (old one deleted)
          RESI RTAL       0.00
*** WARNING **** residue RTAC already exists (old one deleted)
          RESI RTAC      -1.00
*** WARNING **** residue PRAC already exists (old one deleted)
          RESI PRAC      -1.00
*** WARNING **** residue PROL already exists (old one deleted)
          RESI PROL       0.00
*** WARNING **** residue PRAL already exists (old one deleted)
          RESI PRAL       0.00
*** WARNING **** residue SCH1 already exists (old one deleted)
          RESI SCH1       0.00
*** WARNING **** residue SCH2 already exists (old one deleted)
          RESI SCH2       1.00
*** WARNING **** residue SCH3 already exists (old one deleted)
          RESI SCH3       1.00
 There were  20 warning(s) from RTFRDR.
  
 CHARMM>     
  
 CHARMM>    read para card flex append

          PARAMETER FILE BEING READ FROM UNIT 98
 RDTITL> * RETINAL/RETINOL AND RELATED PARAMETERS
 RDTITL> *
 PARMIO> NONBOND, HBOND lists and IMAGE atoms cleared.
  
 CHARMM>     
  
 VCLOSE: Closing unit   98 with status "KEEP"

                    RETURNING TO INPUT STREAM    99
  
 CHARMM>    stream toppar/toppar_all36_na_rna_modified.str
 VOPEN> Attempting to open::toppar/toppar_all36_na_rna_modified.str::
 OPNLGU> Unit 98 opened for READONLY access to /home/charmm-gui/data/www/1476677563/toppar/toppar_all36_na_rna_modified.str

                    INPUT STREAM SWITCHING TO UNIT    98
 RDTITL> * ADDITIVE CHARMM FORCE FIELD FOR MODIFIED RIBONUCLEIC ACIDS, INCLUDING
 RDTITL> * THOSE FOUNDS IN TRNA. YOU XU, KAROLINSKA INSTITUTET, 2015.
 RDTITL> * |
 RDTITL> * WARNING: PARAMETERS AND ATOM TYPE ASSIGNMENTS IN THIS FILE ARE SPECIFIC
 RDTITL> * FOR THESE COMPOUNDS AND SHOULD UNDER NO CIRCUMSTANCES BE APPLIED TO
 RDTITL> * OTHER ORGANIC MOLECULES
 RDTITL> *
 Parameter: IN1 <- "" <empty>
  
 CHARMM>     
  
 CHARMM>    ! Xu, Y., Vanommeslaeghe, K., Aleksandrov, A., MacKerell, A.D.,
 CHARMM>    ! Jr. Nilsson, L., “Additive CHARMM force field for naturally
 CHARMM>    ! occurring modified ribonucleotides,” Journal of Computational
 CHARMM>    !  Chemistry, DOI: 10.1002/jcc.24307, 2016
 CHARMM>     
  
 CHARMM>    ! Should be used with parent files CGenFF: top_all36_cgenff.inp and par_all36_cgenff.inp
 CHARMM>    !                                    NA36: top_all36_na.inp and par_all36_na.inp
 CHARMM>    !                              and Carb36: top_all36_carb.inp and par_all36_carb.inp
 CHARMM>    !
 CHARMM>     
  
 CHARMM>    read rtf card append
 MAINIO> Residue topology file being read from unit  98.
 RDTITL> * TOPOLOGIES OF MODIFIED NUCLEOTIDES
 RDTITL> *
  
 CHARMM>     
  
 CHARMM>    read param card flex append

          PARAMETER FILE BEING READ FROM UNIT 98
 RDTITL> * ADDITIVE CHARMM PARAMETERS FOR MODIFIED NUCLEIC ACIDS, BETA VERSION
 RDTITL> * YOU XU, KAROLINSKA INSTITUTET, 2015.
 RDTITL> *
 PARMIO> NONBOND, HBOND lists and IMAGE atoms cleared.
  
 CHARMM>    RETURN
 VCLOSE: Closing unit   98 with status "KEEP"

                    RETURNING TO INPUT STREAM    99
  
 CHARMM>     
  
 CHARMM>    ! glycopeptide
 CHARMM>    stream toppar/toppar_all36_carb_glycopeptide.str
 VOPEN> Attempting to open::toppar/toppar_all36_carb_glycopeptide.str::
 OPNLGU> Unit 98 opened for READONLY access to /home/charmm-gui/data/www/1476677563/toppar/toppar_all36_carb_glycopeptide.str

                    INPUT STREAM SWITCHING TO UNIT    98
 RDTITL> READ RTF CARD APPEND
 RDTITL> No title read.
 Parameter: IN1 <- "" <empty>
  
 CHARMM>    read rtf card append
 MAINIO> Residue topology file being read from unit  98.
 RDTITL> * TOPOLOGY FOR GLYCOPEPTIDE LINKAGES
 RDTITL> *
  
 CHARMM>     
  
 CHARMM>    read param card flex append

          PARAMETER FILE BEING READ FROM UNIT 98
 RDTITL> *    NEW PARAMETES
 RDTITL> *
 PARMIO> NONBOND, HBOND lists and IMAGE atoms cleared.
  
 CHARMM>     
  
 CHARMM>     
  
 CHARMM>    RETURN
 VCLOSE: Closing unit   98 with status "KEEP"

                    RETURNING TO INPUT STREAM    99
  
 CHARMM>     
  
 CHARMM>    ! Read additional topology and parameter file for phosphorylation
 CHARMM>    stream toppar/toppar_all36_prot_fluoro_alkanes.str
 VOPEN> Attempting to open::toppar/toppar_all36_prot_fluoro_alkanes.str::
 OPNLGU> Unit 98 opened for READONLY access to /home/charmm-gui/data/www/1476677563/toppar/toppar_all36_prot_fluoro_alkanes.str

                    INPUT STREAM SWITCHING TO UNIT    98
 RDTITL> * TOPOLOGY AND PARAMETERS FOR FLUORINATED ALKANES.
 RDTITL> *
 Parameter: IN1 <- "" <empty>
  
 CHARMM>     
  
 CHARMM>    !Parent files that have to be read prior to streaming this file
 CHARMM>    !top_all36_prot.rtf
 CHARMM>    !par_all36_prot.prm
 CHARMM>     
  
 CHARMM>    !Testcase
 CHARMM>    !test_all36_prot_fluoro_alkanes.inp
 CHARMM>     
  
 CHARMM>    !Reference
 CHARMM>    !Chen, I.-J., Yin, D. and MacKerell, Jr., A.D., "Combined Ab
 CHARMM>    !initio/Empirical Approach for Optimization of Lennard-Jones Parameters
 CHARMM>    !for Polar-Neutral Compounds," Journal of Computational Chemistry,
 CHARMM>    !2002, 23:199-213.
 CHARMM>    !
 CHARMM>    !Note that these parameters are higly optimized to reproduce the
 CHARMM>    !corresponding condensed phase properties and have not been incorporated
 CHARMM>    !into the CHARMM22 or CHARMM27 biomolecular force fields
 CHARMM>     
  
 CHARMM>    read rtf card append
 MAINIO> Residue topology file being read from unit  98.
 RDTITL> * TOPOLOGY FOR FLUOROALKANES
 RDTITL> *
*** WARNING **** residue ETHA already exists (old one deleted)
          RESI ETHA  0.0
*** WARNING **** residue FETH already exists (old one deleted)
          RESI FETH  0.0
*** WARNING **** residue DFET already exists (old one deleted)
          RESI DFET 0.0
*** WARNING **** residue TFET already exists (old one deleted)
          RESI TFET  0.0
*** WARNING **** residue TFE  already exists (old one deleted)
          RESI TFE   0.0
 There were   5 warning(s) from RTFRDR.
  
 CHARMM>     
  
 CHARMM>    read para card flex append

          PARAMETER FILE BEING READ FROM UNIT 98
 RDTITL> * FLUOROALKANE PARAMETERS
 RDTITL> *
 PARMIO> NONBOND, HBOND lists and IMAGE atoms cleared.
  
 CHARMM>     
  
 CHARMM>    return
 VCLOSE: Closing unit   98 with status "KEEP"

                    RETURNING TO INPUT STREAM    99
  
 CHARMM>    stream toppar/toppar_all36_prot_na_combined.str
 VOPEN> Attempting to open::toppar/toppar_all36_prot_na_combined.str::
 OPNLGU> Unit 98 opened for READONLY access to /home/charmm-gui/data/www/1476677563/toppar/toppar_all36_prot_na_combined.str

                    INPUT STREAM SWITCHING TO UNIT    98
 RDTITL> * TOPOLOGY AND PARAMETER STREAM FILE FOR PATCHES TO CREATE
 RDTITL> * MODEL COMPOUNDS AND PATCHES THAT REQUIRE BOTH PROTEIN AND
 RDTITL> * NUCLEIC ACID TOPOLOGY AND PARAMETER INFORMATION
 RDTITL> *
 Parameter: IN1 <- "" <empty>
  
 CHARMM>     
  
 CHARMM>    !Parent files that have to be read prior to streaming this file
 CHARMM>    !top_all36_prot.rtf
 CHARMM>    !par_all36_prot.prm
 CHARMM>    !top_all36_na.rtf
 CHARMM>    !par_all36_na.prm
 CHARMM>    !stream/toppar_all36_prot_fluoro_alkanes.str ! atom types an parameters for fluorinated compounds
 CHARMM>     
  
 CHARMM>    !Testcase
 CHARMM>    !test_all36_prot_na_combined.inp
 CHARMM>     
  
 CHARMM>    !all patches must be followed by AUTOGENERATE ANGLES DIHEDRALS
 CHARMM>     
  
 CHARMM>    !PHOSPHOTYROSINE
 CHARMM>    !
 CHARMM>    !Feng, M.-H., Philippopoulos, M., MacKerell, Jr., A.D. and Lim, C.
 CHARMM>    !Structural Characterization of the Phosphotyrosine Binding Region of a
 CHARMM>    !High-Affinity aSH2 Domain-Phosphopeptide Complex by Molecular Dynamics
 CHARMM>    !Simulation and Chemical Shift Calculations. Journal of the American
 CHARMM>    !Chemical Society, 1996, 118: 11265-11277.
 CHARMM>     
  
 CHARMM>    read rtf card append
 MAINIO> Residue topology file being read from unit  98.
 RDTITL> * TOPOLOGY FOR PHOSPHORYLATED AMINO ACIDS
 RDTITL> *
*** WARNING **** residue THFI already exists (old one deleted)
          RESI THFI       0.00
*** WARNING **** residue THMI already exists (old one deleted)
          RESI THMI       0.00
*** WARNING **** residue THFA already exists (old one deleted)
          RESI THFA        0.00
*** WARNING **** residue THAO already exists (old one deleted)
          RESI THAO         0.00
*** WARNING **** residue RNUS already exists (old one deleted)
          RESI RNUS         0.00
*** WARNING **** residue NUCL already exists (old one deleted)
          RESI NUCL        -1.00
*** WARNING **** residue PPH1 already exists (old one deleted)
          RESI PPH1      -1.00
*** WARNING **** residue BMPH already exists (old one deleted)
          RESI BMPH      -1.00
*** WARNING **** residue BMPD already exists (old one deleted)
          RESI BMPD      -2.00
*** WARNING **** residue BDFP already exists (old one deleted)
          RESI BDFP      -1.00
*** WARNING **** residue BDFD already exists (old one deleted)
          RESI BDFD -2.00
*** WARNING **** residue EP_2 already exists (old one deleted)
          RESI EP_2        -2.00
*** WARNING **** residue IP_2 already exists (old one deleted)
          RESI IP_2        -2.00
 There were  13 warning(s) from RTFRDR.
  
 CHARMM>     
  
 CHARMM>    read para card flex append

          PARAMETER FILE BEING READ FROM UNIT 98
 RDTITL> * ADDITIONAL PARAMETERS FOR PHOSPHORYLATED AMINO ACIDS
 RDTITL> *
 PARMIO> NONBOND, HBOND lists and IMAGE atoms cleared.
  
 VCLOSE: Closing unit   98 with status "KEEP"

                    RETURNING TO INPUT STREAM    99
  
 CHARMM>     
  
 CHARMM>    ! Extra Lipids
 CHARMM>    stream toppar/toppar_all36_lipid_bacterial.str
 VOPEN> Attempting to open::toppar/toppar_all36_lipid_bacterial.str::
 OPNLGU> Unit 98 opened for READONLY access to /home/charmm-gui/data/www/1476677563/toppar/toppar_all36_lipid_bacterial.str

                    INPUT STREAM SWITCHING TO UNIT    98
 RDTITL> * TOPPAR STREAM FILE FOR BRANCHED AND CYCLIC CHAINED LIPIDS.  FOLLOWING READING OF
 RDTITL> * TOP_ALL36_LIPID.RTF
 RDTITL> * AND
 RDTITL> * PAR_ALL36_LIPID.RTF
 RDTITL> *
 Parameter: IN1 <- "" <empty>
  
 CHARMM>     
  
 CHARMM>    ! REFERENCES
 CHARMM>    !
 CHARMM>    ! Branched Lipids
 CHARMM>    !
 CHARMM>    ! Lim, J.B. & Klauda, J.B. Branching at the Iso- and Anteiso- Positions in Complex Chlamydia
 CHARMM>    ! Membranes: A Molecular Dynamics Study. Biochimica et Biophysica Acta (BBA) - Biomembranes
 CHARMM>    ! 1808:323-331 (2011).
 CHARMM>    !
 CHARMM>    ! Cyclic-replacement of double bond
 CHARMM>    !
 CHARMM>    ! Pandit, K.R. & Klauda, J.B. Membrane models of E. coli containing cyclic moieties in
 CHARMM>    ! the aliphatic lipid chain. Biochimica et Biophysica Acta (BBA) - Biomembranes
 CHARMM>    ! 1818:1205-1210 (2012).
 CHARMM>    !
 CHARMM>     
  
 CHARMM>    set nat ?NATC
 RDCMND substituted energy or value "?NATC" to "485"
 Parameter: NAT <- "485"
  
 CHARMM>    set app
 Parameter: APP <- "" <empty>
  
 CHARMM>    !We're exploiting what is arguably a bug in the parser. On the left hand side,
 CHARMM>    !the quotes have proirity, so NAT is correctly substituted. On the right hand
 CHARMM>    !side, the ? has priority and NATC" (sic) is not a valid substitution...
 CHARMM>    if "@NAT" ne "?NATC" if @nat ne 0 set app append
 Parameter: NAT -> "485"
 Parameter: NAT -> "485"
 RDCMND: can not substitute energy "?NATC""
 Comparing ""485"" and ""?NATC"".
 IF test evaluated as true.  Performing command
 Comparing "485" and "0".
 IF test evaluated as true.  Performing command
 Parameter: APP <- "APPEND"
  
 CHARMM>     
  
 CHARMM>    read rtf card @app
 Parameter: APP -> "APPEND"
 MAINIO> Residue topology file being read from unit  98.
 RDTITL> * CHOLESTEROL RESIDUES
 RDTITL> *
  
 CHARMM>     
  
 CHARMM>    read para card flex @app
 Parameter: APP -> "APPEND"

          PARAMETER FILE BEING READ FROM UNIT 98
 RDTITL> * NEW PARAMETERS
 RDTITL> *
 PARMIO> NONBOND, HBOND lists and IMAGE atoms cleared.
  
 CHARMM>     
  
 CHARMM>    return
 VCLOSE: Closing unit   98 with status "KEEP"

                    RETURNING TO INPUT STREAM    99
  
 CHARMM>    stream toppar/toppar_all36_lipid_miscellaneous.str
 VOPEN> Attempting to open::toppar/toppar_all36_lipid_miscellaneous.str::
 OPNLGU> Unit 98 opened for READONLY access to /home/charmm-gui/data/www/1476677563/toppar/toppar_all36_lipid_miscellaneous.str

                    INPUT STREAM SWITCHING TO UNIT    98
 RDTITL> READ RTF CARD APPEND FLEX
 RDTITL> No title read.
 Parameter: IN1 <- "" <empty>
  
 CHARMM>    read rtf card append flex
 MAINIO> Residue topology file being read from unit  98.
 RDTITL> * TOPOLOGY FOR MISCELLANEOUS LIPIDS
 RDTITL> *
  
 CHARMM>     
  
 CHARMM>    return
 VCLOSE: Closing unit   98 with status "KEEP"

                    RETURNING TO INPUT STREAM    99
  
 CHARMM>    stream toppar/toppar_all36_lipid_cholesterol.str
 VOPEN> Attempting to open::toppar/toppar_all36_lipid_cholesterol.str::
 OPNLGU> Unit 98 opened for READONLY access to /home/charmm-gui/data/www/1476677563/toppar/toppar_all36_lipid_cholesterol.str

                    INPUT STREAM SWITCHING TO UNIT    98
 RDTITL> * TOPPAR STREAM FILE FOR CHOLESTEROL.  STREAM FOLLOWING READING OF
 RDTITL> * TOP_ALL36_LIPID.RTF
 RDTITL> * PAR_ALL36_LIPID.RTF
 RDTITL> * TOP_ALL36_CGENFF.RTF
 RDTITL> * AND PAR_ALL36_CGENFF.PRM
 RDTITL> *
 Parameter: IN1 <- "" <empty>
  
 CHARMM>     
  
 CHARMM>    !topology and parameters are included for two cholesterol models. the
 CHARMM>    !model may be selected by setting variable chol_model to 1 or 2, as
 CHARMM>    !specified below
 CHARMM>    !
 CHARMM>     
  
 CHARMM>    set chol_model 1 !2 for original Suits et al. model
 Parameter: CHOL_MODEL <- "1"
  
 CHARMM>     
  
 CHARMM>    !
 CHARMM>    !1) Revised model of Lim et al.  This contains a number of NBFIXes that
 CHARMM>    !makes it unsuitable for ANTON (set chol_model 1)
 CHARMM>    !
 CHARMM>    !2) Original model of Suits et al., which is used on ANTON as well as
 CHARMM>    !being suitable for other systems (set chol_model 2 (or anything but 1....))
 CHARMM>    !
 CHARMM>    !references
 CHARMM>    !
 CHARMM>    !Lim, J.B., Rogaski, B. and Klauda, J.B.. "Update of the Cholesterol Force Field
 CHARMM>    !Parameters in CHARMM" 116: 203-210 (2012).
 CHARMM>    !
 CHARMM>    !Suits, F., Pitman, M., MacKerell, A.D., Jr., Feller, S.E. "Molecular Level
 CHARMM>    !Organization of Saturated and Polyunsaturated Fatty Acids in a
 CHARMM>    !Phosphatidylcholine Bilayer Containing Cholesterol" Biochemistry,
 CHARMM>    !43(49):15318-28, 2004
 CHARMM>    !
 CHARMM>     
  
 CHARMM>    !test "append"
 CHARMM>    set nat ?NATC
 RDCMND substituted energy or value "?NATC" to "485"
 Parameter: NAT <- "485"
  
 CHARMM>    set app
 Parameter: APP <- "" <empty>
  
 CHARMM>    !We're exploiting what is arguably a bug in the parser. On the left hand side,
 CHARMM>    !the quotes have priority, so NAT is correctly substituted. On the right hand
 CHARMM>    !side, the ? has priority and NATC" (sic) is not a valid substitution...
 CHARMM>    if "@NAT" ne "?NATC" if @nat ne 0 set app append
 Parameter: NAT -> "485"
 Parameter: NAT -> "485"
 RDCMND: can not substitute energy "?NATC""
 Comparing ""485"" and ""?NATC"".
 IF test evaluated as true.  Performing command
 Comparing "485" and "0".
 IF test evaluated as true.  Performing command
 Parameter: APP <- "APPEND"
  
 CHARMM>     
  
 CHARMM>    if chol_model eq 1 then
 Comparing "1" and "1".
 IF test evaluated as true.  Performing command
  
 CHARMM>     
  
 CHARMM>    ! reference
 CHARMM>    ! Lim, J.B., Rogaski, B. and Klauda, J.B.. "Update of the Cholesterol Force Field
 CHARMM>    ! Parameters in CHARMM" 116: 203-210 (2012).
 CHARMM>    !
 CHARMM>     
  
 CHARMM>    read rtf card @app
 Parameter: APP -> "APPEND"
 MAINIO> Residue topology file being read from unit  98.
 RDTITL> * TOPOLOGY FOR CHOLESTEROL
 RDTITL> *
  
 CHARMM>     
  
 CHARMM>    read param card flex @app
 Parameter: APP -> "APPEND"

          PARAMETER FILE BEING READ FROM UNIT 98
 RDTITL> * CHOLESTEROL PARAMETERS
 RDTITL> *
 PARMIO> NONBOND, HBOND lists and IMAGE atoms cleared.
  
 CHARMM>     
  
 CHARMM>    return
 VCLOSE: Closing unit   98 with status "KEEP"

                    RETURNING TO INPUT STREAM    99
  
 CHARMM>    stream toppar/toppar_all36_lipid_yeast.str
 VOPEN> Attempting to open::toppar/toppar_all36_lipid_yeast.str::
 OPNLGU> Unit 98 opened for READONLY access to /home/charmm-gui/data/www/1476677563/toppar/toppar_all36_lipid_yeast.str

                    INPUT STREAM SWITCHING TO UNIT    98
 RDTITL> * TOPPAR STREAM FILE FOR BRANCHED AND CYCLIC CHAINED LIPIDS.  FOLLOWING READING OF
 RDTITL> * TOP_ALL36_LIPID.RTF
 RDTITL> * AND
 RDTITL> * PAR_ALL36_LIPID.RTF
 RDTITL> *
 Parameter: IN1 <- "" <empty>
  
 CHARMM>     
  
 CHARMM>    set nat ?NATC
 RDCMND substituted energy or value "?NATC" to "485"
 Parameter: NAT <- "485"
  
 CHARMM>    set app
 Parameter: APP <- "" <empty>
  
 CHARMM>    !We're exploiting what is arguably a bug in the parser. On the left hand side,
 CHARMM>    !the quotes have proirity, so NAT is correctly substituted. On the right hand
 CHARMM>    !side, the ? has priority and NATC" (sic) is not a valid substitution...
 CHARMM>    if "@NAT" ne "?NATC" if @nat ne 0 set app append
 Parameter: NAT -> "485"
 Parameter: NAT -> "485"
 RDCMND: can not substitute energy "?NATC""
 Comparing ""485"" and ""?NATC"".
 IF test evaluated as true.  Performing command
 Comparing "485" and "0".
 IF test evaluated as true.  Performing command
 Parameter: APP <- "APPEND"
  
 CHARMM>     
  
 CHARMM>    read rtf card @app
 Parameter: APP -> "APPEND"
 MAINIO> Residue topology file being read from unit  98.
 RDTITL> * CHOLESTEROL RESIDUES
 RDTITL> *
  
 CHARMM>     
  
 CHARMM>    read para card flex @app
 Parameter: APP -> "APPEND"

          PARAMETER FILE BEING READ FROM UNIT 98
 RDTITL> * NEW PARAMETERS
 RDTITL> *
 PARMIO> NONBOND, HBOND lists and IMAGE atoms cleared.
  
 CHARMM>     
  
 CHARMM>    return
 VCLOSE: Closing unit   98 with status "KEEP"

                    RETURNING TO INPUT STREAM    99
  
 CHARMM>    stream toppar/toppar_all36_lipid_sphingo.str
 VOPEN> Attempting to open::toppar/toppar_all36_lipid_sphingo.str::
 OPNLGU> Unit 98 opened for READONLY access to /home/charmm-gui/data/www/1476677563/toppar/toppar_all36_lipid_sphingo.str

                    INPUT STREAM SWITCHING TO UNIT    98
 RDTITL> * TOPPAR STREAM FOR CERAMIDES AND SPINGOMYELINS; REQUIRES FLEX FORMAT FILES
 RDTITL> * TOP_ALL36_LIPID.RTF AND PAR_ALL36_LIPID.PRM
 RDTITL> *
 Parameter: IN1 <- "" <empty>
  
 CHARMM>     
  
 CHARMM>    ! REFERENCES
 CHARMM>    !
 CHARMM>    ! PSM and SSM Lipids
 CHARMM>    !
 CHARMM>    ! Venable, R.M., B. Rogaski, H. Rui, A.D. MacKerell, Jr., R.W. Pastor, & J.B. Klauda.
 CHARMM>    ! An Experimentally Validated All-atom Force Field for Sphingomyelin. In prep. (2013).
 CHARMM>    !
 CHARMM>    ! Ceramide
 CHARMM>    !
 CHARMM>    ! Submited by Sam Tonddast-Navaei of U. Cincinnati. Advised by Russell Devane
 CHARMM>    !
 CHARMM>     
  
 CHARMM>    set nat ?NATC
 RDCMND substituted energy or value "?NATC" to "485"
 Parameter: NAT <- "485"
  
 CHARMM>    set app
 Parameter: APP <- "" <empty>
  
 CHARMM>    !We're exploiting what is arguably a bug in the parser. On the left hand side,
 CHARMM>    !the quotes have proirity, so NAT is correctly substituted. On the right hand
 CHARMM>    !side, the ? has priority and NATC" (sic) is not a valid substitution...
 CHARMM>    if "@NAT" ne "?NATC" if @nat ne 0 set app append
 Parameter: NAT -> "485"
 Parameter: NAT -> "485"
 RDCMND: can not substitute energy "?NATC""
 Comparing ""485"" and ""?NATC"".
 IF test evaluated as true.  Performing command
 Comparing "485" and "0".
 IF test evaluated as true.  Performing command
 Parameter: APP <- "APPEND"
  
 CHARMM>     
  
 CHARMM>    read rtf card @app
 Parameter: APP -> "APPEND"
 MAINIO> Residue topology file being read from unit  98.
 RDTITL> * CER/SM RESIDUES
 RDTITL> *
  
 CHARMM>     
  
 CHARMM>    read para card flex @app
 Parameter: APP -> "APPEND"

          PARAMETER FILE BEING READ FROM UNIT 98
 RDTITL> * NEW PARAMETERS
 RDTITL> *
 PARMIO> NONBOND, HBOND lists and IMAGE atoms cleared.
  
 CHARMM>     
  
 CHARMM>    return
 VCLOSE: Closing unit   98 with status "KEEP"

                    RETURNING TO INPUT STREAM    99
  
 CHARMM>    stream toppar/toppar_all36_lipid_inositol.str
 VOPEN> Attempting to open::toppar/toppar_all36_lipid_inositol.str::
 OPNLGU> Unit 98 opened for READONLY access to /home/charmm-gui/data/www/1476677563/toppar/toppar_all36_lipid_inositol.str

                    INPUT STREAM SWITCHING TO UNIT    98
 RDTITL> READ RTF CARD APPEND
 RDTITL> No title read.
 Parameter: IN1 <- "" <empty>
  
 CHARMM>    read rtf card append
 MAINIO> Residue topology file being read from unit  98.
 RDTITL> * TOPOLOGY FOR INOSITOL-BASED LIPIDS
 RDTITL> *
  
 CHARMM>     
  
 CHARMM>    read param card flex append

          PARAMETER FILE BEING READ FROM UNIT 98
 RDTITL> * PIP RELATED PARAMETERS
 RDTITL> *
 PARMIO> NONBOND, HBOND lists and IMAGE atoms cleared.
  
 CHARMM>     
  
 CHARMM>    RETURN
 VCLOSE: Closing unit   98 with status "KEEP"

                    RETURNING TO INPUT STREAM    99
  
 CHARMM>    stream toppar/toppar_all36_lipid_cardiolipin.str
 VOPEN> Attempting to open::toppar/toppar_all36_lipid_cardiolipin.str::
 OPNLGU> Unit 98 opened for READONLY access to /home/charmm-gui/data/www/1476677563/toppar/toppar_all36_lipid_cardiolipin.str

                    INPUT STREAM SWITCHING TO UNIT    98
 RDTITL> READ RTF CARD APPEND FLEX
 RDTITL> No title read.
 Parameter: IN1 <- "" <empty>
  
 CHARMM>    read rtf card append flex
 MAINIO> Residue topology file being read from unit  98.
 RDTITL>  
 RDTITL> No title read.
 WARNING from DECODI -- Zero length string being converted to 0
 RTFRDR> WARNING: Version number is NOT specified.
  
 CHARMM>     
  
 CHARMM>    return
 VCLOSE: Closing unit   98 with status "KEEP"

                    RETURNING TO INPUT STREAM    99
  
 CHARMM>    stream toppar/toppar_all36_lipid_detergent.str
 VOPEN> Attempting to open::toppar/toppar_all36_lipid_detergent.str::
 OPNLGU> Unit 98 opened for READONLY access to /home/charmm-gui/data/www/1476677563/toppar/toppar_all36_lipid_detergent.str

                    INPUT STREAM SWITCHING TO UNIT    98
 RDTITL> * TOPPAR STREAM FILE FOR DETERGENTS AND FATTY ACIDS.
 RDTITL> * STREAM FOLLOWING READING OF
 RDTITL> * TOP_ALL36_LIPID.RTF
 RDTITL> * AND
 RDTITL> * PAR_ALL36_LIPID.RTF
 RDTITL> *
 Parameter: IN1 <- "" <empty>
  
 CHARMM>     
  
 CHARMM>    !Fatty acids added Jan. 2016
 CHARMM>     
  
 CHARMM>    read rtf card append
 MAINIO> Residue topology file being read from unit  98.
 RDTITL> * DETERGENT AND FATTY ACID RESIDUES
 RDTITL> *
  
 CHARMM>     
  
 CHARMM>    read para card append flex

          PARAMETER FILE BEING READ FROM UNIT 98
 RDTITL> * SB3-12 AND SB3-14 PARAMETERS
 RDTITL> *
 PARMIO> NONBOND, HBOND lists and IMAGE atoms cleared.
  
 CHARMM>     
  
 CHARMM>    return
 VCLOSE: Closing unit   98 with status "KEEP"

                    RETURNING TO INPUT STREAM    99
  
 CHARMM>    stream toppar/toppar_all36_lipid_lps.str
 VOPEN> Attempting to open::toppar/toppar_all36_lipid_lps.str::
 OPNLGU> Unit 98 opened for READONLY access to /home/charmm-gui/data/www/1476677563/toppar/toppar_all36_lipid_lps.str

                    INPUT STREAM SWITCHING TO UNIT    98
 RDTITL> READ RTF CARD APPEND
 RDTITL> No title read.
 Parameter: IN1 <- "" <empty>
  
 CHARMM>    read rtf card append
 MAINIO> Residue topology file being read from unit  98.
 RDTITL> * TOPOLOGY FOR LIPIDA FROM LPS
 RDTITL> *
 WARNING from DECODI -- Zero length string being converted to 0
 RTFRDR> WARNING: Version number is NOT specified.
  
 CHARMM>     
  
 CHARMM>     
  
 CHARMM>    read param card append flex

          PARAMETER FILE BEING READ FROM UNIT 98
 RDTITL> *    NEW PARAMETES
 RDTITL> *
 PARMIO> NONBOND, HBOND lists and IMAGE atoms cleared.
  
 CHARMM>     
  
 VCLOSE: Closing unit   98 with status "KEEP"

                    RETURNING TO INPUT STREAM    99
  
 CHARMM>     
  
 CHARMM>    ! Read additional topology and parameter file for water and ions
 CHARMM>    stream toppar/toppar_water_ions.str
 VOPEN> Attempting to open::toppar/toppar_water_ions.str::
 OPNLGU> Unit 98 opened for READONLY access to /home/charmm-gui/data/www/1476677563/toppar/toppar_water_ions.str

                    INPUT STREAM SWITCHING TO UNIT    98
 RDTITL> * TOPLOGY AND PARAMETER INFORMATION FOR WATER AND IONS.
 RDTITL> *
 Parameter: IN1 <- "" <empty>
  
 CHARMM>     
  
 CHARMM>    !Testcase
 CHARMM>    !test_water_ions.inp
 CHARMM>     
  
 CHARMM>    ! IMPORTANT NOTE: this file contains NBFixes between carboxylates and sodium,
 CHARMM>    ! which will only apply if the main files containing carboxylate atom types
 CHARMM>    ! have been read in first!
 CHARMM>     
  
 CHARMM>    !references
 CHARMM>    !
 CHARMM>    !TIP3P water model
 CHARMM>    !
 CHARMM>    !W.L. Jorgensen; J.Chandrasekhar; J.D. Madura; R.W. Impey;
 CHARMM>    !M.L. Klein; "Comparison of simple potential functions for
 CHARMM>    !simulating liquid water", J. Chem. Phys. 79 926-935 (1983).
 CHARMM>    !
 CHARMM>    !IONS
 CHARMM>    !
 CHARMM>    !Ions from Roux and coworkers
 CHARMM>    !
 CHARMM>    !Beglov, D. and Roux, B., Finite Representation of an Infinite
 CHARMM>    !Bulk System: Solvent Boundary Potential for Computer Simulations,
 CHARMM>    !Journal of Chemical Physics, 1994, 100: 9050-9063
 CHARMM>    !
 CHARMM>    !ZINC
 CHARMM>    !
 CHARMM>    !Stote, R.H. and Karplus, M. Zinc Binding in Proteins and
 CHARMM>    !Solution: A Simple but Accurate Nonbonded Representation, PROTEINS:
 CHARMM>    !Structure, Function, and Genetics 23:12-31 (1995)
 CHARMM>     
  
 CHARMM>    !test "append" to determine if previous toppar files have been read and
 CHARMM>    !add append to "read rtf card" if true
 CHARMM>    set nat ?NATC
 RDCMND substituted energy or value "?NATC" to "485"
 Parameter: NAT <- "485"
  
 CHARMM>    set app
 Parameter: APP <- "" <empty>
  
 CHARMM>    !We're exploiting what is arguably a bug in the parser. On the left hand side,
 CHARMM>    !the quotes have priority, so NAT is correctly substituted. On the right hand
 CHARMM>    !side, the ? has priority and NATC" (sic) is not a valid substitution...
 CHARMM>    if "@NAT" ne "?NATC" if @nat ne 0 set app append
 Parameter: NAT -> "485"
 Parameter: NAT -> "485"
 RDCMND: can not substitute energy "?NATC""
 Comparing ""485"" and ""?NATC"".
 IF test evaluated as true.  Performing command
 Comparing "485" and "0".
 IF test evaluated as true.  Performing command
 Parameter: APP <- "APPEND"
  
 CHARMM>     
  
 CHARMM>    read rtf card @app
 Parameter: APP -> "APPEND"
 MAINIO> Residue topology file being read from unit  98.
 RDTITL> * TOPOLOGY FOR WATER AND IONS
 RDTITL> *
  
 CHARMM>     
  
 CHARMM>    read para card flex @app
 Parameter: APP -> "APPEND"

          PARAMETER FILE BEING READ FROM UNIT 98
 RDTITL> * PARAMETERS FOR WATER AND IONS
 RDTITL> *
 PARMIO> NONBOND, HBOND lists and IMAGE atoms cleared.
  
 CHARMM>     
  
 CHARMM>    ! The following section contains NBFixes for sodium interacting with
 CHARMM>    ! carboxylate oxygens of various CHARMM force fields. It will generate
 CHARMM>    ! level -1 warnings whenever any of these force fields have not been
 CHARMM>    ! read prior to the current stream file. Since we don't want to force
 CHARMM>    ! the user to always read all the force fields, we're suppressing the
 CHARMM>    ! warnings. The only side effect is that you will have "most severe
 CHARMM>    ! warning was at level 0" at the end of your output. Also note that
 CHARMM>    ! the user is responsible for reading the current file last if they
 CHARMM>    ! want the NBFixes to apply. A more elegant solution would require new
 CHARMM>    ! features to be added to CHARMM.
 CHARMM>    ! parallel fix, to avoid duplicated messages in the log
 CHARMM>    set para
 Parameter: PARA <- "" <empty>
  
 CHARMM>    if ?NUMNODE gt 1 set para node 0
 RDCMND substituted energy or value "?NUMNODE" to "1"
 Comparing "1" and "1".
 IF test evaluated as false.  Skipping command
  
 CHARMM>     
  
 CHARMM>    set wrn ?WRNLEV
 RDCMND substituted energy or value "?WRNLEV" to "5"
 Parameter: WRN <- "5"
  
 CHARMM>    ! Some versions of CHARMM don't seem to initialize wrnlev...
 CHARMM>    if "@WRN" eq "?WRNLEV" set wrn 5
 Parameter: WRN -> "5"
 RDCMND: can not substitute energy "?WRNLEV""
 Comparing ""5"" and ""?WRNLEV"".
 IF test evaluated as false.  Skipping command
  
 CHARMM>    set bom ?bomlev
 RDCMND substituted energy or value "?BOMLEV" to "0"
 Parameter: BOM <- "0"
  
 CHARMM>    WRNLEV -1 @PARA
 Parameter: PARA -> "" <empty>
  
 CHARMM>    BOMLEV -1 @PARA
 Parameter: PARA -> "" <empty>
  
 CHARMM>    read para card flex append

          PARAMETER FILE BEING READ FROM UNIT 98
 RDTITL> * NBFIX BETWEEN CARBOXYLATE AND SODIUM
 RDTITL> *
 PARMIO> NONBOND, HBOND lists and IMAGE atoms cleared.
  
 CHARMM>    BOMLEV @bom @PARA
 Parameter: BOM -> "0"
 Parameter: PARA -> "" <empty>
  
 CHARMM>    WRNLEV @wrn @PARA
 Parameter: WRN -> "5"
 Parameter: PARA -> "" <empty>
  
 CHARMM>     
  
 CHARMM>    return
 VCLOSE: Closing unit   98 with status "KEEP"

                    RETURNING TO INPUT STREAM    99
  
 CHARMM>    stream toppar/toppar_dum_noble_gases.str
 VOPEN> Attempting to open::toppar/toppar_dum_noble_gases.str::
 OPNLGU> Unit 98 opened for READONLY access to /home/charmm-gui/data/www/1476677563/toppar/toppar_dum_noble_gases.str

                    INPUT STREAM SWITCHING TO UNIT    98
 RDTITL> * TOPLOGY AND PARAMETER INFORMATION FOR HELIUM, NEON AND A DUMMY ATOM.
 RDTITL> *
 Parameter: IN1 <- "" <empty>
  
 CHARMM>     
  
 CHARMM>    !Testcase
 CHARMM>    !test_dum_nobel_gases.inp
 CHARMM>     
  
 CHARMM>    !test "append" to determine if previous	toppar files have been read and
 CHARMM>    !add append to "read rtf card" if true
 CHARMM>    set nat ?NATC
 RDCMND substituted energy or value "?NATC" to "485"
 Parameter: NAT <- "485"
  
 CHARMM>    set app
 Parameter: APP <- "" <empty>
  
 CHARMM>    !We're exploiting what is arguably a bug in the parser. On the left hand side,
 CHARMM>    !the quotes have proirity, so NAT is correctly substituted. On the right hand
 CHARMM>    !side, the ? has priority and NATC" (sic) is not a valid substitution...
 CHARMM>    if "@NAT" ne "?NATC" if @nat ne 0 set app append
 Parameter: NAT -> "485"
 Parameter: NAT -> "485"
 RDCMND: can not substitute energy "?NATC""
 Comparing ""485"" and ""?NATC"".
 IF test evaluated as true.  Performing command
 Comparing "485" and "0".
 IF test evaluated as true.  Performing command
 Parameter: APP <- "APPEND"
  
 CHARMM>     
  
 CHARMM>    read rtf card @app
 Parameter: APP -> "APPEND"
 MAINIO> Residue topology file being read from unit  98.
 RDTITL> * TOPOLOGY FOR HELIUM, NEON AND A DUMMY ATOM.
 RDTITL> *
  
 CHARMM>     
  
 CHARMM>    read para card flex @app
 Parameter: APP -> "APPEND"

          PARAMETER FILE BEING READ FROM UNIT 98
 RDTITL> * PARAMETERS FOR HELIUM, NEON AND A DUMMY ATOM.
 RDTITL> *
 PARMIO> NONBOND, HBOND lists and IMAGE atoms cleared.
  
 CHARMM>     
  
 CHARMM>    return
 VCLOSE: Closing unit   98 with status "KEEP"

                    RETURNING TO INPUT STREAM    99
  
 CHARMM>     
  
 CHARMM>    ! Read additional topology and parameter
 CHARMM>    stream toppar/toppar_all36_na_nad_ppi.str
 VOPEN> Attempting to open::toppar/toppar_all36_na_nad_ppi.str::
 OPNLGU> Unit 98 opened for READONLY access to /home/charmm-gui/data/www/1476677563/toppar/toppar_all36_na_nad_ppi.str

                    INPUT STREAM SWITCHING TO UNIT    98
 RDTITL> * CHARMM36 ALL-HYDROGEN NUCLEIC ACID FORCE TOPPAR STREAM FILE
 RDTITL> * NAD+, NADH, ADP, ATP, PPI AND RELATED ANALOGS
 RDTITL> * A.D. MACKERELL, JR., JULY 2001
 RDTITL> * STREAM FOLLOWING RTF AND PARAM READ OF
 RDTITL> *
 Parameter: IN1 <- "" <empty>
  
 CHARMM>     
  
 CHARMM>    !Update, 2015/1, nomenclature for NAD+ etc. consistent with PDB
 CHARMM>     
  
 CHARMM>    !Parent files that have to be read prior to streaming this file
 CHARMM>    !top_all36_na.rtf
 CHARMM>    !par_all36_na.prm
 CHARMM>     
  
 CHARMM>    !Testcase
 CHARMM>    !test_all36_na_nad_ppi.inp
 CHARMM>     
  
 CHARMM>    !Reference
 CHARMM>    !Pavelites, J.J., Bash, P.A., Gao, J., and MacKerell, Jr.,
 CHARMM>    !A.D. A Molecular Mechanics Force Field for NAD+, NADH and the
 CHARMM>    !Pyrophosphate Groups of Nucleotides, Journal of Computational
 CHARMM>    !Chemistry, 1997, 18: 221-239.
 CHARMM>     
  
 CHARMM>    read rtf card append
 MAINIO> Residue topology file being read from unit  98.
 RDTITL> * NAD, PPI TOPOLOGY
 RDTITL> *
*** WARNING **** residue NIC  already exists (old one deleted)
          RESI NIC         1.00
*** WARNING **** residue NICH already exists (old one deleted)
          RESI NICH         0.00
*** WARNING **** residue PPI1 already exists (old one deleted)
          RESI PPI1        -3.00
*** WARNING **** residue PPI2 already exists (old one deleted)
          RESI PPI2        -2.00
*** WARNING **** residue AMP  already exists (old one deleted)
          RESI AMP         -2.00
*** WARNING **** residue ADP  already exists (old one deleted)
          RESI ADP         -3.00
*** WARNING **** residue ATP  already exists (old one deleted)
          RESI ATP         -4.00
*** WARNING **** residue NAD  already exists (old one deleted)
          RESI NAD         -1.00
*** WARNING **** residue NADH already exists (old one deleted)
          RESI NADH        -2.00
*** WARNING **** residue NADP already exists (old one deleted)
          RESI NADP        -2.00
*** WARNING **** residue NDPH already exists (old one deleted)
          RESI NDPH        -3.00
 There were  11 warning(s) from RTFRDR.
  
 CHARMM>     
  
 CHARMM>    read para card flex append

          PARAMETER FILE BEING READ FROM UNIT 98
 RDTITL> * NAD, PPI PARAMETERS
 RDTITL> *
 PARMIO> NONBOND, HBOND lists and IMAGE atoms cleared.
  
 CHARMM>     
  
 CHARMM>     
  
 VCLOSE: Closing unit   98 with status "KEEP"

                    RETURNING TO INPUT STREAM    99
  
 CHARMM>     
  
 CHARMM>    ! Glycolipid
 CHARMM>    stream toppar/toppar_all36_carb_glycolipid.str
 VOPEN> Attempting to open::toppar/toppar_all36_carb_glycolipid.str::
 OPNLGU> Unit 98 opened for READONLY access to /home/charmm-gui/data/www/1476677563/toppar/toppar_all36_carb_glycolipid.str

                    INPUT STREAM SWITCHING TO UNIT    98
 RDTITL> READ RTF CARD APPEND
 RDTITL> No title read.
 Parameter: IN1 <- "" <empty>
  
 CHARMM>    read rtf card append
 MAINIO> Residue topology file being read from unit  98.
 RDTITL> * TOPOLOGY FOR GLYCOLIPIDS
 RDTITL> *
  
 CHARMM>     
  
 CHARMM>    read param card flex append

          PARAMETER FILE BEING READ FROM UNIT 98
 RDTITL> * PIP RELATED PARAMETERS
 RDTITL> *
 PARRDR> Error: Repeated ANGLE parameter (  2882): CG33  CG2D  CG33 is replaced
 PARRDR> Error: Repeated DIHE parameter (  7313): CG2D  CG32  CG32  CG2D is replaced
 PARRDR> Error: Repeated DIHE parameter (  7314): CG2D  CG32  CG32  CG2D is replaced
 PARRDR> Error: Repeated DIHE parameter (  7313): CG2D  CG32  CG32  CG2D is replaced
 PARRDR> Error: Repeated DIHE parameter (  7314): CG2D  CG32  CG32  CG2D is replaced
 PARRDR> Error: Repeated DIHE parameter (  7313): CG2D  CG32  CG32  CG2D is replaced
 PARRDR> Error: Repeated DIHE parameter (  7314): CG2D  CG32  CG32  CG2D is replaced
 PARRDR> Error: Repeated DIHE parameter (  7177): CG33  CG2D  CG33  HGA3 is replaced
 PARMIO> NONBOND, HBOND lists and IMAGE atoms cleared.
  
 CHARMM>     
  
 CHARMM>    RETURN
 VCLOSE: Closing unit   98 with status "KEEP"

                    RETURNING TO INPUT STREAM    99
  
 CHARMM>    stream toppar/toppar_all36_carb_imlab.str
 VOPEN> Attempting to open::toppar/toppar_all36_carb_imlab.str::
 OPNLGU> Unit 98 opened for READONLY access to /home/charmm-gui/data/www/1476677563/toppar/toppar_all36_carb_imlab.str

                    INPUT STREAM SWITCHING TO UNIT    98
 RDTITL> READ RTF CARD APPEND
 RDTITL> No title read.
 Parameter: IN1 <- "" <empty>
  
 CHARMM>    read rtf card append
 MAINIO> Residue topology file being read from unit  98.
 RDTITL> * GLYCAN CHEMICAL MODIFICATION PATCHES
 RDTITL> *
*** WARNING **** residue AKDN already exists (old one deleted)
          RESI AKDN          -1.000
 There were   1 warning(s) from RTFRDR.
  
 CHARMM>     
  
 CHARMM>     
  
 CHARMM>     
  
 CHARMM>     
  
 CHARMM>    read param card flex append

          PARAMETER FILE BEING READ FROM UNIT 98
 RDTITL> * GLYCAN CHEMICAL MODIFICATION PATCHES
 RDTITL> *
 PARRDR> Error: Repeated ANGLE parameter (  2813): CC31  CC32  OC30 is replaced
 PARRDR> Error: Repeated ANGLE parameter (  2814): CC32  OC30  PC   is replaced
 PARRDR> Error: Repeated ANGLE parameter (     2): CT2   NH2   H    is replaced
 PARRDR> Error: Repeated DIHE parameter (  6962): HCA1  CC31  CC32  OC30 is replaced
 PARRDR> Error: Repeated DIHE parameter (  6963): OC30  CC32  CC31  CC31 is replaced
 PARRDR> Error: Repeated DIHE parameter (  6964): OC30  CC32  CC31  CC31 is replaced
 PARRDR> Error: Repeated DIHE parameter (  6965): OC30  CC32  CC31  CC31 is replaced
 PARRDR> Error: Repeated DIHE parameter (  6966): OC30  CC32  CC31  CC31 is replaced
 PARRDR> Error: Repeated DIHE parameter (  6961): OC3C  CC31  CC32  OC30 is replaced
 PARRDR> Error: Repeated DIHE parameter (  6961): OC3C  CC31  CC32  OC30 is replaced
 PARRDR> Error: Repeated DIHE parameter (  6961): OC3C  CC31  CC32  OC30 is replaced
 PARRDR> Error: Repeated DIHE parameter (  6960): OC2D  PC    OC30  CC32 is replaced
 PARRDR> Error: Repeated DIHE parameter (  6969): PC    OC30  CC32  HCA2 is replaced
 PARRDR> Error: Repeated DIHE parameter (   146): HB2   CT2   NH2   H    is replaced
 PARMIO> NONBOND, HBOND lists and IMAGE atoms cleared.
  
 CHARMM>     
  
 CHARMM>    RETURN
 VCLOSE: Closing unit   98 with status "KEEP"

                    RETURNING TO INPUT STREAM    99
  
 CHARMM>     
  
 CHARMM>     
  
 VCLOSE: Closing unit   99 with status "KEEP"

                    RETURNING TO INPUT STREAM     5
  
 CHARMM>     
  
 CHARMM>    !Read PSF and Coordinates
 CHARMM>    open read unit 10 card name step1_pdbreader.psf
 OPNLGU> Unit already open. The old file will be closed first.
 VCLOSE: Closing unit   10 with status "KEEP"
 VOPEN> Attempting to open::step1_pdbreader.psf::
 OPNLGU> Unit 10 opened for READONLY access to /home/charmm-gui/data/www/1476677563/step1_pdbreader.psf
  
 CHARMM>    read psf  unit 10 card
 MAINIO> Protein structure file being read from unit  10.
 PSFRD2> Reading PSF in the expanded format.
 TITLE>  * GENERATED BY CHARMM-GUI (HTTP://WWW.CHARMM-GUI.ORG) V1.8 ON OCT, 16. 2016.
 TITLE>  * READ PDB, MANIPULATE STRUCTURE IF NEEDED, AND GENERATE TOPOLOGY FILE
 TITLE>  *  DATE:    10/17/16      0:13:37      CREATED BY USER: apache
 TITLE>  *
 PSFSUM> PSF modified: NONBOND lists and IMAGE atoms cleared.
 PSFSUM> Summary of the structure file counters :
         Number of segments      =        2   Number of residues   =      139
         Number of atoms         =     2256   Number of groups     =      671
         Number of bonds         =     2285   Number of angles     =     4131
         Number of dihedrals     =     6080   Number of impropers  =      382
         Number of cross-terms   =      131
         Number of HB acceptors  =      209   Number of HB donors  =      251
         Number of NB exclusions =        0   Total charge =   -7.00000
  
 CHARMM>     
  
 CHARMM>    stream step2_solvator.str
 VOPEN> Attempting to open::step2_solvator.str::
 OPNLGU> Unit 99 opened for READONLY access to /home/charmm-gui/data/www/1476677563/step2_solvator.str

                    INPUT STREAM SWITCHING TO UNIT    99
 RDTITL> READ SEQUENCE TIP3 6986
 RDTITL> No title read.
 Parameter: IN1 <- "" <empty>
  
 CHARMM>     READ SEQUENCE TIP3 6986
  
 CHARMM>     GENERATE SOLV SETUP NOANGLE NODIHEDRAL
 NO PATCHING WILL BE DONE ON THE FIRST RESIDUE
 NO PATCHING WILL BE DONE ON THE LAST  RESIDUE
 GENPSF> Segment   3 has been generated. Its identifier is SOLV.
 PSFSUM> PSF modified: NONBOND lists and IMAGE atoms cleared.
 PSFSUM> Summary of the structure file counters :
         Number of segments      =        3   Number of residues   =     7125
         Number of atoms         =    23214   Number of groups     =     7657
         Number of bonds         =    23243   Number of angles     =    11117
         Number of dihedrals     =     6080   Number of impropers  =      382
         Number of cross-terms   =      131
         Number of HB acceptors  =     7195   Number of HB donors  =    14223
         Number of NB exclusions =        0   Total charge =   -7.00000
  
 CHARMM>     SET NPOS = 24
 Parameter: NPOS <- "24"
  
 CHARMM>     SET NNEG = 17
 Parameter: NNEG <- "17"
  
 CHARMM>     SET POSID = POT
 Parameter: POSID <- "POT"
  
 CHARMM>     SET NEGID = CLA
 Parameter: NEGID <- "CLA"
  
 CHARMM>     IF NPOS .GT. 0 THEN
 Comparing "24" and "0".
 IF test evaluated as true.  Performing command
  
 CHARMM>      READ SEQUENCE POT 24
  
 CHARMM>      GENERATE POT WARN
 NO PATCHING WILL BE DONE ON THE FIRST RESIDUE
 NO PATCHING WILL BE DONE ON THE LAST  RESIDUE
 GENPSF> Segment   4 has been generated. Its identifier is POT.
 PSFSUM> PSF modified: NONBOND lists and IMAGE atoms cleared.
 PSFSUM> Summary of the structure file counters :
         Number of segments      =        4   Number of residues   =     7149
         Number of atoms         =    23238   Number of groups     =     7681
         Number of bonds         =    23243   Number of angles     =    11117
         Number of dihedrals     =     6080   Number of impropers  =      382
         Number of cross-terms   =      131
         Number of HB acceptors  =     7195   Number of HB donors  =    14223
         Number of NB exclusions =        0   Total charge =   17.00000
  
 CHARMM>     ENDIF
  
 CHARMM>     IF NNEG .GT. 0 THEN
 Comparing "17" and "0".
 IF test evaluated as true.  Performing command
  
 CHARMM>      READ SEQUENCE CLA 17
  
 CHARMM>      GENERATE CLA WARN
 NO PATCHING WILL BE DONE ON THE FIRST RESIDUE
 NO PATCHING WILL BE DONE ON THE LAST  RESIDUE
 GENPSF> Segment   5 has been generated. Its identifier is CLA.
 PSFSUM> PSF modified: NONBOND lists and IMAGE atoms cleared.
 PSFSUM> Summary of the structure file counters :
         Number of segments      =        5   Number of residues   =     7166
         Number of atoms         =    23255   Number of groups     =     7698
         Number of bonds         =    23243   Number of angles     =    11117
         Number of dihedrals     =     6080   Number of impropers  =      382
         Number of cross-terms   =      131
         Number of HB acceptors  =     7195   Number of HB donors  =    14223
         Number of NB exclusions =        0   Total charge =    0.00000
  
 CHARMM>     ENDIF
  
 VCLOSE: Closing unit   99 with status "KEEP"

                    RETURNING TO INPUT STREAM     5
  
 CHARMM>     
  
 CHARMM>    open read unit 10 card name step2_solvator.crd
 OPNLGU> Unit already open. The old file will be closed first.
 VCLOSE: Closing unit   10 with status "KEEP"
 VOPEN> Attempting to open::step2_solvator.crd::
 OPNLGU> Unit 10 opened for READONLY access to /home/charmm-gui/data/www/1476677563/step2_solvator.crd
  
 CHARMM>    read coor unit 10 card
          SPATIAL COORDINATES BEING READ FROM UNIT 10
 TITLE> * GENERATED BY CHARMM-GUI (HTTP://WWW.CHARMM-GUI.ORG) V1.8 ON OCT, 16. 2016.
 TITLE> * SOLVATE PROTEIN IN WATER BOX
 TITLE> *  DATE:    10/17/16      0:24:34      CREATED BY USER: APACHE
 TITLE> *
  
 CHARMM>     
  
 CHARMM>    !
 CHARMM>    ! Setup PBC (Periodic Boundary Condition)
 CHARMM>    !
 CHARMM>     
  
 CHARMM>    stream step2.1_waterbox.prm
 VOPEN> Attempting to open::step2.1_waterbox.prm::
 OPNLGU> Unit 99 opened for READONLY access to /home/charmm-gui/data/www/1476677563/step2.1_waterbox.prm

                    INPUT STREAM SWITCHING TO UNIT    99
 RDTITL> SET BOXTYPE  = RECT
 RDTITL> No title read.
 Parameter: IN1 <- "" <empty>
  
 CHARMM>     SET BOXTYPE  = RECT
 Parameter: BOXTYPE <- "RECT"
  
 CHARMM>     SET XTLTYPE  = CUBIC
 Parameter: XTLTYPE <- "CUBIC"
  
 CHARMM>     SET A = 63
 Parameter: A <- "63"
  
 CHARMM>     SET B = 63
 Parameter: B <- "63"
  
 CHARMM>     SET C = 63
 Parameter: C <- "63"
  
 CHARMM>     SET ALPHA = 90.0
 Parameter: ALPHA <- "90.0"
  
 CHARMM>     SET BETA  = 90.0
 Parameter: BETA <- "90.0"
  
 CHARMM>     SET GAMMA = 90.0
 Parameter: GAMMA <- "90.0"
  
 CHARMM>     SET XCEN = 0
 Parameter: XCEN <- "0"
  
 CHARMM>     SET YCEN = 0
 Parameter: YCEN <- "0"
  
 CHARMM>     SET ZCEN = 0
 Parameter: ZCEN <- "0"
  
 VCLOSE: Closing unit   99 with status "KEEP"

                    RETURNING TO INPUT STREAM     5
  
 CHARMM>     
  
 CHARMM>    COOR CONVERT ALIGNED SYMMETRIC @A @B @C @alpha @beta @gamma
 Parameter: A -> "63"
 Parameter: B -> "63"
 Parameter: C -> "63"
 Parameter: ALPHA -> "90.0"
 Parameter: BETA -> "90.0"
 Parameter: GAMMA -> "90.0"
  
 CHARMM>     
  
 CHARMM>    open read unit 10 card name crystal_image.str
 OPNLGU> Unit already open. The old file will be closed first.
 VCLOSE: Closing unit   10 with status "KEEP"
 VOPEN> Attempting to open::crystal_image.str::
 OPNLGU> Unit 10 opened for READONLY access to /home/charmm-gui/data/www/1476677563/crystal_image.str
  
 CHARMM>    CRYSTAL DEFINE @XTLtype @A @B @C @alpha @beta @gamma
 Parameter: XTLTYPE -> "CUBIC"
 Parameter: A -> "63"
 Parameter: B -> "63"
 Parameter: C -> "63"
 Parameter: ALPHA -> "90.0"
 Parameter: BETA -> "90.0"
 Parameter: GAMMA -> "90.0"
 Crystal Parameters : Crystal Type = CUBI
           A     =   63.00000 B    =   63.00000 C     =   63.00000
           Alpha =   90.00000 Beta =   90.00000 Gamma =   90.00000
  
 CHARMM>    CRYSTAL READ UNIT 10 CARD
 CRYSTAL FILE BEING READ FROM UNIT    10
 TITLE> * GENERATED BY CHARMM-GUI (HTTP://WWW.CHARMM-GUI.ORG) V1.8 ON OCT, 16. 2016.
 TITLE> * STREAM FILE FOR CRYSTAL SYMMETRY OPERATION
 TITLE> *
 TITLE>  * GENERATED BY CHARMM-GUI (HTTP://WWW.CHARMM-GUI.ORG) V1.8 ON OCT, 16. 2016.
 TITLE>  * STREAM FILE FOR CRYSTAL SYMMETRY OPERATION
 TITLE>  *
                     THERE ARE NO ROTATIONS FOR THIS TRANSFORMATION SET
    26 Transformations have been processed.

  
 CHARMM>     
  
 CHARMM>    !Image centering by residue
 CHARMM>    IMAGE BYRESID XCEN @xcen YCEN @ycen ZCEN @zcen sele resname TIP3 end
 Parameter: XCEN -> "0"
 Parameter: YCEN -> "0"
 Parameter: ZCEN -> "0"
 SELRPN>  20958 atoms have been selected out of  23255
 IMAGE CENTERING ON FOR SOME ATOMS
  
 CHARMM>    IMAGE BYRESID XCEN @xcen YCEN @ycen ZCEN @zcen sele ( segid @posid .or. segid @negid ) end
 Parameter: XCEN -> "0"
 Parameter: YCEN -> "0"
 Parameter: ZCEN -> "0"
 Parameter: POSID -> "POT"
 Parameter: NEGID -> "CLA"
 SELRPN>     41 atoms have been selected out of  23255
 IMAGE CENTERING ON FOR SOME ATOMS
  
 CHARMM>     
  
 CHARMM>    !
 CHARMM>    ! Nonbonded Options
 CHARMM>    !
 CHARMM>     
  
 CHARMM>    system "python checkfft.py ?XTLA ?XTLB ?XTLC > checkfft.str"
 RDCMND substituted energy or value "?XTLA" to "63"
 RDCMND substituted energy or value "?XTLB" to "63"
 RDCMND substituted energy or value "?XTLC" to "63"
Invoking: python checkfft.py 63 63 63 > checkfft.str
  
 CHARMM>    stream checkfft.str
 VOPEN> Attempting to open::checkfft.str::
 OPNLGU> Unit 99 opened for READONLY access to /home/charmm-gui/data/www/1476677563/checkfft.str

                    INPUT STREAM SWITCHING TO UNIT    99
 RDTITL> SET FFTX 72
 RDTITL> No title read.
 Parameter: IN1 <- "" <empty>
  
 CHARMM>    set fftx 72
 Parameter: FFTX <- "72"
  
 CHARMM>    set ffty 72
 Parameter: FFTY <- "72"
  
 CHARMM>    set fftz 72
 Parameter: FFTZ <- "72"
  
 CHARMM>     
  
 VCLOSE: Closing unit   99 with status "KEEP"

                    RETURNING TO INPUT STREAM     5
  
 CHARMM>     
  
 CHARMM>     
  
 CHARMM>    nbonds atom fswitch vatom vfswitch bycb -
 CHARMM>           ctonnb 6.0 ctofnb 6.0 cutnb 8.0 -
 CHARMM>           inbfrq -1 imgfrq -1 wmin 1.0 cdie eps 1.0

 SELECTED IMAGES ATOMS BEING CENTERED ABOUT  0.000000  0.000000  0.000000

 <MKIMAT2>: updating the image atom lists and remapping
 Transformation   Atoms  Groups  Residues  Min-Distance
    1  C001 has      85      29      29        3.08
    2  C002 has     774     260     260        0.49
    3  C003 has      84      28      28        1.36
    4  C004 has     733     247     247        0.44
    5  C005 has    5281    1769    1769        0.00
    6  C006 has     892     298     298        1.26
    7  C007 has     850     286     286        0.29
    8  C008 has    5232    1748    1740        0.00
    9  C009 has     800     268     268        0.24
   10  C010 has    5178    1735    1735        0.00
   12  C012 has     100      34      34        1.90
   13  C013 has     847     283     283        0.00
   14  C014 has      72      24      24        2.15
 Total of44183 atoms and14707 groups and14167 residues were included


 NONBOND OPTION FLAGS: 
     ELEC     VDW      ATOMs    CDIElec  FSWItch  VATOm    VFSWIt  
     BYCB     NOEXtnd  NOEWald 
 CUTNB  =  8.000 CTEXNB =999.000 CTONNB =  6.000 CTOFNB =  6.000
 CGONNB =  0.000 CGOFNB = 10.000
 WMIN   =  1.000 WRNMXD =  0.500 E14FAC =  1.000 EPS    =  1.000
 NBXMOD =      5
 There are        0 atom  pairs and        0 atom  exclusions.
 There are        0 group pairs and        0 group exclusions.
 GTNBCT> CUTNB,CTOFNB,CTONNB=       8.0       6.0       6.0

      ***** LEVEL  1 WARNING FROM <GTNBCT> *****
      ***** CUTNB,CTOFNB,CTONNB are not in correct order.
      ******************************************
      BOMLEV (  0) IS NOT REACHED. WRNLEV IS  5

 <MAKINB> with mode   5 found  27374 exclusions and   5963 interactions(1-4)
 <MAKGRP> found   1955 group exclusions.
 <MAKGRP> found      0 image group exclusions.
 Generating nonbond list with Exclusion mode = 5
 == PRIMARY == SPACE FOR        0 ATOM PAIRS AND        0 GROUP PAIRS
 == IMAGES === SPACE FOR        0 ATOM PAIRS AND        0 GROUP PAIRS
  
 =========================================
              TRIAL run of list...........
 =========================================
Using Image CUBE search
Using Image CUBE search
  NBNDGCM found:
     1993926  atom pairs
      296860  image atom pairs
           0  self atom pairs
  
 CHARMM>    energy

 SELECTED IMAGES ATOMS BEING CENTERED ABOUT  0.000000  0.000000  0.000000

 <MKIMAT2>: updating the image atom lists and remapping
 Transformation   Atoms  Groups  Residues  Min-Distance
    1  C001 has      85      29      29        3.08
    2  C002 has     774     260     260        0.49
    3  C003 has      84      28      28        1.36
    4  C004 has     733     247     247        0.44
    5  C005 has    5281    1769    1769        0.00
    6  C006 has     892     298     298        1.26
    7  C007 has     850     286     286        0.29
    8  C008 has    5232    1748    1740        0.00
    9  C009 has     800     268     268        0.24
   10  C010 has    5178    1735    1735        0.00
   12  C012 has     100      34      34        1.90
   13  C013 has     847     283     283        0.00
   14  C014 has      72      24      24        2.15
 Total of44183 atoms and14707 groups and14167 residues were included

 <MAKGRP> found      0 image group exclusions.

 NONBOND OPTION FLAGS: 
     ELEC     VDW      ATOMs    CDIElec  FSWItch  VATOm    VFSWIt  
     BYCB     NOEXtnd  NOEWald 
 CUTNB  =  8.000 CTEXNB =999.000 CTONNB =  6.000 CTOFNB =  6.000
 CGONNB =  0.000 CGOFNB = 10.000
 WMIN   =  1.000 WRNMXD =  0.500 E14FAC =  1.000 EPS    =  1.000
 NBXMOD =      5
 There are  1993926 atom  pairs and    33337 atom  exclusions.
 There are        0 group pairs and     1955 group exclusions.
 GTNBCT> CUTNB,CTOFNB,CTONNB=       8.0       6.0       6.0

      ***** LEVEL  1 WARNING FROM <GTNBCT> *****
      ***** CUTNB,CTOFNB,CTONNB are not in correct order.
      ******************************************
      BOMLEV (  0) IS NOT REACHED. WRNLEV IS  5

 Generating nonbond list with Exclusion mode = 5
 == PRIMARY == SPACE FOR  2592103 ATOM PAIRS AND        0 GROUP PAIRS
 == IMAGES === SPACE FOR   385918 ATOM PAIRS AND        0 GROUP PAIRS
Using Image CUBE search
  NBNDGCM found:
     1993926  atom pairs
      296860  image atom pairs
           0  self atom pairs
ENER ENR:  Eval#     ENERgy      Delta-E         GRMS
ENER INTERN:          BONDs       ANGLes       UREY-b    DIHEdrals    IMPRopers
ENER CROSS:           CMAPs        PMF1D        PMF2D        PRIMO
ENER EXTERN:        VDWaals         ELEC       HBONds          ASP         USER
ENER IMAGES:        IMNBvdw       IMELec       IMHBnd       RXNField    EXTElec
 ----------       ---------    ---------    ---------    ---------    ---------
ENER>        0 65736077.211        0.000  1396273.153
ENER INTERN>      291.03432    487.00305     85.18646   1562.93423     11.84878
ENER CROSS>        13.89508      0.00000      0.00000      0.00000
ENER EXTERN>     9709.46326 -70389.23874      0.00000      0.00000      0.00000
ENER IMAGES>   65794138.399      166.686        0.000        0.000        0.000
 ----------       ---------    ---------    ---------    ---------    ---------
  
 CHARMM>     
  
 CHARMM>    !
 CHARMM>    ! cons fix all heavy atoms except generated water molecules and
 CHARMM>    ! short minimization
 CHARMM>    !
 CHARMM>     
  
 CHARMM>    cons fix sele .not. ( hydrogen .or. segid SOLV .or. segid @posid .or. segid @negid ) end
 Parameter: POSID -> "POT"
 Parameter: NEGID -> "CLA"
 SELRPN>   1157 atoms have been selected out of  23255
  
 CHARMM>    cons harm force 0.1 sele segid @posid .or. segid @negid end
 Parameter: POSID -> "POT"
 Parameter: NEGID -> "CLA"
 SELRPN>     41 atoms have been selected out of  23255
 CSTRAN: Harmonic Restraints
          ABSOlute type as set number  1.  Number of selected atoms:     41
          Reference coordinates set to main coordinates.
          Mass weighting will NOT be used for new restraints.
          The force constant of       0.10000 will be used.
          An exponent of  2 will be used.
          The XYZ scale factors are:       1.00000       1.00000       1.00000
          A total of     41 atoms are restrained.
  
 CHARMM>     
  
 CHARMM>    mini SD   nstep 50 nprint 5

 SELECTED IMAGES ATOMS BEING CENTERED ABOUT  0.000000  0.000000  0.000000

 <MKIMAT2>: updating the image atom lists and remapping
 Transformation   Atoms  Groups  Residues  Min-Distance
    1  C001 has      85      29      29        3.08
    2  C002 has     774     260     260        0.49
    3  C003 has      84      28      28        1.36
    4  C004 has     733     247     247        0.44
    5  C005 has    5281    1769    1769        0.00
    6  C006 has     892     298     298        1.26
    7  C007 has     850     286     286        0.29
    8  C008 has    5232    1748    1740        0.00
    9  C009 has     800     268     268        0.24
   10  C010 has    5178    1735    1735        0.00
   12  C012 has     100      34      34        1.90
   13  C013 has     847     283     283        0.00
   14  C014 has      72      24      24        2.15
 Total of44183 atoms and14707 groups and14167 residues were included

 <MAKGRP> found      0 image group exclusions.

 NONBOND OPTION FLAGS: 
     ELEC     VDW      ATOMs    CDIElec  FSWItch  VATOm    VFSWIt  
     BYCB     NOEXtnd  NOEWald 
 CUTNB  =  8.000 CTEXNB =999.000 CTONNB =  6.000 CTOFNB =  6.000
 CGONNB =  0.000 CGOFNB = 10.000
 WMIN   =  1.000 WRNMXD =  0.500 E14FAC =  1.000 EPS    =  1.000
 NBXMOD =      5
 There are  1993926 atom  pairs and    33337 atom  exclusions.
 There are        0 group pairs and     1955 group exclusions.
 GTNBCT> CUTNB,CTOFNB,CTONNB=       8.0       6.0       6.0

      ***** LEVEL  1 WARNING FROM <GTNBCT> *****
      ***** CUTNB,CTOFNB,CTONNB are not in correct order.
      ******************************************
      BOMLEV (  0) IS NOT REACHED. WRNLEV IS  5

 Generating nonbond list with Exclusion mode = 5
 == PRIMARY == SPACE FOR  2592103 ATOM PAIRS AND        0 GROUP PAIRS
 == IMAGES === SPACE FOR   385918 ATOM PAIRS AND        0 GROUP PAIRS
Using Image CUBE search
  NBNDGCM found:
     1948531  atom pairs
      296860  image atom pairs
           0  self atom pairs


 STEEPD> An energy minimization has been requested.

 NSTEP  =           50   NPRINT =            5
 STEP   =    0.0200000   TOLFUN =    0.0000000
 TOLGRD =    0.0000000   TOLSTP =    0.0000000

MINI MIN: Cycle      ENERgy      Delta-E         GRMS    Step-size
MINI INTERN:          BONDs       ANGLes       UREY-b    DIHEdrals    IMPRopers
MINI EXTERN:        VDWaals         ELEC       HBONds          ASP         USER
MINI IMAGES:        IMNBvdw       IMELec       IMHBnd       RXNField    EXTElec
 ----------       ---------    ---------    ---------    ---------    ---------
MINI>        0 65722295.206    13782.005  1432359.639        0.020
MINI INTERN>        0.15969    105.44882      7.28031    255.05332      0.00000
MINI EXTERN>     9324.40624 -81702.22714      0.00000      0.00000      0.00000
MINI IMAGES>   65794138.399      166.686        0.000        0.000        0.000
 ----------       ---------    ---------    ---------    ---------    ---------
MINI>        5   -60428.398 65782723.604       39.003        0.021
MINI INTERN>     5241.72880   1230.82863      8.29759    251.41020      0.02776
MINI EXTERN>     9767.15727 -89770.11733      0.00000      0.00000      0.00000
MINI IMAGES>    13170.02902   -327.82143      0.00000      0.00000      0.00000
MINI CONSTR>        0.06102      0.00000      0.00000      0.00000      0.00000
 ----------       ---------    ---------    ---------    ---------    ---------
 UPDECI: Image update at step         9

 <MKIMAT2>: updating the image atom lists and remapping
 Transformation   Atoms  Groups  Residues  Min-Distance
    1  C001 has      85      29      29        3.02
    2  C002 has     774     260     260        0.45
    3  C003 has      84      28      28        1.47
    4  C004 has     709     239     239        0.45
    5  C005 has    5236    1754    1754        0.00
    6  C006 has     892     298     298        1.30
    7  C007 has     850     286     286        0.41
    8  C008 has    5196    1736    1728        0.00
    9  C009 has     800     268     268        0.36
   10  C010 has    5094    1707    1707        0.00
   12  C012 has      97      33      33        2.03
   13  C013 has     844     282     282        0.00
   14  C014 has      66      22      22        2.42
 Total of43982 atoms and14640 groups and14100 residues were included

 <MAKGRP> found      0 image group exclusions.
 UPDECI: Nonbond update at step         9
 Generating nonbond list with Exclusion mode = 5
 == PRIMARY == SPACE FOR  2592103 ATOM PAIRS AND        0 GROUP PAIRS
 == IMAGES === SPACE FOR   385918 ATOM PAIRS AND        0 GROUP PAIRS
Using Image CUBE search
  NBNDGCM found:
     1952877  atom pairs
      292558  image atom pairs
           0  self atom pairs
MINI>       10 -78076.49677  17648.09830      7.07263      0.00896
MINI INTERN>     2661.84108   1740.24653      7.61057    241.45195      0.48976
MINI EXTERN>    10077.01736 -93581.97143      0.00000      0.00000      0.00000
MINI IMAGES>     1911.79925  -1135.09417      0.00000      0.00000      0.00000
MINI CONSTR>        0.11231      0.00000      0.00000      0.00000      0.00000
 ----------       ---------    ---------    ---------    ---------    ---------
MINI>       15 -85464.02381   7387.52705      6.37838      0.00929
MINI INTERN>     2793.12142   1875.02659      9.11436    229.65037      2.50301
MINI EXTERN>     9983.52287 -99100.65444      0.00000      0.00000      0.00000
MINI IMAGES>     1179.79173  -2436.32191      0.00000      0.00000      0.00000
MINI CONSTR>        0.22219      0.00000      0.00000      0.00000      0.00000
 ----------       ---------    ---------    ---------    ---------    ---------
MINI>       20 -88454.53229   2990.50848     10.58784      0.00963
MINI INTERN>     3988.58910   1956.12687     10.08744    224.52035      4.74666
MINI EXTERN>    10143.13126-102416.14827      0.00000      0.00000      0.00000
MINI IMAGES>      919.17323  -3285.09572      0.00000      0.00000      0.00000
MINI CONSTR>        0.33679      0.00000      0.00000      0.00000      0.00000
 ----------       ---------    ---------    ---------    ---------    ---------
MINI>       25 -92840.49957   4385.96728      3.29371      0.00416
MINI INTERN>     2392.19091   1829.62519     10.60558    222.36888      6.66791
MINI EXTERN>    10122.44415-104425.23779      0.00000      0.00000      0.00000
MINI IMAGES>      887.88791  -3887.50082      0.00000      0.00000      0.00000
MINI CONSTR>        0.44852      0.00000      0.00000      0.00000      0.00000
 ----------       ---------    ---------    ---------    ---------    ---------
MINI>       30 -95072.60006   2232.10049      2.86003      0.00431
MINI INTERN>     2428.15357   1849.75022     10.92512    221.31488      8.19013
MINI EXTERN>    10250.13416-106271.41892      0.00000      0.00000      0.00000
MINI IMAGES>      800.94381  -4371.15333      0.00000      0.00000      0.00000
MINI CONSTR>        0.56031      0.00000      0.00000      0.00000      0.00000
 ----------       ---------    ---------    ---------    ---------    ---------
MINI>       35 -96822.36025   1749.76019      5.38749      0.00447
MINI INTERN>     2705.04817   1874.41066     11.19023    220.76242      9.56894
MINI EXTERN>    10382.17996-107940.50067      0.00000      0.00000      0.00000
MINI IMAGES>      739.24054  -4824.94345      0.00000      0.00000      0.00000
MINI CONSTR>        0.68295      0.00000      0.00000      0.00000      0.00000
 ----------       ---------    ---------    ---------    ---------    ---------
MINI>       40 -98266.55961   1444.19935      5.78811      0.00464
MINI INTERN>     2801.92824   1880.75691     11.34437    220.58092     10.45991
MINI EXTERN>    10470.98128-109199.72366      0.00000      0.00000      0.00000
MINI IMAGES>      689.69724  -5153.34915      0.00000      0.00000      0.00000
MINI CONSTR>        0.76433      0.00000      0.00000      0.00000      0.00000
 ----------       ---------    ---------    ---------    ---------    ---------
MINI>       45 -99547.11586   1280.55626      6.00845      0.00481
MINI INTERN>     2865.99119   1887.22766     11.46306    220.50580     11.15221
MINI EXTERN>    10561.80641-110321.72509      0.00000      0.00000      0.00000
MINI IMAGES>      649.72147  -5434.10528      0.00000      0.00000      0.00000
MINI CONSTR>        0.84670      0.00000      0.00000      0.00000      0.00000
 ----------       ---------    ---------    ---------    ---------    ---------
MINI>       50-100584.65566   1037.53980      6.15825      0.00498
MINI INTERN>     2934.06491   1907.55712     11.54403    220.53433     11.65449
MINI EXTERN>    10645.25409-111276.42114      0.00000      0.00000      0.00000
MINI IMAGES>      618.01554  -5657.78047      0.00000      0.00000      0.00000
MINI CONSTR>        0.92144      0.00000      0.00000      0.00000      0.00000
 ----------       ---------    ---------    ---------    ---------    ---------

 STEEPD> Minimization exiting with number of steps limit (        50) exceeded.

STPD MIN: Cycle      ENERgy      Delta-E         GRMS    Step-size
STPD INTERN:          BONDs       ANGLes       UREY-b    DIHEdrals    IMPRopers
STPD EXTERN:        VDWaals         ELEC       HBONds          ASP         USER
STPD IMAGES:        IMNBvdw       IMELec       IMHBnd       RXNField    EXTElec
STPD CONSTR:       HARMonic    CDIHedral          CIC     RESDistance       NOE
 ----------       ---------    ---------    ---------    ---------    ---------
STPD>       50-100584.65566   1037.53980      6.15825      0.00598
STPD INTERN>     2934.06491   1907.55712     11.54403    220.53433     11.65449
STPD EXTERN>    10645.25409-111276.42114      0.00000      0.00000      0.00000
STPD IMAGES>      618.01554  -5657.78047      0.00000      0.00000      0.00000
STPD CONSTR>        0.92144      0.00000      0.00000      0.00000      0.00000
 ----------       ---------    ---------    ---------    ---------    ---------
  
 CHARMM>    mini ABNR nstep 50 nprint 5

 SELECTED IMAGES ATOMS BEING CENTERED ABOUT  0.000000  0.000000  0.000000
 RESIDUE  317 OPERATED ON BY TRANSFORMATION C022
 RESIDUE 1024 OPERATED ON BY TRANSFORMATION C022
 RESIDUE 1688 OPERATED ON BY TRANSFORMATION C022
 RESIDUE 3216 OPERATED ON BY TRANSFORMATION C022
 RESIDUE 3615 OPERATED ON BY TRANSFORMATION C022
 RESIDUE 5074 OPERATED ON BY TRANSFORMATION C022
 RESIDUE 5655 OPERATED ON BY TRANSFORMATION C022
 RESIDUE 6110 OPERATED ON BY TRANSFORMATION C008

 <MKIMAT2>: updating the image atom lists and remapping
 Transformation   Atoms  Groups  Residues  Min-Distance
    1  C001 has      79      27      27        3.09
    2  C002 has     780     262     262        0.51
    3  C003 has      84      28      28        1.60
    4  C004 has     700     236     236        0.46
    5  C005 has    5233    1753    1753        0.00
    6  C006 has     892     298     298        0.85
    7  C007 has     829     279     279        0.80
    8  C008 has    5229    1748    1741        0.00
    9  C009 has     790     264     264        0.27
   10  C010 has    5094    1707    1707        0.00
   12  C012 has      97      33      33        2.46
   13  C013 has     856     286     286        0.00
   14  C014 has      66      22      22        2.59
 Total of43984 atoms and14641 groups and14102 residues were included

 <MAKGRP> found      0 image group exclusions.

 NONBOND OPTION FLAGS: 
     ELEC     VDW      ATOMs    CDIElec  FSWItch  VATOm    VFSWIt  
     BYCB     NOEXtnd  NOEWald 
 CUTNB  =  8.000 CTEXNB =999.000 CTONNB =  6.000 CTOFNB =  6.000
 CGONNB =  0.000 CGOFNB = 10.000
 WMIN   =  1.000 WRNMXD =  0.500 E14FAC =  1.000 EPS    =  1.000
 NBXMOD =      5
 There are  1952877 atom  pairs and    33337 atom  exclusions.
 There are        0 group pairs and     1955 group exclusions.
 GTNBCT> CUTNB,CTOFNB,CTONNB=       8.0       6.0       6.0

      ***** LEVEL  1 WARNING FROM <GTNBCT> *****
      ***** CUTNB,CTOFNB,CTONNB are not in correct order.
      ******************************************
      BOMLEV (  0) IS NOT REACHED. WRNLEV IS  5

 Generating nonbond list with Exclusion mode = 5
 == PRIMARY == SPACE FOR  2592103 ATOM PAIRS AND        0 GROUP PAIRS
 == IMAGES === SPACE FOR   385918 ATOM PAIRS AND        0 GROUP PAIRS
Using Image CUBE search
  NBNDGCM found:
     1954665  atom pairs
      290037  image atom pairs
           0  self atom pairs


 ABNER> An energy minimization has been requested.

 EIGRNG =    0.0005000   MINDIM =            5
 NPRINT =            5   NSTEP  =           50
 PSTRCT =    0.0000000   SDSTP  =    0.0200000
 STPLIM =    1.0000000   STRICT =    0.1000000
 TOLFUN =    0.0000000   TOLGRD =    0.0000000
 TOLITR =          100   TOLSTP =    0.0000000
 FMEM   =    0.0000000
MINI MIN: Cycle      ENERgy      Delta-E         GRMS    Step-size
MINI INTERN:          BONDs       ANGLes       UREY-b    DIHEdrals    IMPRopers
MINI EXTERN:        VDWaals         ELEC       HBONds          ASP         USER
MINI IMAGES:        IMNBvdw       IMELec       IMHBnd       RXNField    EXTElec
MINI CONSTR:       HARMonic    CDIHedral          CIC     RESDistance       NOE
 ----------       ---------    ---------    ---------    ---------    ---------
MINI>        0-100584.65566      0.00000      6.15825      0.00000
MINI INTERN>     2934.06491   1907.55712     11.54403    220.53433     11.65449
MINI EXTERN>    10652.64384-111191.04572      0.00000      0.00000      0.00000
MINI IMAGES>      610.62579  -5743.15589      0.00000      0.00000      0.00000
MINI CONSTR>        0.92144      0.00000      0.00000      0.00000      0.00000
 ----------       ---------    ---------    ---------    ---------    ---------
MINI>        5-101533.69926    949.04360      3.75380      0.08100
MINI INTERN>     2668.63858   1903.27295     11.58775    220.60674     11.90849
MINI EXTERN>    10696.83294-111769.67193      0.00000      0.00000      0.00000
MINI IMAGES>      602.79038  -5880.62727      0.00000      0.00000      0.00000
MINI CONSTR>        0.96211      0.00000      0.00000      0.00000      0.00000
 ----------       ---------    ---------    ---------    ---------    ---------
MINI>       10-103074.64749   1540.94822      3.09968      0.61509
MINI INTERN>     2726.59212   1933.53034     11.75794    221.10574     12.79165
MINI EXTERN>    10886.36704-113188.85357      0.00000      0.00000      0.00000
MINI IMAGES>      567.86832  -6246.93359      0.00000      0.00000      0.00000
MINI CONSTR>        1.12652      0.00000      0.00000      0.00000      0.00000
 ----------       ---------    ---------    ---------    ---------    ---------
MINI>       15-104341.97781   1267.33033      3.53186      1.00891
MINI INTERN>     2813.15195   1937.76797     11.99866    222.23072     13.87243
MINI EXTERN>    11162.17732-114417.50710      0.00000      0.00000      0.00000
MINI IMAGES>      537.64519  -6624.68572      0.00000      0.00000      0.00000
MINI CONSTR>        1.37076      0.00000      0.00000      0.00000      0.00000
 ----------       ---------    ---------    ---------    ---------    ---------
MINI>       20-105554.75734   1212.77953      3.15375      1.65486
MINI INTERN>     2762.17987   1924.52926     12.21260    223.75463     14.84530
MINI EXTERN>    11410.39625-115460.65728      0.00000      0.00000      0.00000
MINI IMAGES>      518.58516  -6962.24608      0.00000      0.00000      0.00000
MINI CONSTR>        1.64296      0.00000      0.00000      0.00000      0.00000
 ----------       ---------    ---------    ---------    ---------    ---------
MINI>       25-106607.64984   1052.89250      3.78565      2.71438
MINI INTERN>     2782.34585   1940.31345     12.37087    225.32435     15.59371
MINI EXTERN>    11605.68845-116443.41028      0.00000      0.00000      0.00000
MINI IMAGES>      503.80280  -7251.54140      0.00000      0.00000      0.00000
MINI CONSTR>        1.86235      0.00000      0.00000      0.00000      0.00000
 ----------       ---------    ---------    ---------    ---------    ---------
MINI>       30-107798.46415   1190.81430      4.21959      4.45227
MINI INTERN>     2868.05477   1960.01604     12.37349    226.37524     15.77520
MINI EXTERN>    11648.90418-117509.42358      0.00000      0.00000      0.00000
MINI IMAGES>      497.40225  -7519.91484      0.00000      0.00000      0.00000
MINI CONSTR>        1.97312      0.00000      0.00000      0.00000      0.00000
 ----------       ---------    ---------    ---------    ---------    ---------
MINI>       35-109307.80184   1509.33769      2.76005      2.62902
MINI INTERN>     2783.63247   1979.04448     12.31555    227.01073     15.62844
MINI EXTERN>    11699.72541-118707.10931      0.00000      0.00000      0.00000
MINI IMAGES>      493.04972  -7813.17912      0.00000      0.00000      0.00000
MINI CONSTR>        2.07979      0.00000      0.00000      0.00000      0.00000
 ----------       ---------    ---------    ---------    ---------    ---------
MINI>       40-110525.68498   1217.88315      2.65371      2.58735
MINI INTERN>     2793.48470   1989.58511     12.22969    227.42237     15.40345
MINI EXTERN>    11760.86132-119736.12572      0.00000      0.00000      0.00000
MINI IMAGES>      490.19318  -8080.93052      0.00000      0.00000      0.00000
MINI CONSTR>        2.19143      0.00000      0.00000      0.00000      0.00000
 ----------       ---------    ---------    ---------    ---------    ---------
MINI>       45-111441.31690    915.63191      3.88660      4.24390
MINI INTERN>     2868.34151   2002.58820     12.10797    227.45084     15.10097
MINI EXTERN>    11803.13047-120546.56544      0.00000      0.00000      0.00000
MINI IMAGES>      486.40984  -8312.19258      0.00000      0.00000      0.00000
MINI CONSTR>        2.31133      0.00000      0.00000      0.00000      0.00000
 ----------       ---------    ---------    ---------    ---------    ---------
 UPDECI: Image update at step        46

 <MKIMAT2>: updating the image atom lists and remapping
 Transformation   Atoms  Groups  Residues  Min-Distance
    1  C001 has      79      27      27        2.68
    2  C002 has     777     261     261        0.50
    3  C003 has      87      29      29        1.99
    4  C004 has     712     240     240        0.11
    5  C005 has    5235    1753    1753        0.00
    6  C006 has     886     296     296        0.33
    7  C007 has     826     278     278        0.84
    8  C008 has    5249    1755    1749        0.00
    9  C009 has     769     257     257        0.00
   10  C010 has    5082    1703    1703        0.00
   12  C012 has      94      32      32        2.73
   13  C013 has     862     288     288        0.00
   14  C014 has      72      24      24        2.24
 Total of43985 atoms and14641 groups and14103 residues were included

 <MAKGRP> found      0 image group exclusions.
 UPDECI: Nonbond update at step        46
 Generating nonbond list with Exclusion mode = 5
 == PRIMARY == SPACE FOR  2592103 ATOM PAIRS AND        0 GROUP PAIRS
 == IMAGES === SPACE FOR   385918 ATOM PAIRS AND        0 GROUP PAIRS
Using Image CUBE search
  NBNDGCM found:
     1952395  atom pairs
      291013  image atom pairs
           0  self atom pairs
MINI>       50-112396.16554    954.84864      3.15956      2.50598
MINI INTERN>     2837.58377   2007.89463     11.98401    227.29814     14.80695
MINI EXTERN>    11832.74925-121288.28592      0.00000      0.00000      0.00000
MINI IMAGES>      479.53257  -8522.14736      0.00000      0.00000      0.00000
MINI CONSTR>        2.41842      0.00000      0.00000      0.00000      0.00000
 ----------       ---------    ---------    ---------    ---------    ---------

 ABNER> Minimization exiting with number of steps limit (   50) exceeded.

ABNR MIN: Cycle      ENERgy      Delta-E         GRMS    Step-size
ABNR INTERN:          BONDs       ANGLes       UREY-b    DIHEdrals    IMPRopers
ABNR EXTERN:        VDWaals         ELEC       HBONds          ASP         USER
ABNR IMAGES:        IMNBvdw       IMELec       IMHBnd       RXNField    EXTElec
ABNR CONSTR:       HARMonic    CDIHedral          CIC     RESDistance       NOE
 ----------       ---------    ---------    ---------    ---------    ---------
ABNR>       50-112396.16554    954.84864      3.15956      3.75897
ABNR INTERN>     2837.58377   2007.89463     11.98401    227.29814     14.80695
ABNR EXTERN>    11832.74925-121288.28592      0.00000      0.00000      0.00000
ABNR IMAGES>      479.53257  -8522.14736      0.00000      0.00000      0.00000
ABNR CONSTR>        2.41842      0.00000      0.00000      0.00000      0.00000
 ----------       ---------    ---------    ---------    ---------    ---------
  
 CHARMM>     
  
 CHARMM>    cons fix sele none end
 SELRPN>      0 atoms have been selected out of  23255
  
 CHARMM>     
  
 CHARMM>    !
 CHARMM>    ! Write coordinates and system information
 CHARMM>    !
 CHARMM>     
  
 CHARMM>    open write unit 10 card name step3_pbcsetup.psf
 OPNLGU> Unit already open. The old file will be closed first.
 VCLOSE: Closing unit   10 with status "KEEP"
 VOPEN> Attempting to open::step3_pbcsetup.psf::
 OPNLGU> Unit 10 opened for WRITE access to /home/charmm-gui/data/www/1476677563/step3_pbcsetup.psf
  
 CHARMM>    write  psf unit 10 card
 RDTITL>  
 RDTITL> No title read.
  
 CHARMM>     
  
 CHARMM>    open write unit 10 card name step3_pbcsetup.oldpsf
 OPNLGU> Unit already open. The old file will be closed first.
 VCLOSE: Closing unit   10 with status "KEEP"
 VOPEN> Attempting to open::step3_pbcsetup.oldpsf::
 OPNLGU> Unit 10 opened for WRITE access to /home/charmm-gui/data/www/1476677563/step3_pbcsetup.oldpsf
  
 CHARMM>    write  psf unit 10 card oldpsf
 RDTITL>  
 RDTITL> No title read.
  
 CHARMM>     
  
 CHARMM>    open write unit 10 card name step3_pbcsetup.pdb
 OPNLGU> Unit already open. The old file will be closed first.
 VCLOSE: Closing unit   10 with status "KEEP"
 VOPEN> Attempting to open::step3_pbcsetup.pdb::
 OPNLGU> Unit 10 opened for WRITE access to /home/charmm-gui/data/www/1476677563/step3_pbcsetup.pdb
  
 CHARMM>    write coor unit 10 pdb
 RDTITL>  
 RDTITL> No title read.
  Write CHARMM-pdb format
  
 CHARMM>     
  
 CHARMM>    open write unit 10 card name step3_pbcsetup.crd
 OPNLGU> Unit already open. The old file will be closed first.
 VCLOSE: Closing unit   10 with status "KEEP"
 VOPEN> Attempting to open::step3_pbcsetup.crd::
 OPNLGU> Unit 10 opened for WRITE access to /home/charmm-gui/data/www/1476677563/step3_pbcsetup.crd
  
 CHARMM>    write coor unit 10 card
 RDTITL>  
 RDTITL> No title read.
 VCLOSE: Closing unit   10 with status "KEEP"
  
 CHARMM>     
  
 CHARMM>    open write unit 10 card name step3_pbcsetup.xplor.ext.psf
 VOPEN> Attempting to open::step3_pbcsetup.xplor.ext.psf::
 OPNLGU> Unit 10 opened for WRITE access to /home/charmm-gui/data/www/1476677563/step3_pbcsetup.xplor.ext.psf
  
 CHARMM>    write psf  xplo unit 10 card
 RDTITL>  
 RDTITL> No title read.
  
 CHARMM>     
  
 CHARMM>    ioformat noext
 MISCOM> Expanded I/O format is NOT used.
  
 CHARMM>    open write unit 10 card name step3_pbcsetup.xplor.psf
 OPNLGU> Unit already open. The old file will be closed first.
 VCLOSE: Closing unit   10 with status "KEEP"
 VOPEN> Attempting to open::step3_pbcsetup.xplor.psf::
 OPNLGU> Unit 10 opened for WRITE access to /home/charmm-gui/data/www/1476677563/step3_pbcsetup.xplor.psf
  
 CHARMM>    write psf  xplo unit 10 card
 RDTITL>  
 RDTITL> No title read.
  
 CHARMM>     
  
 CHARMM>    open  write unit 90 card name step3_pbcsetup.str
 VOPEN> Attempting to open::step3_pbcsetup.str::
 OPNLGU> Unit 90 opened for WRITE access to /home/charmm-gui/data/www/1476677563/step3_pbcsetup.str
  
 CHARMM>    write title unit 90
 RDTITL> * SET XTLTYPE  = CUBIC
 RDTITL> * SET A = 63
 RDTITL> * SET B = 63
 RDTITL> * SET C = 63
 RDTITL> * SET ALPHA = 90.0
 RDTITL> * SET BETA  = 90.0
 RDTITL> * SET GAMMA = 90.0
 RDTITL> * SET FFTX     = 72
 RDTITL> * SET FFTY     = 72
 RDTITL> * SET FFTZ     = 72
 RDTITL> * SET POSID = POT
 RDTITL> * SET NEGID = CLA
 RDTITL> * SET XCEN = 0
 RDTITL> * SET YCEN = 0
 RDTITL> * SET ZCEN = 0
 RDTITL> *
  
 CHARMM>     
  
 CHARMM>     
  
 CHARMM>    stop
 VCLOSE: Closing unit   10 with status "KEEP"
 VCLOSE: Closing unit   20 with status "KEEP"
 VCLOSE: Closing unit   90 with status "KEEP"
$$$$$$  New timer profile $$$$$
      Image Update                    0.04 Other:            0.00
      xdistm setup                    0.00 Other:            0.00
      xdistm Build list               0.76 Other:            0.00
      NBONDS                          0.22 Other:            0.00
   List time                       1.02 Other:            0.00
      Nonbond force                   3.33 Other:            0.00
         Bond energy                     0.03 Other:            0.00
         Angle energy                    0.07 Other:            0.00
         Dihedral energy                 0.10 Other:            0.00
         Restraints energy               0.00 Other:            0.00
      INTRNL energy                   0.23 Other:            0.03
   Energy time                     3.61 Other:            0.04
 Total time                     11.31 Other:            6.68

                    NORMAL TERMINATION BY NORMAL STOP
                    MOST SEVERE WARNING WAS AT LEVEL  1

                    $$$$$ JOB ACCOUNTING INFORMATION $$$$$
                     ELAPSED TIME:    11.31  SECONDS 
                         CPU TIME:    11.27  SECONDS 
