1
                 Chemistry at HARvard Macromolecular Mechanics
           (CHARMM) - Developmental Version 41a2   February 15, 2016            
       Copyright(c) 1984-2014  President and Fellows of Harvard College
                              All Rights Reserved
     Current operating system: Linux-3.10.0-327.28.3.el7.x86_64(x86_64)@cgp     
                 Created on 10/17/16 at  0:25:46 by user: apache      

            Maximum number of ATOMS:    360720, and RESidues:      120240
 RDTITL> * GENERATED BY CHARMM-GUI (HTTP://WWW.CHARMM-GUI.ORG) V1.8 ON OCT, 16. 2016.
 RDTITL> * INPUT GENERATION
 RDTITL> *
  
 CHARMM>     
  
 CHARMM>    DIMENS CHSIZE 3000000 MAXRES 3000000
Size      Original         New
MAXA        360720     3000000
MAXB        360720     3000000
MAXT        721440     6000000
MAXP       1082160     9000000
MAXIMP      180360     1500000
MAXNB        90180      750000
MAXPAD      360720     3000000
MAXRES      120240     3000000
MAXSEG       45090      375000
MAXATC        1400
MAXCB         3000
MAXCT        50000
MAXCP        20000
MAXCI         1200
MAXCH         6400
MAXCN       502503
MAXCRT      120240     1000000
  
 CHARMM>     
  
 CHARMM>    ! Read topology and parameter files
 CHARMM>    stream toppar.str
 VOPEN> Attempting to open::toppar.str::
 OPNLGU> Unit 99 opened for READONLY access to /home/charmm-gui/data/www/1476677563/toppar.str

                    INPUT STREAM SWITCHING TO UNIT    99
 RDTITL> * GENERATED BY CHARMM-GUI (HTTP://WWW.CHARMM-GUI.ORG) V1.8 ON OCT, 16. 2016.
 RDTITL> * STREAM FILE FOR TOPOLOGY AND PARAMETER READING
 RDTITL> *
 Parameter: IN1 <- "" <empty>
  
 CHARMM>     
  
 CHARMM>    ! protein topology and parameter
 CHARMM>    open read card unit 10 name toppar/top_all36_prot.rtf
 VOPEN> Attempting to open::toppar/top_all36_prot.rtf::
 OPNLGU> Unit 10 opened for READONLY access to /home/charmm-gui/data/www/1476677563/toppar/top_all36_prot.rtf
  
 CHARMM>    read  rtf card unit 10
 MAINIO> Residue topology file being read from unit  10.
 TITLE> *>>>>>>>>CHARMM36 ALL-HYDROGEN TOPOLOGY FILE FOR PROTEINS <<<<<<
 TITLE> *>>>>> INCLUDES PHI, PSI CROSS TERM MAP (CMAP) CORRECTION <<<<<<<
 TITLE> *>>>>>>>>>>>>>>>>>>>>>>>>>> MAY 2011 <<<<<<<<<<<<<<<<<<<<<<<<<<<<
 TITLE> * ALL COMMENTS TO THE CHARMM WEB SITE: WWW.CHARMM.ORG
 TITLE> *             PARAMETER SET DISCUSSION FORUM
 TITLE> *
  
 CHARMM>     
  
 CHARMM>    open read card unit 20 name toppar/par_all36_prot.prm
 VOPEN> Attempting to open::toppar/par_all36_prot.prm::
 OPNLGU> Unit 20 opened for READONLY access to /home/charmm-gui/data/www/1476677563/toppar/par_all36_prot.prm
  
 CHARMM>    read para card unit 20 flex

          PARAMETER FILE BEING READ FROM UNIT 20
 TITLE> *>>>> CHARMM36 ALL-HYDROGEN PARAMETER FILE FOR PROTEINS <<<<<<<<<<
 TITLE> *>>>>> INCLUDES PHI, PSI CROSS TERM MAP (CMAP) CORRECTION <<<<<<<<
 TITLE> *>>>>>>>>>>>>>>>>>>>>>>>>>> FEB. 2012 <<<<<<<<<<<<<<<<<<<<<<<<<<<<
 TITLE> * ALL COMMENTS TO THE CHARMM WEB SITE: WWW.CHARMM.ORG
 TITLE> *             PARAMETER SET DISCUSSION FORUM
 TITLE> *
 PARMIO> NONBOND, HBOND lists and IMAGE atoms cleared.
  
 CHARMM>     
  
 CHARMM>    ! nucleic acids
 CHARMM>    open read card unit 10 name toppar/top_all36_na.rtf
 OPNLGU> Unit already open. The old file will be closed first.
 VCLOSE: Closing unit   10 with status "KEEP"
 VOPEN> Attempting to open::toppar/top_all36_na.rtf::
 OPNLGU> Unit 10 opened for READONLY access to /home/charmm-gui/data/www/1476677563/toppar/top_all36_na.rtf
  
 CHARMM>    read  rtf card unit 10 append
 MAINIO> Residue topology file being read from unit  10.
 TITLE> *  \\\\ CHARMM36 ALL-HYDROGEN NUCLEIC ACID TOPOLOGY FILE ////
 TITLE> *   ALEXANDER D. MACKERELL JR. AND COWORKERS
 TITLE> *                      APRIL 2011
 TITLE> * ALL COMMENTS TO THE CHARMM WEB SITE: WWW.CHARMM.ORG
 TITLE> *           PARAMETER SET DISCUSSION FORUM
 TITLE> *
  
 CHARMM>     
  
 CHARMM>    open read card unit 20 name toppar/par_all36_na.prm
 OPNLGU> Unit already open. The old file will be closed first.
 VCLOSE: Closing unit   20 with status "KEEP"
 VOPEN> Attempting to open::toppar/par_all36_na.prm::
 OPNLGU> Unit 20 opened for READONLY access to /home/charmm-gui/data/www/1476677563/toppar/par_all36_na.prm
  
 CHARMM>    read para card unit 20 append flex

          PARAMETER FILE BEING READ FROM UNIT 20
 TITLE> * \\\\ CHARMM36 ALL-HYDROGEN NUCLEIC ACID PARAMETER FILE ////
 TITLE> *         ALEXANDER D. MACKERELL JR. AND COWORKERS
 TITLE> *                        APRIL 2011
 TITLE> * ALL COMMENTS TO THE CHARMM WEB SITE: WWW.CHARMM.ORG PARAMETER
 TITLE> *                     SET DISCUSSION FORUM
 TITLE> *
 PARMIO> NONBOND, HBOND lists and IMAGE atoms cleared.
  
 CHARMM>     
  
 CHARMM>    ! carbohydrates
 CHARMM>    open read card unit 10 name toppar/top_all36_carb.rtf
 OPNLGU> Unit already open. The old file will be closed first.
 VCLOSE: Closing unit   10 with status "KEEP"
 VOPEN> Attempting to open::toppar/top_all36_carb.rtf::
 OPNLGU> Unit 10 opened for READONLY access to /home/charmm-gui/data/www/1476677563/toppar/top_all36_carb.rtf
  
 CHARMM>    read  rtf card unit 10 append
 MAINIO> Residue topology file being read from unit  10.
 TITLE> * $ID: TOP_ALLXX_SUGAR.INP,V 1.106 2014/08/19 19:07:43 ALEX EXP $
 TITLE> *>>>>>>>>>>>> ALL-HYDROGEN TOPOLOGIES USED IN THE <<<<<<<<<<<<<<<<
 TITLE> *>>>>> DEVELOPMENT OF THE CHARMM CARBOHYDRATE  FORCE FIELD<<<<<<<<
 TITLE> *>>>>>>>>>>>>>>>>>>>>>>>>> JUNE 2009 <<<<<<<<<<<<<<<<<<<<<<<<<<<<<
 TITLE> *>>>>>>>> DIRECT COMMENTS TO ALEXANDER D. MACKERELL JR. <<<<<<<<<<
 TITLE> *>>>>>>>>>> VIA THE CHARMM WEB SITE: WWW.CHARMM.ORG <<<<<<<<<<<<<<
 TITLE> *>>>>>>>>>>>>>>> PARAMETER SET DISCUSSION FORUM <<<<<<<<<<<<<<<<<<
 TITLE> *
  
 CHARMM>     
  
 CHARMM>    open read card unit 20 name toppar/par_all36_carb.prm
 OPNLGU> Unit already open. The old file will be closed first.
 VCLOSE: Closing unit   20 with status "KEEP"
 VOPEN> Attempting to open::toppar/par_all36_carb.prm::
 OPNLGU> Unit 20 opened for READONLY access to /home/charmm-gui/data/www/1476677563/toppar/par_all36_carb.prm
  
 CHARMM>    read para card unit 20 append flex

          PARAMETER FILE BEING READ FROM UNIT 20
 TITLE> * $ID: PAR_ALLXX_SUGAR.INP,V 1.132 2014/08/19 19:03:21 ALEX EXP $
 TITLE> *>>>>>>>>>>>> ALL-HYDROGEN PARAMETERS USED IN THE <<<<<<<<<<<<<<<<
 TITLE> *>>>>> DEVELOPMENT OF THE CHARMM CARBOHYDRATE  FORCE FIELD<<<<<<<<
 TITLE> *>>>>>>>>>>>>>>>>>>>>>>>>> JUNE 2009 <<<<<<<<<<<<<<<<<<<<<<<<<<<<<
 TITLE> *>>>>>>>> DIRECT COMMENTS TO ALEXANDER D. MACKERELL JR. <<<<<<<<<<
 TITLE> *>>>>>>>>>> VIA THE CHARMM WEB SITE: WWW.CHARMM.ORG <<<<<<<<<<<<<<
 TITLE> *>>>>>>>>>>>>>>> PARAMETER SET DISCUSSION FORUM <<<<<<<<<<<<<<<<<<
 TITLE> *
 PARRDR> WARNING: ATOMS IN DIHEDRAL C312 CC31 CC31 OC31    0.20000    3   0.00000 DONT EXIST
 PARMIO> NONBOND, HBOND lists and IMAGE atoms cleared.
  
 CHARMM>     
  
 CHARMM>    ! lipids
 CHARMM>    open read card unit 10 name toppar/top_all36_lipid.rtf
 OPNLGU> Unit already open. The old file will be closed first.
 VCLOSE: Closing unit   10 with status "KEEP"
 VOPEN> Attempting to open::toppar/top_all36_lipid.rtf::
 OPNLGU> Unit 10 opened for READONLY access to /home/charmm-gui/data/www/1476677563/toppar/top_all36_lipid.rtf
  
 CHARMM>    read  rtf card unit 10 append
 MAINIO> Residue topology file being read from unit  10.
 TITLE> *  \\\\\\\ CHARMM36 ALL-HYDROGEN LIPID TOPOLOGY FILE ///////
 TITLE> *  ALL COMMENTS AND QUESTIONS SHOULD BE SUBMITTED TO THE
 TITLE> *  PARAMETER FORUM AT THE CHARMM WEBSITE: WWW.CHARMM.ORG
 TITLE> *
  
 CHARMM>     
  
 CHARMM>    open read card unit 20 name toppar/par_all36_lipid.prm
 OPNLGU> Unit already open. The old file will be closed first.
 VCLOSE: Closing unit   20 with status "KEEP"
 VOPEN> Attempting to open::toppar/par_all36_lipid.prm::
 OPNLGU> Unit 20 opened for READONLY access to /home/charmm-gui/data/www/1476677563/toppar/par_all36_lipid.prm
  
 CHARMM>    read para card unit 20 append flex

          PARAMETER FILE BEING READ FROM UNIT 20
 TITLE> *  \\\\\\\ CHARMM36 ALL-HYDROGEN LIPID PARAMETER FILE ///////
 TITLE> *  ALL COMMENTS AND QUESTIONS SHOULD BE SUBMITTED TO THE
 TITLE> *  PARAMETER FORUM AT THE CHARMM WEBSITE: WWW.CHARMM.ORG
 TITLE> *
 PARMIO> NONBOND, HBOND lists and IMAGE atoms cleared.
  
 CHARMM>     
  
 CHARMM>    ! CGENFF
 CHARMM>    open read card unit 10 name toppar/top_all36_cgenff.rtf
 OPNLGU> Unit already open. The old file will be closed first.
 VCLOSE: Closing unit   10 with status "KEEP"
 VOPEN> Attempting to open::toppar/top_all36_cgenff.rtf::
 OPNLGU> Unit 10 opened for READONLY access to /home/charmm-gui/data/www/1476677563/toppar/top_all36_cgenff.rtf
  
 CHARMM>    read  rtf card unit 10 append
 MAINIO> Residue topology file being read from unit  10.
 TITLE> *  --------------------------------------------------------------------------  *
 TITLE> *          CGENFF: TOPOLOGY FOR THE CHARMM GENERAL FORCE FIELD V. 3.1          *
 TITLE> *                    FOR SMALL MOLECULE DRUG DESIGN                            *
 TITLE> *  --------------------------------------------------------------------------  *
 TITLE> *
  
 CHARMM>     
  
 CHARMM>    open read card unit 20 name toppar/par_all36_cgenff.prm
 OPNLGU> Unit already open. The old file will be closed first.
 VCLOSE: Closing unit   20 with status "KEEP"
 VOPEN> Attempting to open::toppar/par_all36_cgenff.prm::
 OPNLGU> Unit 20 opened for READONLY access to /home/charmm-gui/data/www/1476677563/toppar/par_all36_cgenff.prm
  
 CHARMM>    read para card unit 20 append flex

          PARAMETER FILE BEING READ FROM UNIT 20
 TITLE> *  --------------------------------------------------------------------------  *
 TITLE> *         CGENFF: PARAMETERS FOR THE CHARMM GENERAL FORCE FIELD V. 3.1         *
 TITLE> *                    FOR SMALL MOLECULE DRUG DESIGN                            *
 TITLE> *  --------------------------------------------------------------------------  *
 TITLE> *
 PARMIO> NONBOND, HBOND lists and IMAGE atoms cleared.
  
 CHARMM>     
  
 CHARMM>    ! Engineered residues
 CHARMM>    stream toppar/toppar_all36_prot_retinol.str
 VOPEN> Attempting to open::toppar/toppar_all36_prot_retinol.str::
 OPNLGU> Unit 98 opened for READONLY access to /home/charmm-gui/data/www/1476677563/toppar/toppar_all36_prot_retinol.str

                    INPUT STREAM SWITCHING TO UNIT    98
 RDTITL> * TOPPAR STREAM FILE FOR RETINOL AND RETINAL PARAMETERS
 RDTITL> * A. LOCCISANO, A.M.W., J. EVANSECK AND A.D. MACKERELL, JR.
 RDTITL> * APRIL, 2005
 RDTITL> *
 Parameter: IN1 <- "" <empty>
  
 CHARMM>     
  
 CHARMM>    !use with c36 protein force fields
 CHARMM>    !top_all36_prot.rtf
 CHARMM>    !par_all36_prot.prm
 CHARMM>     
  
 CHARMM>    read rtf card append
 MAINIO> Residue topology file being read from unit  98.
 RDTITL> * RETINAL/RETINOL AND RELATED MODEL COMPOUNDS
 RDTITL> *
*** WARNING **** residue BTE2 already exists (old one deleted)
          RESI BTE2       0.00
*** WARNING **** residue 13DB already exists (old one deleted)
          RESI 13DB       0.00
*** WARNING **** residue 13DP already exists (old one deleted)
          RESI 13DP       0.00
*** WARNING **** residue DMB1 already exists (old one deleted)
          RESI DMB1       0.00
*** WARNING **** residue DMP1 already exists (old one deleted)
          RESI DMP1       0.00
*** WARNING **** residue DMP2 already exists (old one deleted)
          RESI DMP2       0.00
*** WARNING **** residue CROT already exists (old one deleted)
          RESI CROT       0.00
*** WARNING **** residue PACP already exists (old one deleted)
          RESI PACP       0.00
*** WARNING **** residue MECH already exists (old one deleted)
          RESI MECH       0.00
*** WARNING **** residue TMCH already exists (old one deleted)
          RESI TMCH       0.00
*** WARNING **** residue FRET already exists (old one deleted)
          RESI FRET       0.00
*** WARNING **** residue RTOL already exists (old one deleted)
          RESI RTOL       0.00
*** WARNING **** residue RTAL already exists (old one deleted)
          RESI RTAL       0.00
*** WARNING **** residue RTAC already exists (old one deleted)
          RESI RTAC      -1.00
*** WARNING **** residue PRAC already exists (old one deleted)
          RESI PRAC      -1.00
*** WARNING **** residue PROL already exists (old one deleted)
          RESI PROL       0.00
*** WARNING **** residue PRAL already exists (old one deleted)
          RESI PRAL       0.00
*** WARNING **** residue SCH1 already exists (old one deleted)
          RESI SCH1       0.00
*** WARNING **** residue SCH2 already exists (old one deleted)
          RESI SCH2       1.00
*** WARNING **** residue SCH3 already exists (old one deleted)
          RESI SCH3       1.00
 There were  20 warning(s) from RTFRDR.
  
 CHARMM>     
  
 CHARMM>    read para card flex append

          PARAMETER FILE BEING READ FROM UNIT 98
 RDTITL> * RETINAL/RETINOL AND RELATED PARAMETERS
 RDTITL> *
 PARMIO> NONBOND, HBOND lists and IMAGE atoms cleared.
  
 CHARMM>     
  
 VCLOSE: Closing unit   98 with status "KEEP"

                    RETURNING TO INPUT STREAM    99
  
 CHARMM>    stream toppar/toppar_all36_na_rna_modified.str
 VOPEN> Attempting to open::toppar/toppar_all36_na_rna_modified.str::
 OPNLGU> Unit 98 opened for READONLY access to /home/charmm-gui/data/www/1476677563/toppar/toppar_all36_na_rna_modified.str

                    INPUT STREAM SWITCHING TO UNIT    98
 RDTITL> * ADDITIVE CHARMM FORCE FIELD FOR MODIFIED RIBONUCLEIC ACIDS, INCLUDING
 RDTITL> * THOSE FOUNDS IN TRNA. YOU XU, KAROLINSKA INSTITUTET, 2015.
 RDTITL> * |
 RDTITL> * WARNING: PARAMETERS AND ATOM TYPE ASSIGNMENTS IN THIS FILE ARE SPECIFIC
 RDTITL> * FOR THESE COMPOUNDS AND SHOULD UNDER NO CIRCUMSTANCES BE APPLIED TO
 RDTITL> * OTHER ORGANIC MOLECULES
 RDTITL> *
 Parameter: IN1 <- "" <empty>
  
 CHARMM>     
  
 CHARMM>    ! Xu, Y., Vanommeslaeghe, K., Aleksandrov, A., MacKerell, A.D.,
 CHARMM>    ! Jr. Nilsson, L., “Additive CHARMM force field for naturally
 CHARMM>    ! occurring modified ribonucleotides,” Journal of Computational
 CHARMM>    !  Chemistry, DOI: 10.1002/jcc.24307, 2016
 CHARMM>     
  
 CHARMM>    ! Should be used with parent files CGenFF: top_all36_cgenff.inp and par_all36_cgenff.inp
 CHARMM>    !                                    NA36: top_all36_na.inp and par_all36_na.inp
 CHARMM>    !                              and Carb36: top_all36_carb.inp and par_all36_carb.inp
 CHARMM>    !
 CHARMM>     
  
 CHARMM>    read rtf card append
 MAINIO> Residue topology file being read from unit  98.
 RDTITL> * TOPOLOGIES OF MODIFIED NUCLEOTIDES
 RDTITL> *
  
 CHARMM>     
  
 CHARMM>    read param card flex append

          PARAMETER FILE BEING READ FROM UNIT 98
 RDTITL> * ADDITIVE CHARMM PARAMETERS FOR MODIFIED NUCLEIC ACIDS, BETA VERSION
 RDTITL> * YOU XU, KAROLINSKA INSTITUTET, 2015.
 RDTITL> *
 PARMIO> NONBOND, HBOND lists and IMAGE atoms cleared.
  
 CHARMM>    RETURN
 VCLOSE: Closing unit   98 with status "KEEP"

                    RETURNING TO INPUT STREAM    99
  
 CHARMM>     
  
 CHARMM>    ! glycopeptide
 CHARMM>    stream toppar/toppar_all36_carb_glycopeptide.str
 VOPEN> Attempting to open::toppar/toppar_all36_carb_glycopeptide.str::
 OPNLGU> Unit 98 opened for READONLY access to /home/charmm-gui/data/www/1476677563/toppar/toppar_all36_carb_glycopeptide.str

                    INPUT STREAM SWITCHING TO UNIT    98
 RDTITL> READ RTF CARD APPEND
 RDTITL> No title read.
 Parameter: IN1 <- "" <empty>
  
 CHARMM>    read rtf card append
 MAINIO> Residue topology file being read from unit  98.
 RDTITL> * TOPOLOGY FOR GLYCOPEPTIDE LINKAGES
 RDTITL> *
  
 CHARMM>     
  
 CHARMM>    read param card flex append

          PARAMETER FILE BEING READ FROM UNIT 98
 RDTITL> *    NEW PARAMETES
 RDTITL> *
 PARMIO> NONBOND, HBOND lists and IMAGE atoms cleared.
  
 CHARMM>     
  
 CHARMM>     
  
 CHARMM>    RETURN
 VCLOSE: Closing unit   98 with status "KEEP"

                    RETURNING TO INPUT STREAM    99
  
 CHARMM>     
  
 CHARMM>    ! Read additional topology and parameter file for phosphorylation
 CHARMM>    stream toppar/toppar_all36_prot_fluoro_alkanes.str
 VOPEN> Attempting to open::toppar/toppar_all36_prot_fluoro_alkanes.str::
 OPNLGU> Unit 98 opened for READONLY access to /home/charmm-gui/data/www/1476677563/toppar/toppar_all36_prot_fluoro_alkanes.str

                    INPUT STREAM SWITCHING TO UNIT    98
 RDTITL> * TOPOLOGY AND PARAMETERS FOR FLUORINATED ALKANES.
 RDTITL> *
 Parameter: IN1 <- "" <empty>
  
 CHARMM>     
  
 CHARMM>    !Parent files that have to be read prior to streaming this file
 CHARMM>    !top_all36_prot.rtf
 CHARMM>    !par_all36_prot.prm
 CHARMM>     
  
 CHARMM>    !Testcase
 CHARMM>    !test_all36_prot_fluoro_alkanes.inp
 CHARMM>     
  
 CHARMM>    !Reference
 CHARMM>    !Chen, I.-J., Yin, D. and MacKerell, Jr., A.D., "Combined Ab
 CHARMM>    !initio/Empirical Approach for Optimization of Lennard-Jones Parameters
 CHARMM>    !for Polar-Neutral Compounds," Journal of Computational Chemistry,
 CHARMM>    !2002, 23:199-213.
 CHARMM>    !
 CHARMM>    !Note that these parameters are higly optimized to reproduce the
 CHARMM>    !corresponding condensed phase properties and have not been incorporated
 CHARMM>    !into the CHARMM22 or CHARMM27 biomolecular force fields
 CHARMM>     
  
 CHARMM>    read rtf card append
 MAINIO> Residue topology file being read from unit  98.
 RDTITL> * TOPOLOGY FOR FLUOROALKANES
 RDTITL> *
*** WARNING **** residue ETHA already exists (old one deleted)
          RESI ETHA  0.0
*** WARNING **** residue FETH already exists (old one deleted)
          RESI FETH  0.0
*** WARNING **** residue DFET already exists (old one deleted)
          RESI DFET 0.0
*** WARNING **** residue TFET already exists (old one deleted)
          RESI TFET  0.0
*** WARNING **** residue TFE  already exists (old one deleted)
          RESI TFE   0.0
 There were   5 warning(s) from RTFRDR.
  
 CHARMM>     
  
 CHARMM>    read para card flex append

          PARAMETER FILE BEING READ FROM UNIT 98
 RDTITL> * FLUOROALKANE PARAMETERS
 RDTITL> *
 PARMIO> NONBOND, HBOND lists and IMAGE atoms cleared.
  
 CHARMM>     
  
 CHARMM>    return
 VCLOSE: Closing unit   98 with status "KEEP"

                    RETURNING TO INPUT STREAM    99
  
 CHARMM>    stream toppar/toppar_all36_prot_na_combined.str
 VOPEN> Attempting to open::toppar/toppar_all36_prot_na_combined.str::
 OPNLGU> Unit 98 opened for READONLY access to /home/charmm-gui/data/www/1476677563/toppar/toppar_all36_prot_na_combined.str

                    INPUT STREAM SWITCHING TO UNIT    98
 RDTITL> * TOPOLOGY AND PARAMETER STREAM FILE FOR PATCHES TO CREATE
 RDTITL> * MODEL COMPOUNDS AND PATCHES THAT REQUIRE BOTH PROTEIN AND
 RDTITL> * NUCLEIC ACID TOPOLOGY AND PARAMETER INFORMATION
 RDTITL> *
 Parameter: IN1 <- "" <empty>
  
 CHARMM>     
  
 CHARMM>    !Parent files that have to be read prior to streaming this file
 CHARMM>    !top_all36_prot.rtf
 CHARMM>    !par_all36_prot.prm
 CHARMM>    !top_all36_na.rtf
 CHARMM>    !par_all36_na.prm
 CHARMM>    !stream/toppar_all36_prot_fluoro_alkanes.str ! atom types an parameters for fluorinated compounds
 CHARMM>     
  
 CHARMM>    !Testcase
 CHARMM>    !test_all36_prot_na_combined.inp
 CHARMM>     
  
 CHARMM>    !all patches must be followed by AUTOGENERATE ANGLES DIHEDRALS
 CHARMM>     
  
 CHARMM>    !PHOSPHOTYROSINE
 CHARMM>    !
 CHARMM>    !Feng, M.-H., Philippopoulos, M., MacKerell, Jr., A.D. and Lim, C.
 CHARMM>    !Structural Characterization of the Phosphotyrosine Binding Region of a
 CHARMM>    !High-Affinity aSH2 Domain-Phosphopeptide Complex by Molecular Dynamics
 CHARMM>    !Simulation and Chemical Shift Calculations. Journal of the American
 CHARMM>    !Chemical Society, 1996, 118: 11265-11277.
 CHARMM>     
  
 CHARMM>    read rtf card append
 MAINIO> Residue topology file being read from unit  98.
 RDTITL> * TOPOLOGY FOR PHOSPHORYLATED AMINO ACIDS
 RDTITL> *
*** WARNING **** residue THFI already exists (old one deleted)
          RESI THFI       0.00
*** WARNING **** residue THMI already exists (old one deleted)
          RESI THMI       0.00
*** WARNING **** residue THFA already exists (old one deleted)
          RESI THFA        0.00
*** WARNING **** residue THAO already exists (old one deleted)
          RESI THAO         0.00
*** WARNING **** residue RNUS already exists (old one deleted)
          RESI RNUS         0.00
*** WARNING **** residue NUCL already exists (old one deleted)
          RESI NUCL        -1.00
*** WARNING **** residue PPH1 already exists (old one deleted)
          RESI PPH1      -1.00
*** WARNING **** residue BMPH already exists (old one deleted)
          RESI BMPH      -1.00
*** WARNING **** residue BMPD already exists (old one deleted)
          RESI BMPD      -2.00
*** WARNING **** residue BDFP already exists (old one deleted)
          RESI BDFP      -1.00
*** WARNING **** residue BDFD already exists (old one deleted)
          RESI BDFD -2.00
*** WARNING **** residue EP_2 already exists (old one deleted)
          RESI EP_2        -2.00
*** WARNING **** residue IP_2 already exists (old one deleted)
          RESI IP_2        -2.00
 There were  13 warning(s) from RTFRDR.
  
 CHARMM>     
  
 CHARMM>    read para card flex append

          PARAMETER FILE BEING READ FROM UNIT 98
 RDTITL> * ADDITIONAL PARAMETERS FOR PHOSPHORYLATED AMINO ACIDS
 RDTITL> *
 PARMIO> NONBOND, HBOND lists and IMAGE atoms cleared.
  
 VCLOSE: Closing unit   98 with status "KEEP"

                    RETURNING TO INPUT STREAM    99
  
 CHARMM>     
  
 CHARMM>    ! Extra Lipids
 CHARMM>    stream toppar/toppar_all36_lipid_bacterial.str
 VOPEN> Attempting to open::toppar/toppar_all36_lipid_bacterial.str::
 OPNLGU> Unit 98 opened for READONLY access to /home/charmm-gui/data/www/1476677563/toppar/toppar_all36_lipid_bacterial.str

                    INPUT STREAM SWITCHING TO UNIT    98
 RDTITL> * TOPPAR STREAM FILE FOR BRANCHED AND CYCLIC CHAINED LIPIDS.  FOLLOWING READING OF
 RDTITL> * TOP_ALL36_LIPID.RTF
 RDTITL> * AND
 RDTITL> * PAR_ALL36_LIPID.RTF
 RDTITL> *
 Parameter: IN1 <- "" <empty>
  
 CHARMM>     
  
 CHARMM>    ! REFERENCES
 CHARMM>    !
 CHARMM>    ! Branched Lipids
 CHARMM>    !
 CHARMM>    ! Lim, J.B. & Klauda, J.B. Branching at the Iso- and Anteiso- Positions in Complex Chlamydia
 CHARMM>    ! Membranes: A Molecular Dynamics Study. Biochimica et Biophysica Acta (BBA) - Biomembranes
 CHARMM>    ! 1808:323-331 (2011).
 CHARMM>    !
 CHARMM>    ! Cyclic-replacement of double bond
 CHARMM>    !
 CHARMM>    ! Pandit, K.R. & Klauda, J.B. Membrane models of E. coli containing cyclic moieties in
 CHARMM>    ! the aliphatic lipid chain. Biochimica et Biophysica Acta (BBA) - Biomembranes
 CHARMM>    ! 1818:1205-1210 (2012).
 CHARMM>    !
 CHARMM>     
  
 CHARMM>    set nat ?NATC
 RDCMND substituted energy or value "?NATC" to "485"
 Parameter: NAT <- "485"
  
 CHARMM>    set app
 Parameter: APP <- "" <empty>
  
 CHARMM>    !We're exploiting what is arguably a bug in the parser. On the left hand side,
 CHARMM>    !the quotes have proirity, so NAT is correctly substituted. On the right hand
 CHARMM>    !side, the ? has priority and NATC" (sic) is not a valid substitution...
 CHARMM>    if "@NAT" ne "?NATC" if @nat ne 0 set app append
 Parameter: NAT -> "485"
 Parameter: NAT -> "485"
 RDCMND: can not substitute energy "?NATC""
 Comparing ""485"" and ""?NATC"".
 IF test evaluated as true.  Performing command
 Comparing "485" and "0".
 IF test evaluated as true.  Performing command
 Parameter: APP <- "APPEND"
  
 CHARMM>     
  
 CHARMM>    read rtf card @app
 Parameter: APP -> "APPEND"
 MAINIO> Residue topology file being read from unit  98.
 RDTITL> * CHOLESTEROL RESIDUES
 RDTITL> *
  
 CHARMM>     
  
 CHARMM>    read para card flex @app
 Parameter: APP -> "APPEND"

          PARAMETER FILE BEING READ FROM UNIT 98
 RDTITL> * NEW PARAMETERS
 RDTITL> *
 PARMIO> NONBOND, HBOND lists and IMAGE atoms cleared.
  
 CHARMM>     
  
 CHARMM>    return
 VCLOSE: Closing unit   98 with status "KEEP"

                    RETURNING TO INPUT STREAM    99
  
 CHARMM>    stream toppar/toppar_all36_lipid_miscellaneous.str
 VOPEN> Attempting to open::toppar/toppar_all36_lipid_miscellaneous.str::
 OPNLGU> Unit 98 opened for READONLY access to /home/charmm-gui/data/www/1476677563/toppar/toppar_all36_lipid_miscellaneous.str

                    INPUT STREAM SWITCHING TO UNIT    98
 RDTITL> READ RTF CARD APPEND FLEX
 RDTITL> No title read.
 Parameter: IN1 <- "" <empty>
  
 CHARMM>    read rtf card append flex
 MAINIO> Residue topology file being read from unit  98.
 RDTITL> * TOPOLOGY FOR MISCELLANEOUS LIPIDS
 RDTITL> *
  
 CHARMM>     
  
 CHARMM>    return
 VCLOSE: Closing unit   98 with status "KEEP"

                    RETURNING TO INPUT STREAM    99
  
 CHARMM>    stream toppar/toppar_all36_lipid_cholesterol.str
 VOPEN> Attempting to open::toppar/toppar_all36_lipid_cholesterol.str::
 OPNLGU> Unit 98 opened for READONLY access to /home/charmm-gui/data/www/1476677563/toppar/toppar_all36_lipid_cholesterol.str

                    INPUT STREAM SWITCHING TO UNIT    98
 RDTITL> * TOPPAR STREAM FILE FOR CHOLESTEROL.  STREAM FOLLOWING READING OF
 RDTITL> * TOP_ALL36_LIPID.RTF
 RDTITL> * PAR_ALL36_LIPID.RTF
 RDTITL> * TOP_ALL36_CGENFF.RTF
 RDTITL> * AND PAR_ALL36_CGENFF.PRM
 RDTITL> *
 Parameter: IN1 <- "" <empty>
  
 CHARMM>     
  
 CHARMM>    !topology and parameters are included for two cholesterol models. the
 CHARMM>    !model may be selected by setting variable chol_model to 1 or 2, as
 CHARMM>    !specified below
 CHARMM>    !
 CHARMM>     
  
 CHARMM>    set chol_model 1 !2 for original Suits et al. model
 Parameter: CHOL_MODEL <- "1"
  
 CHARMM>     
  
 CHARMM>    !
 CHARMM>    !1) Revised model of Lim et al.  This contains a number of NBFIXes that
 CHARMM>    !makes it unsuitable for ANTON (set chol_model 1)
 CHARMM>    !
 CHARMM>    !2) Original model of Suits et al., which is used on ANTON as well as
 CHARMM>    !being suitable for other systems (set chol_model 2 (or anything but 1....))
 CHARMM>    !
 CHARMM>    !references
 CHARMM>    !
 CHARMM>    !Lim, J.B., Rogaski, B. and Klauda, J.B.. "Update of the Cholesterol Force Field
 CHARMM>    !Parameters in CHARMM" 116: 203-210 (2012).
 CHARMM>    !
 CHARMM>    !Suits, F., Pitman, M., MacKerell, A.D., Jr., Feller, S.E. "Molecular Level
 CHARMM>    !Organization of Saturated and Polyunsaturated Fatty Acids in a
 CHARMM>    !Phosphatidylcholine Bilayer Containing Cholesterol" Biochemistry,
 CHARMM>    !43(49):15318-28, 2004
 CHARMM>    !
 CHARMM>     
  
 CHARMM>    !test "append"
 CHARMM>    set nat ?NATC
 RDCMND substituted energy or value "?NATC" to "485"
 Parameter: NAT <- "485"
  
 CHARMM>    set app
 Parameter: APP <- "" <empty>
  
 CHARMM>    !We're exploiting what is arguably a bug in the parser. On the left hand side,
 CHARMM>    !the quotes have priority, so NAT is correctly substituted. On the right hand
 CHARMM>    !side, the ? has priority and NATC" (sic) is not a valid substitution...
 CHARMM>    if "@NAT" ne "?NATC" if @nat ne 0 set app append
 Parameter: NAT -> "485"
 Parameter: NAT -> "485"
 RDCMND: can not substitute energy "?NATC""
 Comparing ""485"" and ""?NATC"".
 IF test evaluated as true.  Performing command
 Comparing "485" and "0".
 IF test evaluated as true.  Performing command
 Parameter: APP <- "APPEND"
  
 CHARMM>     
  
 CHARMM>    if chol_model eq 1 then
 Comparing "1" and "1".
 IF test evaluated as true.  Performing command
  
 CHARMM>     
  
 CHARMM>    ! reference
 CHARMM>    ! Lim, J.B., Rogaski, B. and Klauda, J.B.. "Update of the Cholesterol Force Field
 CHARMM>    ! Parameters in CHARMM" 116: 203-210 (2012).
 CHARMM>    !
 CHARMM>     
  
 CHARMM>    read rtf card @app
 Parameter: APP -> "APPEND"
 MAINIO> Residue topology file being read from unit  98.
 RDTITL> * TOPOLOGY FOR CHOLESTEROL
 RDTITL> *
  
 CHARMM>     
  
 CHARMM>    read param card flex @app
 Parameter: APP -> "APPEND"

          PARAMETER FILE BEING READ FROM UNIT 98
 RDTITL> * CHOLESTEROL PARAMETERS
 RDTITL> *
 PARMIO> NONBOND, HBOND lists and IMAGE atoms cleared.
  
 CHARMM>     
  
 CHARMM>    return
 VCLOSE: Closing unit   98 with status "KEEP"

                    RETURNING TO INPUT STREAM    99
  
 CHARMM>    stream toppar/toppar_all36_lipid_yeast.str
 VOPEN> Attempting to open::toppar/toppar_all36_lipid_yeast.str::
 OPNLGU> Unit 98 opened for READONLY access to /home/charmm-gui/data/www/1476677563/toppar/toppar_all36_lipid_yeast.str

                    INPUT STREAM SWITCHING TO UNIT    98
 RDTITL> * TOPPAR STREAM FILE FOR BRANCHED AND CYCLIC CHAINED LIPIDS.  FOLLOWING READING OF
 RDTITL> * TOP_ALL36_LIPID.RTF
 RDTITL> * AND
 RDTITL> * PAR_ALL36_LIPID.RTF
 RDTITL> *
 Parameter: IN1 <- "" <empty>
  
 CHARMM>     
  
 CHARMM>    set nat ?NATC
 RDCMND substituted energy or value "?NATC" to "485"
 Parameter: NAT <- "485"
  
 CHARMM>    set app
 Parameter: APP <- "" <empty>
  
 CHARMM>    !We're exploiting what is arguably a bug in the parser. On the left hand side,
 CHARMM>    !the quotes have proirity, so NAT is correctly substituted. On the right hand
 CHARMM>    !side, the ? has priority and NATC" (sic) is not a valid substitution...
 CHARMM>    if "@NAT" ne "?NATC" if @nat ne 0 set app append
 Parameter: NAT -> "485"
 Parameter: NAT -> "485"
 RDCMND: can not substitute energy "?NATC""
 Comparing ""485"" and ""?NATC"".
 IF test evaluated as true.  Performing command
 Comparing "485" and "0".
 IF test evaluated as true.  Performing command
 Parameter: APP <- "APPEND"
  
 CHARMM>     
  
 CHARMM>    read rtf card @app
 Parameter: APP -> "APPEND"
 MAINIO> Residue topology file being read from unit  98.
 RDTITL> * CHOLESTEROL RESIDUES
 RDTITL> *
  
 CHARMM>     
  
 CHARMM>    read para card flex @app
 Parameter: APP -> "APPEND"

          PARAMETER FILE BEING READ FROM UNIT 98
 RDTITL> * NEW PARAMETERS
 RDTITL> *
 PARMIO> NONBOND, HBOND lists and IMAGE atoms cleared.
  
 CHARMM>     
  
 CHARMM>    return
 VCLOSE: Closing unit   98 with status "KEEP"

                    RETURNING TO INPUT STREAM    99
  
 CHARMM>    stream toppar/toppar_all36_lipid_sphingo.str
 VOPEN> Attempting to open::toppar/toppar_all36_lipid_sphingo.str::
 OPNLGU> Unit 98 opened for READONLY access to /home/charmm-gui/data/www/1476677563/toppar/toppar_all36_lipid_sphingo.str

                    INPUT STREAM SWITCHING TO UNIT    98
 RDTITL> * TOPPAR STREAM FOR CERAMIDES AND SPINGOMYELINS; REQUIRES FLEX FORMAT FILES
 RDTITL> * TOP_ALL36_LIPID.RTF AND PAR_ALL36_LIPID.PRM
 RDTITL> *
 Parameter: IN1 <- "" <empty>
  
 CHARMM>     
  
 CHARMM>    ! REFERENCES
 CHARMM>    !
 CHARMM>    ! PSM and SSM Lipids
 CHARMM>    !
 CHARMM>    ! Venable, R.M., B. Rogaski, H. Rui, A.D. MacKerell, Jr., R.W. Pastor, & J.B. Klauda.
 CHARMM>    ! An Experimentally Validated All-atom Force Field for Sphingomyelin. In prep. (2013).
 CHARMM>    !
 CHARMM>    ! Ceramide
 CHARMM>    !
 CHARMM>    ! Submited by Sam Tonddast-Navaei of U. Cincinnati. Advised by Russell Devane
 CHARMM>    !
 CHARMM>     
  
 CHARMM>    set nat ?NATC
 RDCMND substituted energy or value "?NATC" to "485"
 Parameter: NAT <- "485"
  
 CHARMM>    set app
 Parameter: APP <- "" <empty>
  
 CHARMM>    !We're exploiting what is arguably a bug in the parser. On the left hand side,
 CHARMM>    !the quotes have proirity, so NAT is correctly substituted. On the right hand
 CHARMM>    !side, the ? has priority and NATC" (sic) is not a valid substitution...
 CHARMM>    if "@NAT" ne "?NATC" if @nat ne 0 set app append
 Parameter: NAT -> "485"
 Parameter: NAT -> "485"
 RDCMND: can not substitute energy "?NATC""
 Comparing ""485"" and ""?NATC"".
 IF test evaluated as true.  Performing command
 Comparing "485" and "0".
 IF test evaluated as true.  Performing command
 Parameter: APP <- "APPEND"
  
 CHARMM>     
  
 CHARMM>    read rtf card @app
 Parameter: APP -> "APPEND"
 MAINIO> Residue topology file being read from unit  98.
 RDTITL> * CER/SM RESIDUES
 RDTITL> *
  
 CHARMM>     
  
 CHARMM>    read para card flex @app
 Parameter: APP -> "APPEND"

          PARAMETER FILE BEING READ FROM UNIT 98
 RDTITL> * NEW PARAMETERS
 RDTITL> *
 PARMIO> NONBOND, HBOND lists and IMAGE atoms cleared.
  
 CHARMM>     
  
 CHARMM>    return
 VCLOSE: Closing unit   98 with status "KEEP"

                    RETURNING TO INPUT STREAM    99
  
 CHARMM>    stream toppar/toppar_all36_lipid_inositol.str
 VOPEN> Attempting to open::toppar/toppar_all36_lipid_inositol.str::
 OPNLGU> Unit 98 opened for READONLY access to /home/charmm-gui/data/www/1476677563/toppar/toppar_all36_lipid_inositol.str

                    INPUT STREAM SWITCHING TO UNIT    98
 RDTITL> READ RTF CARD APPEND
 RDTITL> No title read.
 Parameter: IN1 <- "" <empty>
  
 CHARMM>    read rtf card append
 MAINIO> Residue topology file being read from unit  98.
 RDTITL> * TOPOLOGY FOR INOSITOL-BASED LIPIDS
 RDTITL> *
  
 CHARMM>     
  
 CHARMM>    read param card flex append

          PARAMETER FILE BEING READ FROM UNIT 98
 RDTITL> * PIP RELATED PARAMETERS
 RDTITL> *
 PARMIO> NONBOND, HBOND lists and IMAGE atoms cleared.
  
 CHARMM>     
  
 CHARMM>    RETURN
 VCLOSE: Closing unit   98 with status "KEEP"

                    RETURNING TO INPUT STREAM    99
  
 CHARMM>    stream toppar/toppar_all36_lipid_cardiolipin.str
 VOPEN> Attempting to open::toppar/toppar_all36_lipid_cardiolipin.str::
 OPNLGU> Unit 98 opened for READONLY access to /home/charmm-gui/data/www/1476677563/toppar/toppar_all36_lipid_cardiolipin.str

                    INPUT STREAM SWITCHING TO UNIT    98
 RDTITL> READ RTF CARD APPEND FLEX
 RDTITL> No title read.
 Parameter: IN1 <- "" <empty>
  
 CHARMM>    read rtf card append flex
 MAINIO> Residue topology file being read from unit  98.
 RDTITL>  
 RDTITL> No title read.
 WARNING from DECODI -- Zero length string being converted to 0
 RTFRDR> WARNING: Version number is NOT specified.
  
 CHARMM>     
  
 CHARMM>    return
 VCLOSE: Closing unit   98 with status "KEEP"

                    RETURNING TO INPUT STREAM    99
  
 CHARMM>    stream toppar/toppar_all36_lipid_detergent.str
 VOPEN> Attempting to open::toppar/toppar_all36_lipid_detergent.str::
 OPNLGU> Unit 98 opened for READONLY access to /home/charmm-gui/data/www/1476677563/toppar/toppar_all36_lipid_detergent.str

                    INPUT STREAM SWITCHING TO UNIT    98
 RDTITL> * TOPPAR STREAM FILE FOR DETERGENTS AND FATTY ACIDS.
 RDTITL> * STREAM FOLLOWING READING OF
 RDTITL> * TOP_ALL36_LIPID.RTF
 RDTITL> * AND
 RDTITL> * PAR_ALL36_LIPID.RTF
 RDTITL> *
 Parameter: IN1 <- "" <empty>
  
 CHARMM>     
  
 CHARMM>    !Fatty acids added Jan. 2016
 CHARMM>     
  
 CHARMM>    read rtf card append
 MAINIO> Residue topology file being read from unit  98.
 RDTITL> * DETERGENT AND FATTY ACID RESIDUES
 RDTITL> *
  
 CHARMM>     
  
 CHARMM>    read para card append flex

          PARAMETER FILE BEING READ FROM UNIT 98
 RDTITL> * SB3-12 AND SB3-14 PARAMETERS
 RDTITL> *
 PARMIO> NONBOND, HBOND lists and IMAGE atoms cleared.
  
 CHARMM>     
  
 CHARMM>    return
 VCLOSE: Closing unit   98 with status "KEEP"

                    RETURNING TO INPUT STREAM    99
  
 CHARMM>    stream toppar/toppar_all36_lipid_lps.str
 VOPEN> Attempting to open::toppar/toppar_all36_lipid_lps.str::
 OPNLGU> Unit 98 opened for READONLY access to /home/charmm-gui/data/www/1476677563/toppar/toppar_all36_lipid_lps.str

                    INPUT STREAM SWITCHING TO UNIT    98
 RDTITL> READ RTF CARD APPEND
 RDTITL> No title read.
 Parameter: IN1 <- "" <empty>
  
 CHARMM>    read rtf card append
 MAINIO> Residue topology file being read from unit  98.
 RDTITL> * TOPOLOGY FOR LIPIDA FROM LPS
 RDTITL> *
 WARNING from DECODI -- Zero length string being converted to 0
 RTFRDR> WARNING: Version number is NOT specified.
  
 CHARMM>     
  
 CHARMM>     
  
 CHARMM>    read param card append flex

          PARAMETER FILE BEING READ FROM UNIT 98
 RDTITL> *    NEW PARAMETES
 RDTITL> *
 PARMIO> NONBOND, HBOND lists and IMAGE atoms cleared.
  
 CHARMM>     
  
 VCLOSE: Closing unit   98 with status "KEEP"

                    RETURNING TO INPUT STREAM    99
  
 CHARMM>     
  
 CHARMM>    ! Read additional topology and parameter file for water and ions
 CHARMM>    stream toppar/toppar_water_ions.str
 VOPEN> Attempting to open::toppar/toppar_water_ions.str::
 OPNLGU> Unit 98 opened for READONLY access to /home/charmm-gui/data/www/1476677563/toppar/toppar_water_ions.str

                    INPUT STREAM SWITCHING TO UNIT    98
 RDTITL> * TOPLOGY AND PARAMETER INFORMATION FOR WATER AND IONS.
 RDTITL> *
 Parameter: IN1 <- "" <empty>
  
 CHARMM>     
  
 CHARMM>    !Testcase
 CHARMM>    !test_water_ions.inp
 CHARMM>     
  
 CHARMM>    ! IMPORTANT NOTE: this file contains NBFixes between carboxylates and sodium,
 CHARMM>    ! which will only apply if the main files containing carboxylate atom types
 CHARMM>    ! have been read in first!
 CHARMM>     
  
 CHARMM>    !references
 CHARMM>    !
 CHARMM>    !TIP3P water model
 CHARMM>    !
 CHARMM>    !W.L. Jorgensen; J.Chandrasekhar; J.D. Madura; R.W. Impey;
 CHARMM>    !M.L. Klein; "Comparison of simple potential functions for
 CHARMM>    !simulating liquid water", J. Chem. Phys. 79 926-935 (1983).
 CHARMM>    !
 CHARMM>    !IONS
 CHARMM>    !
 CHARMM>    !Ions from Roux and coworkers
 CHARMM>    !
 CHARMM>    !Beglov, D. and Roux, B., Finite Representation of an Infinite
 CHARMM>    !Bulk System: Solvent Boundary Potential for Computer Simulations,
 CHARMM>    !Journal of Chemical Physics, 1994, 100: 9050-9063
 CHARMM>    !
 CHARMM>    !ZINC
 CHARMM>    !
 CHARMM>    !Stote, R.H. and Karplus, M. Zinc Binding in Proteins and
 CHARMM>    !Solution: A Simple but Accurate Nonbonded Representation, PROTEINS:
 CHARMM>    !Structure, Function, and Genetics 23:12-31 (1995)
 CHARMM>     
  
 CHARMM>    !test "append" to determine if previous toppar files have been read and
 CHARMM>    !add append to "read rtf card" if true
 CHARMM>    set nat ?NATC
 RDCMND substituted energy or value "?NATC" to "485"
 Parameter: NAT <- "485"
  
 CHARMM>    set app
 Parameter: APP <- "" <empty>
  
 CHARMM>    !We're exploiting what is arguably a bug in the parser. On the left hand side,
 CHARMM>    !the quotes have priority, so NAT is correctly substituted. On the right hand
 CHARMM>    !side, the ? has priority and NATC" (sic) is not a valid substitution...
 CHARMM>    if "@NAT" ne "?NATC" if @nat ne 0 set app append
 Parameter: NAT -> "485"
 Parameter: NAT -> "485"
 RDCMND: can not substitute energy "?NATC""
 Comparing ""485"" and ""?NATC"".
 IF test evaluated as true.  Performing command
 Comparing "485" and "0".
 IF test evaluated as true.  Performing command
 Parameter: APP <- "APPEND"
  
 CHARMM>     
  
 CHARMM>    read rtf card @app
 Parameter: APP -> "APPEND"
 MAINIO> Residue topology file being read from unit  98.
 RDTITL> * TOPOLOGY FOR WATER AND IONS
 RDTITL> *
  
 CHARMM>     
  
 CHARMM>    read para card flex @app
 Parameter: APP -> "APPEND"

          PARAMETER FILE BEING READ FROM UNIT 98
 RDTITL> * PARAMETERS FOR WATER AND IONS
 RDTITL> *
 PARMIO> NONBOND, HBOND lists and IMAGE atoms cleared.
  
 CHARMM>     
  
 CHARMM>    ! The following section contains NBFixes for sodium interacting with
 CHARMM>    ! carboxylate oxygens of various CHARMM force fields. It will generate
 CHARMM>    ! level -1 warnings whenever any of these force fields have not been
 CHARMM>    ! read prior to the current stream file. Since we don't want to force
 CHARMM>    ! the user to always read all the force fields, we're suppressing the
 CHARMM>    ! warnings. The only side effect is that you will have "most severe
 CHARMM>    ! warning was at level 0" at the end of your output. Also note that
 CHARMM>    ! the user is responsible for reading the current file last if they
 CHARMM>    ! want the NBFixes to apply. A more elegant solution would require new
 CHARMM>    ! features to be added to CHARMM.
 CHARMM>    ! parallel fix, to avoid duplicated messages in the log
 CHARMM>    set para
 Parameter: PARA <- "" <empty>
  
 CHARMM>    if ?NUMNODE gt 1 set para node 0
 RDCMND substituted energy or value "?NUMNODE" to "1"
 Comparing "1" and "1".
 IF test evaluated as false.  Skipping command
  
 CHARMM>     
  
 CHARMM>    set wrn ?WRNLEV
 RDCMND substituted energy or value "?WRNLEV" to "5"
 Parameter: WRN <- "5"
  
 CHARMM>    ! Some versions of CHARMM don't seem to initialize wrnlev...
 CHARMM>    if "@WRN" eq "?WRNLEV" set wrn 5
 Parameter: WRN -> "5"
 RDCMND: can not substitute energy "?WRNLEV""
 Comparing ""5"" and ""?WRNLEV"".
 IF test evaluated as false.  Skipping command
  
 CHARMM>    set bom ?bomlev
 RDCMND substituted energy or value "?BOMLEV" to "0"
 Parameter: BOM <- "0"
  
 CHARMM>    WRNLEV -1 @PARA
 Parameter: PARA -> "" <empty>
  
 CHARMM>    BOMLEV -1 @PARA
 Parameter: PARA -> "" <empty>
  
 CHARMM>    read para card flex append

          PARAMETER FILE BEING READ FROM UNIT 98
 RDTITL> * NBFIX BETWEEN CARBOXYLATE AND SODIUM
 RDTITL> *
 PARMIO> NONBOND, HBOND lists and IMAGE atoms cleared.
  
 CHARMM>    BOMLEV @bom @PARA
 Parameter: BOM -> "0"
 Parameter: PARA -> "" <empty>
  
 CHARMM>    WRNLEV @wrn @PARA
 Parameter: WRN -> "5"
 Parameter: PARA -> "" <empty>
  
 CHARMM>     
  
 CHARMM>    return
 VCLOSE: Closing unit   98 with status "KEEP"

                    RETURNING TO INPUT STREAM    99
  
 CHARMM>    stream toppar/toppar_dum_noble_gases.str
 VOPEN> Attempting to open::toppar/toppar_dum_noble_gases.str::
 OPNLGU> Unit 98 opened for READONLY access to /home/charmm-gui/data/www/1476677563/toppar/toppar_dum_noble_gases.str

                    INPUT STREAM SWITCHING TO UNIT    98
 RDTITL> * TOPLOGY AND PARAMETER INFORMATION FOR HELIUM, NEON AND A DUMMY ATOM.
 RDTITL> *
 Parameter: IN1 <- "" <empty>
  
 CHARMM>     
  
 CHARMM>    !Testcase
 CHARMM>    !test_dum_nobel_gases.inp
 CHARMM>     
  
 CHARMM>    !test "append" to determine if previous	toppar files have been read and
 CHARMM>    !add append to "read rtf card" if true
 CHARMM>    set nat ?NATC
 RDCMND substituted energy or value "?NATC" to "485"
 Parameter: NAT <- "485"
  
 CHARMM>    set app
 Parameter: APP <- "" <empty>
  
 CHARMM>    !We're exploiting what is arguably a bug in the parser. On the left hand side,
 CHARMM>    !the quotes have proirity, so NAT is correctly substituted. On the right hand
 CHARMM>    !side, the ? has priority and NATC" (sic) is not a valid substitution...
 CHARMM>    if "@NAT" ne "?NATC" if @nat ne 0 set app append
 Parameter: NAT -> "485"
 Parameter: NAT -> "485"
 RDCMND: can not substitute energy "?NATC""
 Comparing ""485"" and ""?NATC"".
 IF test evaluated as true.  Performing command
 Comparing "485" and "0".
 IF test evaluated as true.  Performing command
 Parameter: APP <- "APPEND"
  
 CHARMM>     
  
 CHARMM>    read rtf card @app
 Parameter: APP -> "APPEND"
 MAINIO> Residue topology file being read from unit  98.
 RDTITL> * TOPOLOGY FOR HELIUM, NEON AND A DUMMY ATOM.
 RDTITL> *
  
 CHARMM>     
  
 CHARMM>    read para card flex @app
 Parameter: APP -> "APPEND"

          PARAMETER FILE BEING READ FROM UNIT 98
 RDTITL> * PARAMETERS FOR HELIUM, NEON AND A DUMMY ATOM.
 RDTITL> *
 PARMIO> NONBOND, HBOND lists and IMAGE atoms cleared.
  
 CHARMM>     
  
 CHARMM>    return
 VCLOSE: Closing unit   98 with status "KEEP"

                    RETURNING TO INPUT STREAM    99
  
 CHARMM>     
  
 CHARMM>    ! Read additional topology and parameter
 CHARMM>    stream toppar/toppar_all36_na_nad_ppi.str
 VOPEN> Attempting to open::toppar/toppar_all36_na_nad_ppi.str::
 OPNLGU> Unit 98 opened for READONLY access to /home/charmm-gui/data/www/1476677563/toppar/toppar_all36_na_nad_ppi.str

                    INPUT STREAM SWITCHING TO UNIT    98
 RDTITL> * CHARMM36 ALL-HYDROGEN NUCLEIC ACID FORCE TOPPAR STREAM FILE
 RDTITL> * NAD+, NADH, ADP, ATP, PPI AND RELATED ANALOGS
 RDTITL> * A.D. MACKERELL, JR., JULY 2001
 RDTITL> * STREAM FOLLOWING RTF AND PARAM READ OF
 RDTITL> *
 Parameter: IN1 <- "" <empty>
  
 CHARMM>     
  
 CHARMM>    !Update, 2015/1, nomenclature for NAD+ etc. consistent with PDB
 CHARMM>     
  
 CHARMM>    !Parent files that have to be read prior to streaming this file
 CHARMM>    !top_all36_na.rtf
 CHARMM>    !par_all36_na.prm
 CHARMM>     
  
 CHARMM>    !Testcase
 CHARMM>    !test_all36_na_nad_ppi.inp
 CHARMM>     
  
 CHARMM>    !Reference
 CHARMM>    !Pavelites, J.J., Bash, P.A., Gao, J., and MacKerell, Jr.,
 CHARMM>    !A.D. A Molecular Mechanics Force Field for NAD+, NADH and the
 CHARMM>    !Pyrophosphate Groups of Nucleotides, Journal of Computational
 CHARMM>    !Chemistry, 1997, 18: 221-239.
 CHARMM>     
  
 CHARMM>    read rtf card append
 MAINIO> Residue topology file being read from unit  98.
 RDTITL> * NAD, PPI TOPOLOGY
 RDTITL> *
*** WARNING **** residue NIC  already exists (old one deleted)
          RESI NIC         1.00
*** WARNING **** residue NICH already exists (old one deleted)
          RESI NICH         0.00
*** WARNING **** residue PPI1 already exists (old one deleted)
          RESI PPI1        -3.00
*** WARNING **** residue PPI2 already exists (old one deleted)
          RESI PPI2        -2.00
*** WARNING **** residue AMP  already exists (old one deleted)
          RESI AMP         -2.00
*** WARNING **** residue ADP  already exists (old one deleted)
          RESI ADP         -3.00
*** WARNING **** residue ATP  already exists (old one deleted)
          RESI ATP         -4.00
*** WARNING **** residue NAD  already exists (old one deleted)
          RESI NAD         -1.00
*** WARNING **** residue NADH already exists (old one deleted)
          RESI NADH        -2.00
*** WARNING **** residue NADP already exists (old one deleted)
          RESI NADP        -2.00
*** WARNING **** residue NDPH already exists (old one deleted)
          RESI NDPH        -3.00
 There were  11 warning(s) from RTFRDR.
  
 CHARMM>     
  
 CHARMM>    read para card flex append

          PARAMETER FILE BEING READ FROM UNIT 98
 RDTITL> * NAD, PPI PARAMETERS
 RDTITL> *
 PARMIO> NONBOND, HBOND lists and IMAGE atoms cleared.
  
 CHARMM>     
  
 CHARMM>     
  
 VCLOSE: Closing unit   98 with status "KEEP"

                    RETURNING TO INPUT STREAM    99
  
 CHARMM>     
  
 CHARMM>    ! Glycolipid
 CHARMM>    stream toppar/toppar_all36_carb_glycolipid.str
 VOPEN> Attempting to open::toppar/toppar_all36_carb_glycolipid.str::
 OPNLGU> Unit 98 opened for READONLY access to /home/charmm-gui/data/www/1476677563/toppar/toppar_all36_carb_glycolipid.str

                    INPUT STREAM SWITCHING TO UNIT    98
 RDTITL> READ RTF CARD APPEND
 RDTITL> No title read.
 Parameter: IN1 <- "" <empty>
  
 CHARMM>    read rtf card append
 MAINIO> Residue topology file being read from unit  98.
 RDTITL> * TOPOLOGY FOR GLYCOLIPIDS
 RDTITL> *
  
 CHARMM>     
  
 CHARMM>    read param card flex append

          PARAMETER FILE BEING READ FROM UNIT 98
 RDTITL> * PIP RELATED PARAMETERS
 RDTITL> *
 PARRDR> Error: Repeated ANGLE parameter (  2882): CG33  CG2D  CG33 is replaced
 PARRDR> Error: Repeated DIHE parameter (  7313): CG2D  CG32  CG32  CG2D is replaced
 PARRDR> Error: Repeated DIHE parameter (  7314): CG2D  CG32  CG32  CG2D is replaced
 PARRDR> Error: Repeated DIHE parameter (  7313): CG2D  CG32  CG32  CG2D is replaced
 PARRDR> Error: Repeated DIHE parameter (  7314): CG2D  CG32  CG32  CG2D is replaced
 PARRDR> Error: Repeated DIHE parameter (  7313): CG2D  CG32  CG32  CG2D is replaced
 PARRDR> Error: Repeated DIHE parameter (  7314): CG2D  CG32  CG32  CG2D is replaced
 PARRDR> Error: Repeated DIHE parameter (  7177): CG33  CG2D  CG33  HGA3 is replaced
 PARMIO> NONBOND, HBOND lists and IMAGE atoms cleared.
  
 CHARMM>     
  
 CHARMM>    RETURN
 VCLOSE: Closing unit   98 with status "KEEP"

                    RETURNING TO INPUT STREAM    99
  
 CHARMM>    stream toppar/toppar_all36_carb_imlab.str
 VOPEN> Attempting to open::toppar/toppar_all36_carb_imlab.str::
 OPNLGU> Unit 98 opened for READONLY access to /home/charmm-gui/data/www/1476677563/toppar/toppar_all36_carb_imlab.str

                    INPUT STREAM SWITCHING TO UNIT    98
 RDTITL> READ RTF CARD APPEND
 RDTITL> No title read.
 Parameter: IN1 <- "" <empty>
  
 CHARMM>    read rtf card append
 MAINIO> Residue topology file being read from unit  98.
 RDTITL> * GLYCAN CHEMICAL MODIFICATION PATCHES
 RDTITL> *
*** WARNING **** residue AKDN already exists (old one deleted)
          RESI AKDN          -1.000
 There were   1 warning(s) from RTFRDR.
  
 CHARMM>     
  
 CHARMM>     
  
 CHARMM>     
  
 CHARMM>     
  
 CHARMM>    read param card flex append

          PARAMETER FILE BEING READ FROM UNIT 98
 RDTITL> * GLYCAN CHEMICAL MODIFICATION PATCHES
 RDTITL> *
 PARRDR> Error: Repeated ANGLE parameter (  2813): CC31  CC32  OC30 is replaced
 PARRDR> Error: Repeated ANGLE parameter (  2814): CC32  OC30  PC   is replaced
 PARRDR> Error: Repeated ANGLE parameter (     2): CT2   NH2   H    is replaced
 PARRDR> Error: Repeated DIHE parameter (  6962): HCA1  CC31  CC32  OC30 is replaced
 PARRDR> Error: Repeated DIHE parameter (  6963): OC30  CC32  CC31  CC31 is replaced
 PARRDR> Error: Repeated DIHE parameter (  6964): OC30  CC32  CC31  CC31 is replaced
 PARRDR> Error: Repeated DIHE parameter (  6965): OC30  CC32  CC31  CC31 is replaced
 PARRDR> Error: Repeated DIHE parameter (  6966): OC30  CC32  CC31  CC31 is replaced
 PARRDR> Error: Repeated DIHE parameter (  6961): OC3C  CC31  CC32  OC30 is replaced
 PARRDR> Error: Repeated DIHE parameter (  6961): OC3C  CC31  CC32  OC30 is replaced
 PARRDR> Error: Repeated DIHE parameter (  6961): OC3C  CC31  CC32  OC30 is replaced
 PARRDR> Error: Repeated DIHE parameter (  6960): OC2D  PC    OC30  CC32 is replaced
 PARRDR> Error: Repeated DIHE parameter (  6969): PC    OC30  CC32  HCA2 is replaced
 PARRDR> Error: Repeated DIHE parameter (   146): HB2   CT2   NH2   H    is replaced
 PARMIO> NONBOND, HBOND lists and IMAGE atoms cleared.
  
 CHARMM>     
  
 CHARMM>    RETURN
 VCLOSE: Closing unit   98 with status "KEEP"

                    RETURNING TO INPUT STREAM    99
  
 CHARMM>     
  
 CHARMM>     
  
 VCLOSE: Closing unit   99 with status "KEEP"

                    RETURNING TO INPUT STREAM     5
  
 CHARMM>     
  
 CHARMM>    ! Read the system information
 CHARMM>    stream step3_pbcsetup.str
 VOPEN> Attempting to open::step3_pbcsetup.str::
 OPNLGU> Unit 99 opened for READONLY access to /home/charmm-gui/data/www/1476677563/step3_pbcsetup.str

                    INPUT STREAM SWITCHING TO UNIT    99
 RDTITL> SET XTLTYPE  = CUBIC
 RDTITL> No title read.
 Parameter: IN1 <- "" <empty>
  
 CHARMM>     SET XTLTYPE  = CUBIC
 Parameter: XTLTYPE <- "CUBIC"
  
 CHARMM>     SET A = 63
 Parameter: A <- "63"
  
 CHARMM>     SET B = 63
 Parameter: B <- "63"
  
 CHARMM>     SET C = 63
 Parameter: C <- "63"
  
 CHARMM>     SET ALPHA = 90.0
 Parameter: ALPHA <- "90.0"
  
 CHARMM>     SET BETA  = 90.0
 Parameter: BETA <- "90.0"
  
 CHARMM>     SET GAMMA = 90.0
 Parameter: GAMMA <- "90.0"
  
 CHARMM>     SET FFTX     = 72
 Parameter: FFTX <- "72"
  
 CHARMM>     SET FFTY     = 72
 Parameter: FFTY <- "72"
  
 CHARMM>     SET FFTZ     = 72
 Parameter: FFTZ <- "72"
  
 CHARMM>     SET POSID = POT
 Parameter: POSID <- "POT"
  
 CHARMM>     SET NEGID = CLA
 Parameter: NEGID <- "CLA"
  
 CHARMM>     SET XCEN = 0
 Parameter: XCEN <- "0"
  
 CHARMM>     SET YCEN = 0
 Parameter: YCEN <- "0"
  
 CHARMM>     SET ZCEN = 0
 Parameter: ZCEN <- "0"
  
 VCLOSE: Closing unit   99 with status "KEEP"

                    RETURNING TO INPUT STREAM     5
  
 CHARMM>     
  
 CHARMM>    ! Read PSF
 CHARMM>    open read unit 10 card name step3_pbcsetup.psf
 OPNLGU> Unit already open. The old file will be closed first.
 VCLOSE: Closing unit   10 with status "KEEP"
 VOPEN> Attempting to open::step3_pbcsetup.psf::
 OPNLGU> Unit 10 opened for READONLY access to /home/charmm-gui/data/www/1476677563/step3_pbcsetup.psf
  
 CHARMM>    read psf  unit 10 card xplor
 MAINIO> Protein structure file being read from unit  10.

      ***** LEVEL  1 WARNING FROM <psf_read_formatted> *****
      ***** Attempting to read XPLOR psf format 
      ******************************************
      BOMLEV (  0) IS NOT REACHED. WRNLEV IS  5

 PSFRD2> Reading PSF in the expanded format.
 TITLE>  * GENERATED BY CHARMM-GUI (HTTP://WWW.CHARMM-GUI.ORG) V1.8 ON OCT, 16. 2016.
 TITLE>  * SETUP PERIODIC BOUNDARY CONDITION
 TITLE>  *  DATE:    10/17/16      0:25:11      CREATED BY USER: apache
 TITLE>  *
 PSFSUM> PSF modified: NONBOND lists and IMAGE atoms cleared.
 PSFSUM> Summary of the structure file counters :
         Number of segments      =        5   Number of residues   =     7166
         Number of atoms         =    23255   Number of groups     =     7698
         Number of bonds         =    23243   Number of angles     =    11117
         Number of dihedrals     =     6080   Number of impropers  =      382
         Number of cross-terms   =      131
         Number of HB acceptors  =     7195   Number of HB donors  =    14223
         Number of NB exclusions =        0   Total charge =    0.00000
  
 CHARMM>     
  
 CHARMM>    ! Read Coordinate
 CHARMM>    open read unit 10 card name step3_pbcsetup.crd
 OPNLGU> Unit already open. The old file will be closed first.
 VCLOSE: Closing unit   10 with status "KEEP"
 VOPEN> Attempting to open::step3_pbcsetup.crd::
 OPNLGU> Unit 10 opened for READONLY access to /home/charmm-gui/data/www/1476677563/step3_pbcsetup.crd
  
 CHARMM>    read coor unit 10 card
          SPATIAL COORDINATES BEING READ FROM UNIT 10
 TITLE> * GENERATED BY CHARMM-GUI (HTTP://WWW.CHARMM-GUI.ORG) V1.8 ON OCT, 16. 2016.
 TITLE> * SETUP PERIODIC BOUNDARY CONDITION
 TITLE> *  DATE:    10/17/16      0:25:11      CREATED BY USER: APACHE
 TITLE> *
  
 CHARMM>     
  
 CHARMM>    system "cp */*.rtf toppar/"
Invoking: cp */*.rtf toppar/
  
 CHARMM>    system "cp */*.prm toppar/"
Invoking: cp */*.prm toppar/
  
 CHARMM>     
  
 CHARMM>    ! for NAMD restraints
 CHARMM>    system "mkdir -p namd/restraints"
Invoking: mkdir -p namd/restraints
  
 CHARMM>     
  
 CHARMM>    define PROT sele ( segid PROA ) end
 SELRPN>   2110 atoms have been selected out of  23255
  
 CHARMM>    define CARB sele ( segid CARA ) end
 SELRPN>    146 atoms have been selected out of  23255
  
 CHARMM>    define HETE sele none end
 SELRPN>      0 atoms have been selected out of  23255
  
 CHARMM>     
  
 CHARMM>    define BB   sele ( ( type C   .or. type O   .or. type N   .or. type CA  .or. -
 CHARMM>                         type P   .or. type O1P .or. type O2P .or. type O5' .or. -
 CHARMM>                         type C5' .or. type C4' .or. type C3' .or. type O3' ) .and. PROT ) .or. -
 CHARMM>                     ( ( type C+ .or. ( type O5 .and. .bonded. type C1 ) .or. ( type O6 .and. .bonded. type C2 ) ) .and. CARB ) .or. -
 CHARMM>                     ( .not. hydrogen .and. HETE ) end
 SELRPN>    573 atoms have been selected out of  23255
  
 CHARMM>    define SC   sele .not. BB .and. .not. hydrogen .and. ( PROT .or. CARB ) end
 SELRPN>    584 atoms have been selected out of  23255
  
 CHARMM>     
  
 CHARMM>    scalar wmain set 0 sele all end
 SELRPN>  23255 atoms have been selected out of  23255
  
 CHARMM>    scalar wmain set 1 sele BB end
 SELRPN>    573 atoms have been selected out of  23255
  
 CHARMM>    write coor pdb name namd/restraints/bb_rmsd.ref
 VOPEN> Attempting to open::namd/restraints/bb_rmsd.ref::
 RDTITL>  
 RDTITL> No title read.
  Write CHARMM-pdb format
 VCLOSE: Closing unit   90 with status "KEEP"
  
 CHARMM>     
  
 CHARMM>    scalar wmain set 0 sele all end
 SELRPN>  23255 atoms have been selected out of  23255
  
 CHARMM>    scalar wmain set 1 sele SC end
 SELRPN>    584 atoms have been selected out of  23255
  
 CHARMM>    write coor pdb name namd/restraints/sc_rmsd.ref
 VOPEN> Attempting to open::namd/restraints/sc_rmsd.ref::
 RDTITL>  
 RDTITL> No title read.
  Write CHARMM-pdb format
 VCLOSE: Closing unit   90 with status "KEEP"
  
 CHARMM>     
  
 CHARMM>    stream carbohydrate_restraint.namd.str
 VOPEN> Attempting to open::carbohydrate_restraint.namd.str::
 OPNLGU> Unit 99 opened for READONLY access to /home/charmm-gui/data/www/1476677563/carbohydrate_restraint.namd.str

                    INPUT STREAM SWITCHING TO UNIT    99
 RDTITL> * GENERATED BY CHARMM-GUI (HTTP://WWW.CHARMM-GUI.ORG) V1.8 ON OCT, 16. 2016.
 RDTITL> * DIHEDRAL RESTRAINT POTENTIALS FOR CARBOHYDRATES
 RDTITL> *
 Parameter: IN1 <- "" <empty>
  
 CHARMM>     
  
 CHARMM>    bomlev -1
  
 CHARMM>     
  
 CHARMM>    open write card unit 90 name namd/restraints/carbohydrate_restraint.dat
 VOPEN> Attempting to open::namd/restraints/carbohydrate_restraint.dat::
 OPNLGU> Unit 90 opened for WRITE access to /home/charmm-gui/data/www/1476677563/namd/restraints/carbohydrate_restraint.dat
  
 CHARMM>     
  
 CHARMM>    coor stat sele all end
 SELRPN>  23255 atoms have been selected out of  23255
 STATISTICS FOR     23255 SELECTED ATOMS:
    XMIN =  -32.055429 XMAX =   32.134024 XAVE =    0.016370
    YMIN =  -31.893126 YMAX =   32.139461 YAVE =   -0.165001
    ZMIN =  -32.299243 ZMAX =   31.960980 ZAVE =   -0.056397
    WMIN =    0.000000 WMAX =    1.000000 WAVE =    0.025113
  
 CHARMM>    set natom = ?nsel
 RDCMND substituted energy or value "?NSEL" to "23255"
 Parameter: NATOM <- "23255"
  
 CHARMM>     
  
 CHARMM>     
  
 CHARMM>    define XXX sele ( resn *GLC* .or. resn *GAL*  .or. resn *ALT .or. resn *ALL .or. resn *GUL .or. -
 CHARMM>                      resn *IDO* .or. resn *MAN   .or. resn *TAL .or. resn *XYL .or. resn *FUC .or. -
 CHARMM>                      resn *RHM  .or. resn *NE5AC .or. resn HEP* .or. resn KDO ) .and. ( type O5 .or. type O6 ) show end
 The following atoms are currently set:
SEGId RESId RESName  .. TYPEs ..
 CARA     1        AIDOA O5      
 CARA     2        AGLC O5 O6      
 CARA     3        AIDOA O5      
 CARA     4        AGLCNA O5 O6      
 CARA     5        AIDOA O5      
 CARA     6        AGLC O5 O6      
 SELRPN>      9 atoms have been selected out of  23255
  
 CHARMM>     
  
 CHARMM>    set cntmax = ?nsel
 RDCMND substituted energy or value "?NSEL" to "9"
 Parameter: CNTMAX <- "9"
  
 CHARMM>    if cntmax .eq. 0 goto skipcarb
 Comparing "9" and "0".
 IF test evaluated as false.  Skipping command
  
 CHARMM>     
  
 CHARMM>    open write card unit 90 name namd/restraints/carbohydrate_restraint.dat
 OPNLGU> Unit already open. The old file will be closed first.
 VCLOSE: Closing unit   90 with status "KEEP"
 VOPEN> Attempting to open::namd/restraints/carbohydrate_restraint.dat::
 OPNLGU> Unit 90 opened for WRITE access to /home/charmm-gui/data/www/1476677563/namd/restraints/carbohydrate_restraint.dat
  
 CHARMM>     
  
 CHARMM>    define JUNK sele segid ?selsegi .and. resid ?selresi end
 RDCMND substituted energy or value "?SELSEGI" to "CARA"
 RDCMND substituted energy or value "?SELRESI" to "1"
 SELRPN>     24 atoms have been selected out of  23255
  
 CHARMM>    set iatom = ?selatom
 RDCMND substituted energy or value "?SELATOM" to "2111"
 Parameter: IATOM <- "2111"
  
 CHARMM>     
  
 CHARMM>    set icnt = 1
 Parameter: ICNT <- "1"
  
 CHARMM>    label DOCARB
  
 CHARMM>       define YYY sele XXX .and. bynu @iatom:@natom end
 Parameter: IATOM -> "2111"
 Parameter: NATOM -> "23255"
 SELRPN>      9 atoms have been selected out of  23255
  
 CHARMM>       set segid = ?selsegi
 RDCMND substituted energy or value "?SELSEGI" to "CARA"
 Parameter: SEGID <- "CARA"
  
 CHARMM>       set resid = ?selresi
 RDCMND substituted energy or value "?SELRESI" to "1"
 Parameter: RESID <- "1"
  
 CHARMM>       set resn  = ?selresn
 RDCMND substituted energy or value "?SELRESN" to "AIDOA"
 Parameter: RESN <- "AIDOA"
  
 CHARMM>     
  
 CHARMM>       define JUNK sele segid @segid .and. resid @resid show end
 Parameter: SEGID -> "CARA"
 Parameter: RESID -> "1"
 The following atoms are currently set:
SEGId RESId RESName  .. TYPEs ..
 CARA     1        AIDOA C1 H1 O1 HO1 C5 H5 O5 C2 H2 O2 S2 OS22 OS23 OS24 C3 H3 O3 HO3 C4 H4 O4 C6 O61 O62     
 SELRPN>     24 atoms have been selected out of  23255
  
 CHARMM>       set iatom = ?selatom
 RDCMND substituted energy or value "?SELATOM" to "2111"
 Parameter: IATOM <- "2111"
  
 CHARMM>       set nresatom = ?nsel
 RDCMND substituted energy or value "?NSEL" to "24"
 Parameter: NRESATOM <- "24"
  
 CHARMM>     
  
 CHARMM>       if nresatom .eq. 0 goto skipcarb
 Comparing "24" and "0".
 IF test evaluated as false.  Skipping command
  
 CHARMM>     
  
 CHARMM>       set issialic = no
 Parameter: ISSIALIC <- "NO"
  
 CHARMM>       set iskdo    = no
 Parameter: ISKDO <- "NO"
  
 CHARMM>       if resn .eq. ANE5AC set issialic = yes
 Comparing "AIDOA" and "ANE5AC".
 IF test evaluated as false.  Skipping command
  
 CHARMM>       if resn .eq. BNE5AC set issialic = yes
 Comparing "AIDOA" and "BNE5AC".
 IF test evaluated as false.  Skipping command
  
 CHARMM>       if resn .eq. KDO    set iskdo    = yes
 Comparing "AIDOA" and "KDO".
 IF test evaluated as false.  Skipping command
  
 CHARMM>     
  
 CHARMM>    !
 CHARMM>    ! Sialic acid chair conformation
 CHARMM>    !
 CHARMM>     
  
 CHARMM>       if issialic .eq. yes then
 Comparing "NO" and "YES".
 IF test evaluated as false.  Skip to ELSE or ENDIF
  
 CHARMM>     
  
 CHARMM>    !
 CHARMM>    ! KDO chair conformation
 CHARMM>    !
 CHARMM>     
  
 CHARMM>       if iskdo .eq. yes then
 Comparing "NO" and "YES".
 IF test evaluated as false.  Skip to ELSE or ENDIF
  
 CHARMM>     
  
 CHARMM>    !
 CHARMM>    ! Other sugar chair conformation
 CHARMM>    !
 CHARMM>     
  
 CHARMM>         define junk sele segid @segid .and. resid @resid .and. type C1 end
 Parameter: SEGID -> "CARA"
 Parameter: RESID -> "1"
 SELRPN>      1 atoms have been selected out of  23255
  
 CHARMM>          calc c1id = ?SELATOM - 1
 RDCMND substituted energy or value "?SELATOM" to "2111"
Evaluating: 2111-1
 Parameter: C1ID <- "2110"
  
 CHARMM>         define junk sele segid @segid .and. resid @resid .and. type C2 end
 Parameter: SEGID -> "CARA"
 Parameter: RESID -> "1"
 SELRPN>      1 atoms have been selected out of  23255
  
 CHARMM>          calc c2id = ?SELATOM - 1
 RDCMND substituted energy or value "?SELATOM" to "2118"
Evaluating: 2118-1
 Parameter: C2ID <- "2117"
  
 CHARMM>         define junk sele segid @segid .and. resid @resid .and. type C3 end
 Parameter: SEGID -> "CARA"
 Parameter: RESID -> "1"
 SELRPN>      1 atoms have been selected out of  23255
  
 CHARMM>          calc c3id = ?SELATOM - 1
 RDCMND substituted energy or value "?SELATOM" to "2125"
Evaluating: 2125-1
 Parameter: C3ID <- "2124"
  
 CHARMM>         define junk sele segid @segid .and. resid @resid .and. type C4 end
 Parameter: SEGID -> "CARA"
 Parameter: RESID -> "1"
 SELRPN>      1 atoms have been selected out of  23255
  
 CHARMM>          calc c4id = ?SELATOM - 1
 RDCMND substituted energy or value "?SELATOM" to "2129"
Evaluating: 2129-1
 Parameter: C4ID <- "2128"
  
 CHARMM>         define junk sele segid @segid .and. resid @resid .and. type C5 end
 Parameter: SEGID -> "CARA"
 Parameter: RESID -> "1"
 SELRPN>      1 atoms have been selected out of  23255
  
 CHARMM>          calc c5id = ?SELATOM - 1
 RDCMND substituted energy or value "?SELATOM" to "2115"
Evaluating: 2115-1
 Parameter: C5ID <- "2114"
  
 CHARMM>         define junk sele segid @segid .and. resid @resid .and. type O5 end
 Parameter: SEGID -> "CARA"
 Parameter: RESID -> "1"
 SELRPN>      1 atoms have been selected out of  23255
  
 CHARMM>          calc o5id = ?SELATOM - 1
 RDCMND substituted energy or value "?SELATOM" to "2117"
Evaluating: 2117-1
 Parameter: O5ID <- "2116"
  
 CHARMM>          write title unit 90
 RDTITL> * DIHEDRAL 2116 2110 2117 2124 $FC   60.0
 RDTITL> * DIHEDRAL 2110 2117 2124 2128 $FC  -60.0
 RDTITL> * DIHEDRAL 2117 2124 2128 2114 $FC   60.0
 RDTITL> * DIHEDRAL 2124 2128 2114 2116 $FC  -60.0
 RDTITL> * DIHEDRAL 2128 2114 2116 2110 $FC   60.0
 RDTITL> * DIHEDRAL 2114 2116 2110 2117 $FC  -60.0
 RDTITL> *
  
 CHARMM>       label donext
  
 CHARMM>     
  
 CHARMM>    incr iatom by @nresatom
 Parameter: NRESATOM -> "24"
 Parameter: IATOM <- "2135"
  
 CHARMM>    incr icnt by 1
 Parameter: ICNT <- "2"
  
 CHARMM>    if icnt .le. @cntmax goto DOCARB
 Parameter: CNTMAX -> "9"
 Comparing "2" and "9".
 IF test evaluated as true.  Performing command
  
 CHARMM>       define YYY sele XXX .and. bynu @iatom:@natom end
 Parameter: IATOM -> "2135"
 Parameter: NATOM -> "23255"
 SELRPN>      8 atoms have been selected out of  23255
  
 CHARMM>       set segid = ?selsegi
 RDCMND substituted energy or value "?SELSEGI" to "CARA"
 Parameter: SEGID <- "CARA"
  
 CHARMM>       set resid = ?selresi
 RDCMND substituted energy or value "?SELRESI" to "2"
 Parameter: RESID <- "2"
  
 CHARMM>       set resn  = ?selresn
 RDCMND substituted energy or value "?SELRESN" to "AGLC"
 Parameter: RESN <- "AGLC"
  
 CHARMM>     
  
 CHARMM>       define JUNK sele segid @segid .and. resid @resid show end
 Parameter: SEGID -> "CARA"
 Parameter: RESID -> "2"
 The following atoms are currently set:
SEGId RESId RESName  .. TYPEs ..
 CARA     2        AGLC C1 H1 C5 H5 O5 C2 H2 N2 HN2 S2 OS22 OS23 OS24 C3 H3 O3 HO3 C4 H4 O4 C6 H61 H62 O6 HO6     
 SELRPN>     25 atoms have been selected out of  23255
  
 CHARMM>       set iatom = ?selatom
 RDCMND substituted energy or value "?SELATOM" to "2135"
 Parameter: IATOM <- "2135"
  
 CHARMM>       set nresatom = ?nsel
 RDCMND substituted energy or value "?NSEL" to "25"
 Parameter: NRESATOM <- "25"
  
 CHARMM>     
  
 CHARMM>       if nresatom .eq. 0 goto skipcarb
 Comparing "25" and "0".
 IF test evaluated as false.  Skipping command
  
 CHARMM>     
  
 CHARMM>       set issialic = no
 Parameter: ISSIALIC <- "NO"
  
 CHARMM>       set iskdo    = no
 Parameter: ISKDO <- "NO"
  
 CHARMM>       if resn .eq. ANE5AC set issialic = yes
 Comparing "AGLC" and "ANE5AC".
 IF test evaluated as false.  Skipping command
  
 CHARMM>       if resn .eq. BNE5AC set issialic = yes
 Comparing "AGLC" and "BNE5AC".
 IF test evaluated as false.  Skipping command
  
 CHARMM>       if resn .eq. KDO    set iskdo    = yes
 Comparing "AGLC" and "KDO".
 IF test evaluated as false.  Skipping command
  
 CHARMM>     
  
 CHARMM>    !
 CHARMM>    ! Sialic acid chair conformation
 CHARMM>    !
 CHARMM>     
  
 CHARMM>       if issialic .eq. yes then
 Comparing "NO" and "YES".
 IF test evaluated as false.  Skip to ELSE or ENDIF
  
 CHARMM>     
  
 CHARMM>    !
 CHARMM>    ! KDO chair conformation
 CHARMM>    !
 CHARMM>     
  
 CHARMM>       if iskdo .eq. yes then
 Comparing "NO" and "YES".
 IF test evaluated as false.  Skip to ELSE or ENDIF
  
 CHARMM>     
  
 CHARMM>    !
 CHARMM>    ! Other sugar chair conformation
 CHARMM>    !
 CHARMM>     
  
 CHARMM>         define junk sele segid @segid .and. resid @resid .and. type C1 end
 Parameter: SEGID -> "CARA"
 Parameter: RESID -> "2"
 SELRPN>      1 atoms have been selected out of  23255
  
 CHARMM>          calc c1id = ?SELATOM - 1
 RDCMND substituted energy or value "?SELATOM" to "2135"
Evaluating: 2135-1
 Parameter: C1ID <- "2134"
  
 CHARMM>         define junk sele segid @segid .and. resid @resid .and. type C2 end
 Parameter: SEGID -> "CARA"
 Parameter: RESID -> "2"
 SELRPN>      1 atoms have been selected out of  23255
  
 CHARMM>          calc c2id = ?SELATOM - 1
 RDCMND substituted energy or value "?SELATOM" to "2140"
Evaluating: 2140-1
 Parameter: C2ID <- "2139"
  
 CHARMM>         define junk sele segid @segid .and. resid @resid .and. type C3 end
 Parameter: SEGID -> "CARA"
 Parameter: RESID -> "2"
 SELRPN>      1 atoms have been selected out of  23255
  
 CHARMM>          calc c3id = ?SELATOM - 1
 RDCMND substituted energy or value "?SELATOM" to "2148"
Evaluating: 2148-1
 Parameter: C3ID <- "2147"
  
 CHARMM>         define junk sele segid @segid .and. resid @resid .and. type C4 end
 Parameter: SEGID -> "CARA"
 Parameter: RESID -> "2"
 SELRPN>      1 atoms have been selected out of  23255
  
 CHARMM>          calc c4id = ?SELATOM - 1
 RDCMND substituted energy or value "?SELATOM" to "2152"
Evaluating: 2152-1
 Parameter: C4ID <- "2151"
  
 CHARMM>         define junk sele segid @segid .and. resid @resid .and. type C5 end
 Parameter: SEGID -> "CARA"
 Parameter: RESID -> "2"
 SELRPN>      1 atoms have been selected out of  23255
  
 CHARMM>          calc c5id = ?SELATOM - 1
 RDCMND substituted energy or value "?SELATOM" to "2137"
Evaluating: 2137-1
 Parameter: C5ID <- "2136"
  
 CHARMM>         define junk sele segid @segid .and. resid @resid .and. type O5 end
 Parameter: SEGID -> "CARA"
 Parameter: RESID -> "2"
 SELRPN>      1 atoms have been selected out of  23255
  
 CHARMM>          calc o5id = ?SELATOM - 1
 RDCMND substituted energy or value "?SELATOM" to "2139"
Evaluating: 2139-1
 Parameter: O5ID <- "2138"
  
 CHARMM>          write title unit 90
 RDTITL> * DIHEDRAL 2138 2134 2139 2147 $FC   60.0
 RDTITL> * DIHEDRAL 2134 2139 2147 2151 $FC  -60.0
 RDTITL> * DIHEDRAL 2139 2147 2151 2136 $FC   60.0
 RDTITL> * DIHEDRAL 2147 2151 2136 2138 $FC  -60.0
 RDTITL> * DIHEDRAL 2151 2136 2138 2134 $FC   60.0
 RDTITL> * DIHEDRAL 2136 2138 2134 2139 $FC  -60.0
 RDTITL> *
  
 CHARMM>       label donext
  
 CHARMM>     
  
 CHARMM>    incr iatom by @nresatom
 Parameter: NRESATOM -> "25"
 Parameter: IATOM <- "2160"
  
 CHARMM>    incr icnt by 1
 Parameter: ICNT <- "3"
  
 CHARMM>    if icnt .le. @cntmax goto DOCARB
 Parameter: CNTMAX -> "9"
 Comparing "3" and "9".
 IF test evaluated as true.  Performing command
  
 CHARMM>       define YYY sele XXX .and. bynu @iatom:@natom end
 Parameter: IATOM -> "2160"
 Parameter: NATOM -> "23255"
 SELRPN>      6 atoms have been selected out of  23255
  
 CHARMM>       set segid = ?selsegi
 RDCMND substituted energy or value "?SELSEGI" to "CARA"
 Parameter: SEGID <- "CARA"
  
 CHARMM>       set resid = ?selresi
 RDCMND substituted energy or value "?SELRESI" to "3"
 Parameter: RESID <- "3"
  
 CHARMM>       set resn  = ?selresn
 RDCMND substituted energy or value "?SELRESN" to "AIDOA"
 Parameter: RESN <- "AIDOA"
  
 CHARMM>     
  
 CHARMM>       define JUNK sele segid @segid .and. resid @resid show end
 Parameter: SEGID -> "CARA"
 Parameter: RESID -> "3"
 The following atoms are currently set:
SEGId RESId RESName  .. TYPEs ..
 CARA     3        AIDOA C1 H1 C5 H5 O5 C2 H2 O2 HO2 C3 H3 O3 HO3 C4 H4 O4 C6 O61 O62     
 SELRPN>     19 atoms have been selected out of  23255
  
 CHARMM>       set iatom = ?selatom
 RDCMND substituted energy or value "?SELATOM" to "2160"
 Parameter: IATOM <- "2160"
  
 CHARMM>       set nresatom = ?nsel
 RDCMND substituted energy or value "?NSEL" to "19"
 Parameter: NRESATOM <- "19"
  
 CHARMM>     
  
 CHARMM>       if nresatom .eq. 0 goto skipcarb
 Comparing "19" and "0".
 IF test evaluated as false.  Skipping command
  
 CHARMM>     
  
 CHARMM>       set issialic = no
 Parameter: ISSIALIC <- "NO"
  
 CHARMM>       set iskdo    = no
 Parameter: ISKDO <- "NO"
  
 CHARMM>       if resn .eq. ANE5AC set issialic = yes
 Comparing "AIDOA" and "ANE5AC".
 IF test evaluated as false.  Skipping command
  
 CHARMM>       if resn .eq. BNE5AC set issialic = yes
 Comparing "AIDOA" and "BNE5AC".
 IF test evaluated as false.  Skipping command
  
 CHARMM>       if resn .eq. KDO    set iskdo    = yes
 Comparing "AIDOA" and "KDO".
 IF test evaluated as false.  Skipping command
  
 CHARMM>     
  
 CHARMM>    !
 CHARMM>    ! Sialic acid chair conformation
 CHARMM>    !
 CHARMM>     
  
 CHARMM>       if issialic .eq. yes then
 Comparing "NO" and "YES".
 IF test evaluated as false.  Skip to ELSE or ENDIF
  
 CHARMM>     
  
 CHARMM>    !
 CHARMM>    ! KDO chair conformation
 CHARMM>    !
 CHARMM>     
  
 CHARMM>       if iskdo .eq. yes then
 Comparing "NO" and "YES".
 IF test evaluated as false.  Skip to ELSE or ENDIF
  
 CHARMM>     
  
 CHARMM>    !
 CHARMM>    ! Other sugar chair conformation
 CHARMM>    !
 CHARMM>     
  
 CHARMM>         define junk sele segid @segid .and. resid @resid .and. type C1 end
 Parameter: SEGID -> "CARA"
 Parameter: RESID -> "3"
 SELRPN>      1 atoms have been selected out of  23255
  
 CHARMM>          calc c1id = ?SELATOM - 1
 RDCMND substituted energy or value "?SELATOM" to "2160"
Evaluating: 2160-1
 Parameter: C1ID <- "2159"
  
 CHARMM>         define junk sele segid @segid .and. resid @resid .and. type C2 end
 Parameter: SEGID -> "CARA"
 Parameter: RESID -> "3"
 SELRPN>      1 atoms have been selected out of  23255
  
 CHARMM>          calc c2id = ?SELATOM - 1
 RDCMND substituted energy or value "?SELATOM" to "2165"
Evaluating: 2165-1
 Parameter: C2ID <- "2164"
  
 CHARMM>         define junk sele segid @segid .and. resid @resid .and. type C3 end
 Parameter: SEGID -> "CARA"
 Parameter: RESID -> "3"
 SELRPN>      1 atoms have been selected out of  23255
  
 CHARMM>          calc c3id = ?SELATOM - 1
 RDCMND substituted energy or value "?SELATOM" to "2169"
Evaluating: 2169-1
 Parameter: C3ID <- "2168"
  
 CHARMM>         define junk sele segid @segid .and. resid @resid .and. type C4 end
 Parameter: SEGID -> "CARA"
 Parameter: RESID -> "3"
 SELRPN>      1 atoms have been selected out of  23255
  
 CHARMM>          calc c4id = ?SELATOM - 1
 RDCMND substituted energy or value "?SELATOM" to "2173"
Evaluating: 2173-1
 Parameter: C4ID <- "2172"
  
 CHARMM>         define junk sele segid @segid .and. resid @resid .and. type C5 end
 Parameter: SEGID -> "CARA"
 Parameter: RESID -> "3"
 SELRPN>      1 atoms have been selected out of  23255
  
 CHARMM>          calc c5id = ?SELATOM - 1
 RDCMND substituted energy or value "?SELATOM" to "2162"
Evaluating: 2162-1
 Parameter: C5ID <- "2161"
  
 CHARMM>         define junk sele segid @segid .and. resid @resid .and. type O5 end
 Parameter: SEGID -> "CARA"
 Parameter: RESID -> "3"
 SELRPN>      1 atoms have been selected out of  23255
  
 CHARMM>          calc o5id = ?SELATOM - 1
 RDCMND substituted energy or value "?SELATOM" to "2164"
Evaluating: 2164-1
 Parameter: O5ID <- "2163"
  
 CHARMM>          write title unit 90
 RDTITL> * DIHEDRAL 2163 2159 2164 2168 $FC   60.0
 RDTITL> * DIHEDRAL 2159 2164 2168 2172 $FC  -60.0
 RDTITL> * DIHEDRAL 2164 2168 2172 2161 $FC   60.0
 RDTITL> * DIHEDRAL 2168 2172 2161 2163 $FC  -60.0
 RDTITL> * DIHEDRAL 2172 2161 2163 2159 $FC   60.0
 RDTITL> * DIHEDRAL 2161 2163 2159 2164 $FC  -60.0
 RDTITL> *
  
 CHARMM>       label donext
  
 CHARMM>     
  
 CHARMM>    incr iatom by @nresatom
 Parameter: NRESATOM -> "19"
 Parameter: IATOM <- "2179"
  
 CHARMM>    incr icnt by 1
 Parameter: ICNT <- "4"
  
 CHARMM>    if icnt .le. @cntmax goto DOCARB
 Parameter: CNTMAX -> "9"
 Comparing "4" and "9".
 IF test evaluated as true.  Performing command
  
 CHARMM>       define YYY sele XXX .and. bynu @iatom:@natom end
 Parameter: IATOM -> "2179"
 Parameter: NATOM -> "23255"
 SELRPN>      5 atoms have been selected out of  23255
  
 CHARMM>       set segid = ?selsegi
 RDCMND substituted energy or value "?SELSEGI" to "CARA"
 Parameter: SEGID <- "CARA"
  
 CHARMM>       set resid = ?selresi
 RDCMND substituted energy or value "?SELRESI" to "4"
 Parameter: RESID <- "4"
  
 CHARMM>       set resn  = ?selresn
 RDCMND substituted energy or value "?SELRESN" to "AGLCNA"
 Parameter: RESN <- "AGLCNA"
  
 CHARMM>     
  
 CHARMM>       define JUNK sele segid @segid .and. resid @resid show end
 Parameter: SEGID -> "CARA"
 Parameter: RESID -> "4"
 The following atoms are currently set:
SEGId RESId RESName  .. TYPEs ..
 CARA     4        AGLCNA C1 H1 C5 H5 O5 C2 H2 N HN C O CT HT1 HT2 HT3 C3 H3 O3 HO3 C4 H4 O4 C6 H61 H62 O6 S6 OS62 OS63 OS64    
 SELRPN>     30 atoms have been selected out of  23255
  
 CHARMM>       set iatom = ?selatom
 RDCMND substituted energy or value "?SELATOM" to "2179"
 Parameter: IATOM <- "2179"
  
 CHARMM>       set nresatom = ?nsel
 RDCMND substituted energy or value "?NSEL" to "30"
 Parameter: NRESATOM <- "30"
  
 CHARMM>     
  
 CHARMM>       if nresatom .eq. 0 goto skipcarb
 Comparing "30" and "0".
 IF test evaluated as false.  Skipping command
  
 CHARMM>     
  
 CHARMM>       set issialic = no
 Parameter: ISSIALIC <- "NO"
  
 CHARMM>       set iskdo    = no
 Parameter: ISKDO <- "NO"
  
 CHARMM>       if resn .eq. ANE5AC set issialic = yes
 Comparing "AGLCNA" and "ANE5AC".
 IF test evaluated as false.  Skipping command
  
 CHARMM>       if resn .eq. BNE5AC set issialic = yes
 Comparing "AGLCNA" and "BNE5AC".
 IF test evaluated as false.  Skipping command
  
 CHARMM>       if resn .eq. KDO    set iskdo    = yes
 Comparing "AGLCNA" and "KDO".
 IF test evaluated as false.  Skipping command
  
 CHARMM>     
  
 CHARMM>    !
 CHARMM>    ! Sialic acid chair conformation
 CHARMM>    !
 CHARMM>     
  
 CHARMM>       if issialic .eq. yes then
 Comparing "NO" and "YES".
 IF test evaluated as false.  Skip to ELSE or ENDIF
  
 CHARMM>     
  
 CHARMM>    !
 CHARMM>    ! KDO chair conformation
 CHARMM>    !
 CHARMM>     
  
 CHARMM>       if iskdo .eq. yes then
 Comparing "NO" and "YES".
 IF test evaluated as false.  Skip to ELSE or ENDIF
  
 CHARMM>     
  
 CHARMM>    !
 CHARMM>    ! Other sugar chair conformation
 CHARMM>    !
 CHARMM>     
  
 CHARMM>         define junk sele segid @segid .and. resid @resid .and. type C1 end
 Parameter: SEGID -> "CARA"
 Parameter: RESID -> "4"
 SELRPN>      1 atoms have been selected out of  23255
  
 CHARMM>          calc c1id = ?SELATOM - 1
 RDCMND substituted energy or value "?SELATOM" to "2179"
Evaluating: 2179-1
 Parameter: C1ID <- "2178"
  
 CHARMM>         define junk sele segid @segid .and. resid @resid .and. type C2 end
 Parameter: SEGID -> "CARA"
 Parameter: RESID -> "4"
 SELRPN>      1 atoms have been selected out of  23255
  
 CHARMM>          calc c2id = ?SELATOM - 1
 RDCMND substituted energy or value "?SELATOM" to "2184"
Evaluating: 2184-1
 Parameter: C2ID <- "2183"
  
 CHARMM>         define junk sele segid @segid .and. resid @resid .and. type C3 end
 Parameter: SEGID -> "CARA"
 Parameter: RESID -> "4"
 SELRPN>      1 atoms have been selected out of  23255
  
 CHARMM>          calc c3id = ?SELATOM - 1
 RDCMND substituted energy or value "?SELATOM" to "2194"
Evaluating: 2194-1
 Parameter: C3ID <- "2193"
  
 CHARMM>         define junk sele segid @segid .and. resid @resid .and. type C4 end
 Parameter: SEGID -> "CARA"
 Parameter: RESID -> "4"
 SELRPN>      1 atoms have been selected out of  23255
  
 CHARMM>          calc c4id = ?SELATOM - 1
 RDCMND substituted energy or value "?SELATOM" to "2198"
Evaluating: 2198-1
 Parameter: C4ID <- "2197"
  
 CHARMM>         define junk sele segid @segid .and. resid @resid .and. type C5 end
 Parameter: SEGID -> "CARA"
 Parameter: RESID -> "4"
 SELRPN>      1 atoms have been selected out of  23255
  
 CHARMM>          calc c5id = ?SELATOM - 1
 RDCMND substituted energy or value "?SELATOM" to "2181"
Evaluating: 2181-1
 Parameter: C5ID <- "2180"
  
 CHARMM>         define junk sele segid @segid .and. resid @resid .and. type O5 end
 Parameter: SEGID -> "CARA"
 Parameter: RESID -> "4"
 SELRPN>      1 atoms have been selected out of  23255
  
 CHARMM>          calc o5id = ?SELATOM - 1
 RDCMND substituted energy or value "?SELATOM" to "2183"
Evaluating: 2183-1
 Parameter: O5ID <- "2182"
  
 CHARMM>          write title unit 90
 RDTITL> * DIHEDRAL 2182 2178 2183 2193 $FC   60.0
 RDTITL> * DIHEDRAL 2178 2183 2193 2197 $FC  -60.0
 RDTITL> * DIHEDRAL 2183 2193 2197 2180 $FC   60.0
 RDTITL> * DIHEDRAL 2193 2197 2180 2182 $FC  -60.0
 RDTITL> * DIHEDRAL 2197 2180 2182 2178 $FC   60.0
 RDTITL> * DIHEDRAL 2180 2182 2178 2183 $FC  -60.0
 RDTITL> *
  
 CHARMM>       label donext
  
 CHARMM>     
  
 CHARMM>    incr iatom by @nresatom
 Parameter: NRESATOM -> "30"
 Parameter: IATOM <- "2209"
  
 CHARMM>    incr icnt by 1
 Parameter: ICNT <- "5"
  
 CHARMM>    if icnt .le. @cntmax goto DOCARB
 Parameter: CNTMAX -> "9"
 Comparing "5" and "9".
 IF test evaluated as true.  Performing command
  
 CHARMM>       define YYY sele XXX .and. bynu @iatom:@natom end
 Parameter: IATOM -> "2209"
 Parameter: NATOM -> "23255"
 SELRPN>      3 atoms have been selected out of  23255
  
 CHARMM>       set segid = ?selsegi
 RDCMND substituted energy or value "?SELSEGI" to "CARA"
 Parameter: SEGID <- "CARA"
  
 CHARMM>       set resid = ?selresi
 RDCMND substituted energy or value "?SELRESI" to "5"
 Parameter: RESID <- "5"
  
 CHARMM>       set resn  = ?selresn
 RDCMND substituted energy or value "?SELRESN" to "AIDOA"
 Parameter: RESN <- "AIDOA"
  
 CHARMM>     
  
 CHARMM>       define JUNK sele segid @segid .and. resid @resid show end
 Parameter: SEGID -> "CARA"
 Parameter: RESID -> "5"
 The following atoms are currently set:
SEGId RESId RESName  .. TYPEs ..
 CARA     5        AIDOA C1 H1 C5 H5 O5 C2 H2 O2 S2 OS22 OS23 OS24 C3 H3 O3 HO3 C4 H4 O4 C6 O61 O62     
 SELRPN>     22 atoms have been selected out of  23255
  
 CHARMM>       set iatom = ?selatom
 RDCMND substituted energy or value "?SELATOM" to "2209"
 Parameter: IATOM <- "2209"
  
 CHARMM>       set nresatom = ?nsel
 RDCMND substituted energy or value "?NSEL" to "22"
 Parameter: NRESATOM <- "22"
  
 CHARMM>     
  
 CHARMM>       if nresatom .eq. 0 goto skipcarb
 Comparing "22" and "0".
 IF test evaluated as false.  Skipping command
  
 CHARMM>     
  
 CHARMM>       set issialic = no
 Parameter: ISSIALIC <- "NO"
  
 CHARMM>       set iskdo    = no
 Parameter: ISKDO <- "NO"
  
 CHARMM>       if resn .eq. ANE5AC set issialic = yes
 Comparing "AIDOA" and "ANE5AC".
 IF test evaluated as false.  Skipping command
  
 CHARMM>       if resn .eq. BNE5AC set issialic = yes
 Comparing "AIDOA" and "BNE5AC".
 IF test evaluated as false.  Skipping command
  
 CHARMM>       if resn .eq. KDO    set iskdo    = yes
 Comparing "AIDOA" and "KDO".
 IF test evaluated as false.  Skipping command
  
 CHARMM>     
  
 CHARMM>    !
 CHARMM>    ! Sialic acid chair conformation
 CHARMM>    !
 CHARMM>     
  
 CHARMM>       if issialic .eq. yes then
 Comparing "NO" and "YES".
 IF test evaluated as false.  Skip to ELSE or ENDIF
  
 CHARMM>     
  
 CHARMM>    !
 CHARMM>    ! KDO chair conformation
 CHARMM>    !
 CHARMM>     
  
 CHARMM>       if iskdo .eq. yes then
 Comparing "NO" and "YES".
 IF test evaluated as false.  Skip to ELSE or ENDIF
  
 CHARMM>     
  
 CHARMM>    !
 CHARMM>    ! Other sugar chair conformation
 CHARMM>    !
 CHARMM>     
  
 CHARMM>         define junk sele segid @segid .and. resid @resid .and. type C1 end
 Parameter: SEGID -> "CARA"
 Parameter: RESID -> "5"
 SELRPN>      1 atoms have been selected out of  23255
  
 CHARMM>          calc c1id = ?SELATOM - 1
 RDCMND substituted energy or value "?SELATOM" to "2209"
Evaluating: 2209-1
 Parameter: C1ID <- "2208"
  
 CHARMM>         define junk sele segid @segid .and. resid @resid .and. type C2 end
 Parameter: SEGID -> "CARA"
 Parameter: RESID -> "5"
 SELRPN>      1 atoms have been selected out of  23255
  
 CHARMM>          calc c2id = ?SELATOM - 1
 RDCMND substituted energy or value "?SELATOM" to "2214"
Evaluating: 2214-1
 Parameter: C2ID <- "2213"
  
 CHARMM>         define junk sele segid @segid .and. resid @resid .and. type C3 end
 Parameter: SEGID -> "CARA"
 Parameter: RESID -> "5"
 SELRPN>      1 atoms have been selected out of  23255
  
 CHARMM>          calc c3id = ?SELATOM - 1
 RDCMND substituted energy or value "?SELATOM" to "2221"
Evaluating: 2221-1
 Parameter: C3ID <- "2220"
  
 CHARMM>         define junk sele segid @segid .and. resid @resid .and. type C4 end
 Parameter: SEGID -> "CARA"
 Parameter: RESID -> "5"
 SELRPN>      1 atoms have been selected out of  23255
  
 CHARMM>          calc c4id = ?SELATOM - 1
 RDCMND substituted energy or value "?SELATOM" to "2225"
Evaluating: 2225-1
 Parameter: C4ID <- "2224"
  
 CHARMM>         define junk sele segid @segid .and. resid @resid .and. type C5 end
 Parameter: SEGID -> "CARA"
 Parameter: RESID -> "5"
 SELRPN>      1 atoms have been selected out of  23255
  
 CHARMM>          calc c5id = ?SELATOM - 1
 RDCMND substituted energy or value "?SELATOM" to "2211"
Evaluating: 2211-1
 Parameter: C5ID <- "2210"
  
 CHARMM>         define junk sele segid @segid .and. resid @resid .and. type O5 end
 Parameter: SEGID -> "CARA"
 Parameter: RESID -> "5"
 SELRPN>      1 atoms have been selected out of  23255
  
 CHARMM>          calc o5id = ?SELATOM - 1
 RDCMND substituted energy or value "?SELATOM" to "2213"
Evaluating: 2213-1
 Parameter: O5ID <- "2212"
  
 CHARMM>          write title unit 90
 RDTITL> * DIHEDRAL 2212 2208 2213 2220 $FC   60.0
 RDTITL> * DIHEDRAL 2208 2213 2220 2224 $FC  -60.0
 RDTITL> * DIHEDRAL 2213 2220 2224 2210 $FC   60.0
 RDTITL> * DIHEDRAL 2220 2224 2210 2212 $FC  -60.0
 RDTITL> * DIHEDRAL 2224 2210 2212 2208 $FC   60.0
 RDTITL> * DIHEDRAL 2210 2212 2208 2213 $FC  -60.0
 RDTITL> *
  
 CHARMM>       label donext
  
 CHARMM>     
  
 CHARMM>    incr iatom by @nresatom
 Parameter: NRESATOM -> "22"
 Parameter: IATOM <- "2231"
  
 CHARMM>    incr icnt by 1
 Parameter: ICNT <- "6"
  
 CHARMM>    if icnt .le. @cntmax goto DOCARB
 Parameter: CNTMAX -> "9"
 Comparing "6" and "9".
 IF test evaluated as true.  Performing command
  
 CHARMM>       define YYY sele XXX .and. bynu @iatom:@natom end
 Parameter: IATOM -> "2231"
 Parameter: NATOM -> "23255"
 SELRPN>      2 atoms have been selected out of  23255
  
 CHARMM>       set segid = ?selsegi
 RDCMND substituted energy or value "?SELSEGI" to "CARA"
 Parameter: SEGID <- "CARA"
  
 CHARMM>       set resid = ?selresi
 RDCMND substituted energy or value "?SELRESI" to "6"
 Parameter: RESID <- "6"
  
 CHARMM>       set resn  = ?selresn
 RDCMND substituted energy or value "?SELRESN" to "AGLC"
 Parameter: RESN <- "AGLC"
  
 CHARMM>     
  
 CHARMM>       define JUNK sele segid @segid .and. resid @resid show end
 Parameter: SEGID -> "CARA"
 Parameter: RESID -> "6"
 The following atoms are currently set:
SEGId RESId RESName  .. TYPEs ..
 CARA     6        AGLC C1 H1 C5 H5 O5 C2 H2 N2 HN2 S2 OS22 OS23 OS24 C3 H3 O3 HO3 C4 H4 O4 HO4 C6 H61 H62 O6 HO6     
 SELRPN>     26 atoms have been selected out of  23255
  
 CHARMM>       set iatom = ?selatom
 RDCMND substituted energy or value "?SELATOM" to "2231"
 Parameter: IATOM <- "2231"
  
 CHARMM>       set nresatom = ?nsel
 RDCMND substituted energy or value "?NSEL" to "26"
 Parameter: NRESATOM <- "26"
  
 CHARMM>     
  
 CHARMM>       if nresatom .eq. 0 goto skipcarb
 Comparing "26" and "0".
 IF test evaluated as false.  Skipping command
  
 CHARMM>     
  
 CHARMM>       set issialic = no
 Parameter: ISSIALIC <- "NO"
  
 CHARMM>       set iskdo    = no
 Parameter: ISKDO <- "NO"
  
 CHARMM>       if resn .eq. ANE5AC set issialic = yes
 Comparing "AGLC" and "ANE5AC".
 IF test evaluated as false.  Skipping command
  
 CHARMM>       if resn .eq. BNE5AC set issialic = yes
 Comparing "AGLC" and "BNE5AC".
 IF test evaluated as false.  Skipping command
  
 CHARMM>       if resn .eq. KDO    set iskdo    = yes
 Comparing "AGLC" and "KDO".
 IF test evaluated as false.  Skipping command
  
 CHARMM>     
  
 CHARMM>    !
 CHARMM>    ! Sialic acid chair conformation
 CHARMM>    !
 CHARMM>     
  
 CHARMM>       if issialic .eq. yes then
 Comparing "NO" and "YES".
 IF test evaluated as false.  Skip to ELSE or ENDIF
  
 CHARMM>     
  
 CHARMM>    !
 CHARMM>    ! KDO chair conformation
 CHARMM>    !
 CHARMM>     
  
 CHARMM>       if iskdo .eq. yes then
 Comparing "NO" and "YES".
 IF test evaluated as false.  Skip to ELSE or ENDIF
  
 CHARMM>     
  
 CHARMM>    !
 CHARMM>    ! Other sugar chair conformation
 CHARMM>    !
 CHARMM>     
  
 CHARMM>         define junk sele segid @segid .and. resid @resid .and. type C1 end
 Parameter: SEGID -> "CARA"
 Parameter: RESID -> "6"
 SELRPN>      1 atoms have been selected out of  23255
  
 CHARMM>          calc c1id = ?SELATOM - 1
 RDCMND substituted energy or value "?SELATOM" to "2231"
Evaluating: 2231-1
 Parameter: C1ID <- "2230"
  
 CHARMM>         define junk sele segid @segid .and. resid @resid .and. type C2 end
 Parameter: SEGID -> "CARA"
 Parameter: RESID -> "6"
 SELRPN>      1 atoms have been selected out of  23255
  
 CHARMM>          calc c2id = ?SELATOM - 1
 RDCMND substituted energy or value "?SELATOM" to "2236"
Evaluating: 2236-1
 Parameter: C2ID <- "2235"
  
 CHARMM>         define junk sele segid @segid .and. resid @resid .and. type C3 end
 Parameter: SEGID -> "CARA"
 Parameter: RESID -> "6"
 SELRPN>      1 atoms have been selected out of  23255
  
 CHARMM>          calc c3id = ?SELATOM - 1
 RDCMND substituted energy or value "?SELATOM" to "2244"
Evaluating: 2244-1
 Parameter: C3ID <- "2243"
  
 CHARMM>         define junk sele segid @segid .and. resid @resid .and. type C4 end
 Parameter: SEGID -> "CARA"
 Parameter: RESID -> "6"
 SELRPN>      1 atoms have been selected out of  23255
  
 CHARMM>          calc c4id = ?SELATOM - 1
 RDCMND substituted energy or value "?SELATOM" to "2248"
Evaluating: 2248-1
 Parameter: C4ID <- "2247"
  
 CHARMM>         define junk sele segid @segid .and. resid @resid .and. type C5 end
 Parameter: SEGID -> "CARA"
 Parameter: RESID -> "6"
 SELRPN>      1 atoms have been selected out of  23255
  
 CHARMM>          calc c5id = ?SELATOM - 1
 RDCMND substituted energy or value "?SELATOM" to "2233"
Evaluating: 2233-1
 Parameter: C5ID <- "2232"
  
 CHARMM>         define junk sele segid @segid .and. resid @resid .and. type O5 end
 Parameter: SEGID -> "CARA"
 Parameter: RESID -> "6"
 SELRPN>      1 atoms have been selected out of  23255
  
 CHARMM>          calc o5id = ?SELATOM - 1
 RDCMND substituted energy or value "?SELATOM" to "2235"
Evaluating: 2235-1
 Parameter: O5ID <- "2234"
  
 CHARMM>          write title unit 90
 RDTITL> * DIHEDRAL 2234 2230 2235 2243 $FC   60.0
 RDTITL> * DIHEDRAL 2230 2235 2243 2247 $FC  -60.0
 RDTITL> * DIHEDRAL 2235 2243 2247 2232 $FC   60.0
 RDTITL> * DIHEDRAL 2243 2247 2232 2234 $FC  -60.0
 RDTITL> * DIHEDRAL 2247 2232 2234 2230 $FC   60.0
 RDTITL> * DIHEDRAL 2232 2234 2230 2235 $FC  -60.0
 RDTITL> *
  
 CHARMM>       label donext
  
 CHARMM>     
  
 CHARMM>    incr iatom by @nresatom
 Parameter: NRESATOM -> "26"
 Parameter: IATOM <- "2257"
  
 CHARMM>    incr icnt by 1
 Parameter: ICNT <- "7"
  
 CHARMM>    if icnt .le. @cntmax goto DOCARB
 Parameter: CNTMAX -> "9"
 Comparing "7" and "9".
 IF test evaluated as true.  Performing command
  
 CHARMM>       define YYY sele XXX .and. bynu @iatom:@natom end
 Parameter: IATOM -> "2257"
 Parameter: NATOM -> "23255"
 SELRPN>      0 atoms have been selected out of  23255
  
 CHARMM>       set segid = ?selsegi
 RDCMND substituted energy or value "?SELSEGI" to "NONE"
 Parameter: SEGID <- "NONE"
  
 CHARMM>       set resid = ?selresi
 RDCMND substituted energy or value "?SELRESI" to "NONE"
 Parameter: RESID <- "NONE"
  
 CHARMM>       set resn  = ?selresn
 RDCMND substituted energy or value "?SELRESN" to "NONE"
 Parameter: RESN <- "NONE"
  
 CHARMM>     
  
 CHARMM>       define JUNK sele segid @segid .and. resid @resid show end
 Parameter: SEGID -> "NONE"
 Parameter: RESID -> "NONE"
 The following atoms are currently set:
SEGId RESId RESName  .. TYPEs ..
 SELRPN>      0 atoms have been selected out of  23255
  
 CHARMM>       set iatom = ?selatom
 RDCMND substituted energy or value "?SELATOM" to "0"
 Parameter: IATOM <- "0"
  
 CHARMM>       set nresatom = ?nsel
 RDCMND substituted energy or value "?NSEL" to "0"
 Parameter: NRESATOM <- "0"
  
 CHARMM>     
  
 CHARMM>       if nresatom .eq. 0 goto skipcarb
 Comparing "0" and "0".
 IF test evaluated as true.  Performing command
  
 VCLOSE: Closing unit   99 with status "KEEP"

                    RETURNING TO INPUT STREAM     5
  
 CHARMM>    system "mkdir -p namd/toppar"
Invoking: mkdir -p namd/toppar
  
 CHARMM>    system "python convert_par2namd.py toppar.str toppar/"
Invoking: python convert_par2namd.py toppar.str toppar/
  
 CHARMM>     
  
 CHARMM>    stop
 VCLOSE: Closing unit   10 with status "KEEP"
 VCLOSE: Closing unit   20 with status "KEEP"
 VCLOSE: Closing unit   90 with status "KEEP"
$$$$$$  New timer profile $$$$$
 Total time                      4.66 Other:            0.00

                    NORMAL TERMINATION BY NORMAL STOP
                    MOST SEVERE WARNING WAS AT LEVEL  1

                    $$$$$ JOB ACCOUNTING INFORMATION $$$$$
                     ELAPSED TIME:     4.66  SECONDS 
                         CPU TIME:     4.54  SECONDS 
